<?xml version="1.0" encoding="utf-8"?>
<!DOCTYPE coverage SYSTEM "http://cobertura.sourceforge.net/xml/coverage-04.dtd">
<coverage line-rate="0.92059748427673" branch-rate="0.5625" lines-covered="1171" lines-valid="1272" branches-covered="90" branches-valid="160" complexity="257" version="0" timestamp="1710167667">
  <sources>
    <source>C:\Users\Lavanth\</source>
  </sources>
  <packages>
    <package name="Cozy_Haven" line-rate="0.851612903225806" branch-rate="0.5625" complexity="175">
      <classes>
        <class name="Cozy_Haven.Services.BookingService" filename="C:\Users\Lavanth\Desktop\Training\Integration\CozyHavenProject-main\Cozy_Haven\Services\BookingService.cs" line-rate="0.830769230769231" branch-rate="0.636363636363636" complexity="66">
          <methods>
            <method name="CalculateTotalPrice" signature="(...)" line-rate="0.6" branch-rate="0.5625" complexity="16">
              <lines>
                <line number="257" hits="2" branch="false" />
                <line number="259" hits="2" branch="false" />
                <line number="260" hits="2" branch="true" condition-coverage="50% (1/2)" />
                <line number="261" hits="0" branch="false" />
                <line number="262" hits="0" branch="false" />
                <line number="266" hits="2" branch="true" condition-coverage="50% (3/6)" />
                <line number="269" hits="0" branch="false" />
                <line number="270" hits="0" branch="false" />
                <line number="272" hits="0" branch="false" />
                <line number="273" hits="0" branch="false" />
                <line number="275" hits="0" branch="false" />
                <line number="276" hits="0" branch="false" />
                <line number="278" hits="2" branch="false" />
                <line number="282" hits="2" branch="false" />
                <line number="284" hits="2" branch="false" />
                <line number="285" hits="2" branch="false" />
                <line number="287" hits="2" branch="true" condition-coverage="100% (2/2)" />
                <line number="288" hits="1" branch="false" />
                <line number="289" hits="1" branch="false" />
                <line number="291" hits="1" branch="false" />
                <line number="293" hits="1" branch="true" condition-coverage="50% (3/6)" />
                <line number="294" hits="0" branch="false" />
                <line number="295" hits="0" branch="false" />
                <line number="296" hits="0" branch="false" />
                <line number="297" hits="0" branch="false" />
                <line number="298" hits="1" branch="false" />
                <line number="300" hits="2" branch="false" />
                <line number="301" hits="2" branch="false" />
                <line number="303" hits="2" branch="false" />
                <line number="304" hits="2" branch="false" />
              </lines>
            </method>
            <method name=".ctor" signature="(...)" line-rate="1" branch-rate="1" complexity="1">
              <lines>
                <line number="22" hits="18" branch="false" />
                <line number="23" hits="18" branch="false" />
                <line number="24" hits="18" branch="false" />
                <line number="25" hits="18" branch="false" />
                <line number="26" hits="18" branch="false" />
                <line number="27" hits="18" branch="false" />
                <line number="28" hits="18" branch="false" />
                <line number="29" hits="18" branch="false" />
                <line number="30" hits="18" branch="false" />
                <line number="31" hits="18" branch="false" />
                <line number="32" hits="18" branch="false" />
                <line number="34" hits="18" branch="false" />
              </lines>
            </method>
            <method name="AddBooking" signature="()" line-rate="0.736842105263158" branch-rate="0.5" complexity="10">
              <lines>
                <line number="202" hits="1" branch="false" />
                <line number="203" hits="1" branch="false" />
                <line number="204" hits="1" branch="false" />
                <line number="205" hits="1" branch="false" />
                <line number="206" hits="1" branch="true" condition-coverage="50% (1/2)" />
                <line number="207" hits="0" branch="false" />
                <line number="208" hits="0" branch="false" />
                <line number="211" hits="1" branch="false" />
                <line number="212" hits="1" branch="true" condition-coverage="50% (1/2)" />
                <line number="213" hits="0" branch="false" />
                <line number="214" hits="0" branch="false" />
                <line number="217" hits="1" branch="true" condition-coverage="50% (1/2)" />
                <line number="218" hits="0" branch="false" />
                <line number="219" hits="0" branch="false" />
                <line number="222" hits="1" branch="true" condition-coverage="50% (1/2)" />
                <line number="223" hits="0" branch="false" />
                <line number="224" hits="0" branch="false" />
                <line number="227" hits="1" branch="false" />
                <line number="228" hits="1" branch="true" condition-coverage="50% (1/2)" />
                <line number="229" hits="0" branch="false" />
                <line number="230" hits="0" branch="false" />
                <line number="238" hits="1" branch="false" />
                <line number="239" hits="1" branch="false" />
                <line number="240" hits="1" branch="false" />
                <line number="241" hits="1" branch="false" />
                <line number="242" hits="1" branch="false" />
                <line number="243" hits="1" branch="false" />
                <line number="244" hits="1" branch="false" />
                <line number="245" hits="1" branch="false" />
                <line number="246" hits="1" branch="false" />
                <line number="247" hits="1" branch="false" />
                <line number="248" hits="1" branch="false" />
                <line number="249" hits="1" branch="false" />
                <line number="250" hits="1" branch="false" />
                <line number="252" hits="1" branch="false" />
                <line number="253" hits="1" branch="false" />
                <line number="254" hits="1" branch="false" />
                <line number="255" hits="1" branch="false" />
              </lines>
            </method>
            <method name="DeleteBooking" signature="()" line-rate="0.888888888888889" branch-rate="0.5" complexity="2">
              <lines>
                <line number="37" hits="1" branch="false" />
                <line number="38" hits="1" branch="false" />
                <line number="39" hits="1" branch="false" />
                <line number="40" hits="1" branch="true" condition-coverage="50% (1/2)" />
                <line number="41" hits="1" branch="false" />
                <line number="42" hits="1" branch="false" />
                <line number="43" hits="1" branch="false" />
                <line number="45" hits="0" branch="false" />
                <line number="46" hits="1" branch="false" />
              </lines>
            </method>
            <method name="GetAllBookings" signature="()" line-rate="0.833333333333333" branch-rate="0.5" complexity="2">
              <lines>
                <line number="49" hits="9" branch="false" />
                <line number="50" hits="9" branch="false" />
                <line number="51" hits="9" branch="false" />
                <line number="52" hits="27" branch="true" condition-coverage="50% (1/2)" />
                <line number="53" hits="0" branch="false" />
                <line number="55" hits="9" branch="false" />
              </lines>
            </method>
            <method name="GetBooking" signature="()" line-rate="1" branch-rate="1" complexity="2">
              <lines>
                <line number="58" hits="4" branch="false" />
                <line number="59" hits="4" branch="false" />
                <line number="60" hits="4" branch="false" />
                <line number="61" hits="10" branch="true" condition-coverage="100% (2/2)" />
                <line number="62" hits="1" branch="false" />
                <line number="63" hits="3" branch="false" />
              </lines>
            </method>
            <method name="GetBookingsByRoomId" signature="()" line-rate="0.75" branch-rate="0.5" complexity="2">
              <lines>
                <line number="66" hits="3" branch="false" />
                <line number="67" hits="3" branch="false" />
                <line number="68" hits="3" branch="false" />
                <line number="69" hits="3" branch="true" condition-coverage="50% (1/2)" />
                <line number="70" hits="0" branch="false" />
                <line number="71" hits="0" branch="false" />
                <line number="74" hits="8" branch="false" />
                <line number="75" hits="3" branch="false" />
              </lines>
            </method>
            <method name="GetBookingsCount" signature="()" line-rate="1" branch-rate="1" complexity="1">
              <lines>
                <line number="121" hits="1" branch="false" />
                <line number="122" hits="1" branch="false" />
                <line number="123" hits="1" branch="false" />
                <line number="124" hits="1" branch="false" />
              </lines>
            </method>
            <method name="GetCancelledHotelBookings" signature="()" line-rate="1" branch-rate="0.5" complexity="1">
              <lines>
                <line number="368" hits="1" branch="false" />
                <line number="369" hits="1" branch="false" />
                <line number="370" hits="1" branch="false" />
                <line number="371" hits="6" branch="false" />
                <line number="373" hits="1" branch="false" />
                <line number="374" hits="4" branch="true" condition-coverage="50% (1/2)" />
                <line number="376" hits="1" branch="false" />
                <line number="377" hits="1" branch="false" />
              </lines>
            </method>
            <method name="GetHotelBookings" signature="()" line-rate="1" branch-rate="1" complexity="1">
              <lines>
                <line number="174" hits="1" branch="false" />
                <line number="175" hits="1" branch="false" />
                <line number="176" hits="1" branch="false" />
                <line number="177" hits="7" branch="false" />
                <line number="179" hits="1" branch="false" />
                <line number="180" hits="5" branch="false" />
                <line number="182" hits="1" branch="false" />
                <line number="183" hits="1" branch="false" />
              </lines>
            </method>
            <method name="GetHotelBookingsCount" signature="()" line-rate="1" branch-rate="1" complexity="1">
              <lines>
                <line number="430" hits="1" branch="false" />
                <line number="431" hits="1" branch="false" />
                <line number="432" hits="6" branch="false" />
                <line number="434" hits="1" branch="false" />
                <line number="435" hits="4" branch="false" />
                <line number="437" hits="1" branch="false" />
                <line number="438" hits="1" branch="false" />
              </lines>
            </method>
            <method name="GetHotelCollections" signature="()" line-rate="1" branch-rate="1" complexity="1">
              <lines>
                <line number="440" hits="1" branch="false" />
                <line number="441" hits="1" branch="false" />
                <line number="442" hits="6" branch="false" />
                <line number="444" hits="1" branch="false" />
                <line number="445" hits="4" branch="true" condition-coverage="100% (4/4)" />
                <line number="447" hits="3" branch="false" />
                <line number="449" hits="1" branch="false" />
                <line number="450" hits="1" branch="false" />
              </lines>
            </method>
            <method name="GetLineChartData" signature="()" line-rate="1" branch-rate="1" complexity="1">
              <lines>
                <line number="321" hits="1" branch="false" />
                <line number="322" hits="1" branch="false" />
                <line number="323" hits="1" branch="false" />
                <line number="324" hits="5" branch="false" />
                <line number="325" hits="3" branch="false" />
                <line number="326" hits="1" branch="false" />
                <line number="328" hits="1" branch="false" />
                <line number="329" hits="1" branch="false" />
              </lines>
            </method>
            <method name="GetTotalBookings" signature="()" line-rate="1" branch-rate="1" complexity="1">
              <lines>
                <line number="306" hits="1" branch="false" />
                <line number="307" hits="1" branch="false" />
                <line number="308" hits="1" branch="false" />
                <line number="309" hits="1" branch="false" />
              </lines>
            </method>
            <method name="GetTotalRevenue" signature="()" line-rate="1" branch-rate="0.75" complexity="2">
              <lines>
                <line number="311" hits="1" branch="false" />
                <line number="312" hits="1" branch="false" />
                <line number="313" hits="1" branch="true" condition-coverage="50% (1/2)" />
                <line number="315" hits="1" branch="false" />
                <line number="316" hits="4" branch="true" condition-coverage="100% (2/2)" />
                <line number="317" hits="3" branch="false" />
                <line number="318" hits="1" branch="false" />
                <line number="319" hits="1" branch="false" />
              </lines>
            </method>
            <method name="IsRoomAvailable" signature="()" line-rate="0.846153846153846" branch-rate="0.785714285714286" complexity="14">
              <lines>
                <line number="185" hits="2" branch="false" />
                <line number="186" hits="2" branch="false" />
                <line number="187" hits="2" branch="false" />
                <line number="188" hits="10" branch="true" condition-coverage="100% (2/2)" />
                <line number="189" hits="2" branch="false" />
                <line number="190" hits="2" branch="true" condition-coverage="75% (9/12)" />
                <line number="191" hits="2" branch="false" />
                <line number="192" hits="2" branch="false" />
                <line number="193" hits="0" branch="false" />
                <line number="194" hits="0" branch="false" />
                <line number="196" hits="2" branch="false" />
                <line number="198" hits="2" branch="false" />
                <line number="199" hits="2" branch="false" />
              </lines>
            </method>
            <method name="UpdateBookingStatus" signature="()" line-rate="0.722222222222222" branch-rate="0.5" complexity="8">
              <lines>
                <line number="153" hits="1" branch="false" />
                <line number="154" hits="1" branch="false" />
                <line number="155" hits="1" branch="false" />
                <line number="156" hits="1" branch="true" condition-coverage="50% (1/2)" />
                <line number="157" hits="1" branch="false" />
                <line number="158" hits="1" branch="false" />
                <line number="159" hits="1" branch="true" condition-coverage="50% (2/4)" />
                <line number="160" hits="1" branch="false" />
                <line number="161" hits="1" branch="false" />
                <line number="162" hits="1" branch="false" />
                <line number="163" hits="0" branch="true" condition-coverage="50% (1/2)" />
                <line number="164" hits="0" branch="false" />
                <line number="166" hits="0" branch="false" />
                <line number="167" hits="0" branch="false" />
                <line number="168" hits="1" branch="false" />
                <line number="169" hits="1" branch="false" />
                <line number="171" hits="0" branch="false" />
                <line number="172" hits="1" branch="false" />
              </lines>
            </method>
          </methods>
          <lines>
            <line number="22" hits="18" branch="false" />
            <line number="23" hits="18" branch="false" />
            <line number="24" hits="18" branch="false" />
            <line number="25" hits="18" branch="false" />
            <line number="26" hits="18" branch="false" />
            <line number="27" hits="18" branch="false" />
            <line number="28" hits="18" branch="false" />
            <line number="29" hits="18" branch="false" />
            <line number="30" hits="18" branch="false" />
            <line number="31" hits="18" branch="false" />
            <line number="32" hits="18" branch="false" />
            <line number="34" hits="18" branch="false" />
            <line number="37" hits="1" branch="false" />
            <line number="38" hits="1" branch="false" />
            <line number="39" hits="1" branch="false" />
            <line number="40" hits="1" branch="true" condition-coverage="50% (1/2)" />
            <line number="41" hits="1" branch="false" />
            <line number="42" hits="1" branch="false" />
            <line number="43" hits="1" branch="false" />
            <line number="45" hits="0" branch="false" />
            <line number="46" hits="1" branch="false" />
            <line number="49" hits="9" branch="false" />
            <line number="50" hits="9" branch="false" />
            <line number="51" hits="9" branch="false" />
            <line number="52" hits="27" branch="true" condition-coverage="50% (1/2)" />
            <line number="53" hits="0" branch="false" />
            <line number="55" hits="9" branch="false" />
            <line number="58" hits="4" branch="false" />
            <line number="59" hits="4" branch="false" />
            <line number="60" hits="4" branch="false" />
            <line number="61" hits="10" branch="true" condition-coverage="100% (2/2)" />
            <line number="62" hits="1" branch="false" />
            <line number="63" hits="3" branch="false" />
            <line number="66" hits="3" branch="false" />
            <line number="67" hits="3" branch="false" />
            <line number="68" hits="3" branch="false" />
            <line number="69" hits="3" branch="true" condition-coverage="50% (1/2)" />
            <line number="70" hits="0" branch="false" />
            <line number="71" hits="0" branch="false" />
            <line number="74" hits="8" branch="false" />
            <line number="75" hits="3" branch="false" />
            <line number="121" hits="1" branch="false" />
            <line number="122" hits="1" branch="false" />
            <line number="123" hits="1" branch="false" />
            <line number="124" hits="1" branch="false" />
            <line number="153" hits="1" branch="false" />
            <line number="154" hits="1" branch="false" />
            <line number="155" hits="1" branch="false" />
            <line number="156" hits="1" branch="true" condition-coverage="50% (1/2)" />
            <line number="157" hits="1" branch="false" />
            <line number="158" hits="1" branch="false" />
            <line number="159" hits="1" branch="true" condition-coverage="50% (2/4)" />
            <line number="160" hits="1" branch="false" />
            <line number="161" hits="1" branch="false" />
            <line number="162" hits="1" branch="false" />
            <line number="163" hits="0" branch="true" condition-coverage="50% (1/2)" />
            <line number="164" hits="0" branch="false" />
            <line number="166" hits="0" branch="false" />
            <line number="167" hits="0" branch="false" />
            <line number="168" hits="1" branch="false" />
            <line number="169" hits="1" branch="false" />
            <line number="171" hits="0" branch="false" />
            <line number="172" hits="1" branch="false" />
            <line number="174" hits="1" branch="false" />
            <line number="175" hits="1" branch="false" />
            <line number="176" hits="1" branch="false" />
            <line number="177" hits="7" branch="false" />
            <line number="179" hits="1" branch="false" />
            <line number="180" hits="5" branch="false" />
            <line number="182" hits="1" branch="false" />
            <line number="183" hits="1" branch="false" />
            <line number="185" hits="2" branch="false" />
            <line number="186" hits="2" branch="false" />
            <line number="187" hits="2" branch="false" />
            <line number="188" hits="10" branch="true" condition-coverage="100% (2/2)" />
            <line number="189" hits="2" branch="false" />
            <line number="190" hits="2" branch="true" condition-coverage="75% (9/12)" />
            <line number="191" hits="2" branch="false" />
            <line number="192" hits="2" branch="false" />
            <line number="193" hits="0" branch="false" />
            <line number="194" hits="0" branch="false" />
            <line number="196" hits="2" branch="false" />
            <line number="198" hits="2" branch="false" />
            <line number="199" hits="2" branch="false" />
            <line number="202" hits="1" branch="false" />
            <line number="203" hits="1" branch="false" />
            <line number="204" hits="1" branch="false" />
            <line number="205" hits="1" branch="false" />
            <line number="206" hits="1" branch="true" condition-coverage="50% (1/2)" />
            <line number="207" hits="0" branch="false" />
            <line number="208" hits="0" branch="false" />
            <line number="211" hits="1" branch="false" />
            <line number="212" hits="1" branch="true" condition-coverage="50% (1/2)" />
            <line number="213" hits="0" branch="false" />
            <line number="214" hits="0" branch="false" />
            <line number="217" hits="1" branch="true" condition-coverage="50% (1/2)" />
            <line number="218" hits="0" branch="false" />
            <line number="219" hits="0" branch="false" />
            <line number="222" hits="1" branch="true" condition-coverage="50% (1/2)" />
            <line number="223" hits="0" branch="false" />
            <line number="224" hits="0" branch="false" />
            <line number="227" hits="1" branch="false" />
            <line number="228" hits="1" branch="true" condition-coverage="50% (1/2)" />
            <line number="229" hits="0" branch="false" />
            <line number="230" hits="0" branch="false" />
            <line number="238" hits="1" branch="false" />
            <line number="239" hits="1" branch="false" />
            <line number="240" hits="1" branch="false" />
            <line number="241" hits="1" branch="false" />
            <line number="242" hits="1" branch="false" />
            <line number="243" hits="1" branch="false" />
            <line number="244" hits="1" branch="false" />
            <line number="245" hits="1" branch="false" />
            <line number="246" hits="1" branch="false" />
            <line number="247" hits="1" branch="false" />
            <line number="248" hits="1" branch="false" />
            <line number="249" hits="1" branch="false" />
            <line number="250" hits="1" branch="false" />
            <line number="252" hits="1" branch="false" />
            <line number="253" hits="1" branch="false" />
            <line number="254" hits="1" branch="false" />
            <line number="255" hits="1" branch="false" />
            <line number="257" hits="2" branch="false" />
            <line number="259" hits="2" branch="false" />
            <line number="260" hits="2" branch="true" condition-coverage="50% (1/2)" />
            <line number="261" hits="0" branch="false" />
            <line number="262" hits="0" branch="false" />
            <line number="266" hits="2" branch="true" condition-coverage="50% (3/6)" />
            <line number="269" hits="0" branch="false" />
            <line number="270" hits="0" branch="false" />
            <line number="272" hits="0" branch="false" />
            <line number="273" hits="0" branch="false" />
            <line number="275" hits="0" branch="false" />
            <line number="276" hits="0" branch="false" />
            <line number="278" hits="2" branch="false" />
            <line number="282" hits="2" branch="false" />
            <line number="284" hits="2" branch="false" />
            <line number="285" hits="2" branch="false" />
            <line number="287" hits="2" branch="true" condition-coverage="100% (2/2)" />
            <line number="288" hits="1" branch="false" />
            <line number="289" hits="1" branch="false" />
            <line number="291" hits="1" branch="false" />
            <line number="293" hits="1" branch="true" condition-coverage="50% (3/6)" />
            <line number="294" hits="0" branch="false" />
            <line number="295" hits="0" branch="false" />
            <line number="296" hits="0" branch="false" />
            <line number="297" hits="0" branch="false" />
            <line number="298" hits="1" branch="false" />
            <line number="300" hits="2" branch="false" />
            <line number="301" hits="2" branch="false" />
            <line number="303" hits="2" branch="false" />
            <line number="304" hits="2" branch="false" />
            <line number="306" hits="1" branch="false" />
            <line number="307" hits="1" branch="false" />
            <line number="308" hits="1" branch="false" />
            <line number="309" hits="1" branch="false" />
            <line number="311" hits="1" branch="false" />
            <line number="312" hits="1" branch="false" />
            <line number="313" hits="1" branch="true" condition-coverage="50% (1/2)" />
            <line number="315" hits="1" branch="false" />
            <line number="316" hits="4" branch="true" condition-coverage="100% (2/2)" />
            <line number="317" hits="3" branch="false" />
            <line number="318" hits="1" branch="false" />
            <line number="319" hits="1" branch="false" />
            <line number="321" hits="1" branch="false" />
            <line number="322" hits="1" branch="false" />
            <line number="323" hits="1" branch="false" />
            <line number="324" hits="5" branch="false" />
            <line number="325" hits="3" branch="false" />
            <line number="326" hits="1" branch="false" />
            <line number="328" hits="1" branch="false" />
            <line number="329" hits="1" branch="false" />
            <line number="368" hits="1" branch="false" />
            <line number="369" hits="1" branch="false" />
            <line number="370" hits="1" branch="false" />
            <line number="371" hits="6" branch="false" />
            <line number="373" hits="1" branch="false" />
            <line number="374" hits="4" branch="true" condition-coverage="50% (1/2)" />
            <line number="376" hits="1" branch="false" />
            <line number="377" hits="1" branch="false" />
            <line number="430" hits="1" branch="false" />
            <line number="431" hits="1" branch="false" />
            <line number="432" hits="6" branch="false" />
            <line number="434" hits="1" branch="false" />
            <line number="435" hits="4" branch="false" />
            <line number="437" hits="1" branch="false" />
            <line number="438" hits="1" branch="false" />
            <line number="440" hits="1" branch="false" />
            <line number="441" hits="1" branch="false" />
            <line number="442" hits="6" branch="false" />
            <line number="444" hits="1" branch="false" />
            <line number="445" hits="4" branch="true" condition-coverage="100% (4/4)" />
            <line number="447" hits="3" branch="false" />
            <line number="449" hits="1" branch="false" />
            <line number="450" hits="1" branch="false" />
          </lines>
        </class>
        <class name="Cozy_Haven.Services.DestinationService" filename="C:\Users\Lavanth\Desktop\Training\Integration\CozyHavenProject-main\Cozy_Haven\Services\DestinationService.cs" line-rate="0.851851851851852" branch-rate="0.5" complexity="7">
          <methods>
            <method name="GetDestination" signature="(...)" line-rate="1" branch-rate="1" complexity="1">
              <lines>
                <line number="54" hits="3" branch="false" />
                <line number="55" hits="3" branch="false" />
                <line number="56" hits="3" branch="false" />
              </lines>
            </method>
            <method name=".ctor" signature="(...)" line-rate="1" branch-rate="1" complexity="1">
              <lines>
                <line number="19" hits="5" branch="false" />
                <line number="20" hits="5" branch="false" />
                <line number="21" hits="5" branch="false" />
                <line number="22" hits="5" branch="false" />
                <line number="23" hits="5" branch="false" />
              </lines>
            </method>
            <method name="AddDestination" signature="()" line-rate="1" branch-rate="1" complexity="1">
              <lines>
                <line number="26" hits="1" branch="false" />
                <line number="27" hits="1" branch="false" />
                <line number="28" hits="1" branch="false" />
                <line number="30" hits="1" branch="false" />
                <line number="31" hits="1" branch="false" />
              </lines>
            </method>
            <method name="DeleteDestination" signature="()" line-rate="0.571428571428571" branch-rate="0.5" complexity="2">
              <lines>
                <line number="34" hits="1" branch="false" />
                <line number="35" hits="1" branch="false" />
                <line number="36" hits="1" branch="true" condition-coverage="50% (1/2)" />
                <line number="37" hits="0" branch="false" />
                <line number="38" hits="0" branch="false" />
                <line number="40" hits="1" branch="false" />
                <line number="41" hits="0" branch="false" />
              </lines>
            </method>
            <method name="GetAllDestinations" signature="()" line-rate="0.857142857142857" branch-rate="0.5" complexity="2">
              <lines>
                <line number="44" hits="1" branch="false" />
                <line number="45" hits="1" branch="false" />
                <line number="46" hits="1" branch="true" condition-coverage="50% (1/2)" />
                <line number="47" hits="1" branch="false" />
                <line number="48" hits="1" branch="false" />
                <line number="50" hits="0" branch="false" />
                <line number="51" hits="1" branch="false" />
              </lines>
            </method>
          </methods>
          <lines>
            <line number="19" hits="5" branch="false" />
            <line number="20" hits="5" branch="false" />
            <line number="21" hits="5" branch="false" />
            <line number="22" hits="5" branch="false" />
            <line number="23" hits="5" branch="false" />
            <line number="26" hits="1" branch="false" />
            <line number="27" hits="1" branch="false" />
            <line number="28" hits="1" branch="false" />
            <line number="30" hits="1" branch="false" />
            <line number="31" hits="1" branch="false" />
            <line number="34" hits="1" branch="false" />
            <line number="35" hits="1" branch="false" />
            <line number="36" hits="1" branch="true" condition-coverage="50% (1/2)" />
            <line number="37" hits="0" branch="false" />
            <line number="38" hits="0" branch="false" />
            <line number="40" hits="1" branch="false" />
            <line number="41" hits="0" branch="false" />
            <line number="44" hits="1" branch="false" />
            <line number="45" hits="1" branch="false" />
            <line number="46" hits="1" branch="true" condition-coverage="50% (1/2)" />
            <line number="47" hits="1" branch="false" />
            <line number="48" hits="1" branch="false" />
            <line number="50" hits="0" branch="false" />
            <line number="51" hits="1" branch="false" />
            <line number="54" hits="3" branch="false" />
            <line number="55" hits="3" branch="false" />
            <line number="56" hits="3" branch="false" />
          </lines>
        </class>
        <class name="Cozy_Haven.Services.HotelService" filename="C:\Users\Lavanth\Desktop\Training\Integration\CozyHavenProject-main\Cozy_Haven\Services\HotelService.cs" line-rate="0.87962962962963" branch-rate="0.55" complexity="24">
          <methods>
            <method name="GetHotel" signature="(...)" line-rate="0.8" branch-rate="0.5" complexity="2">
              <lines>
                <line number="85" hits="10" branch="false" />
                <line number="86" hits="10" branch="false" />
                <line number="87" hits="30" branch="true" condition-coverage="50% (1/2)" />
                <line number="88" hits="0" branch="false" />
                <line number="89" hits="10" branch="false" />
              </lines>
            </method>
            <method name=".ctor" signature="(...)" line-rate="1" branch-rate="1" complexity="1">
              <lines>
                <line number="22" hits="14" branch="false" />
                <line number="23" hits="14" branch="false" />
                <line number="24" hits="14" branch="false" />
                <line number="25" hits="14" branch="false" />
                <line number="26" hits="14" branch="false" />
                <line number="27" hits="14" branch="false" />
                <line number="28" hits="14" branch="false" />
              </lines>
            </method>
            <method name="AddHotel" signature="()" line-rate="1" branch-rate="1" complexity="1">
              <lines>
                <line number="30" hits="1" branch="false" />
                <line number="31" hits="1" branch="false" />
                <line number="32" hits="1" branch="false" />
                <line number="33" hits="1" branch="false" />
                <line number="34" hits="1" branch="false" />
              </lines>
            </method>
            <method name="DeleteHotel" signature="()" line-rate="0.857142857142857" branch-rate="0.5" complexity="2">
              <lines>
                <line number="67" hits="1" branch="false" />
                <line number="68" hits="1" branch="false" />
                <line number="69" hits="1" branch="true" condition-coverage="50% (1/2)" />
                <line number="70" hits="1" branch="false" />
                <line number="71" hits="1" branch="false" />
                <line number="73" hits="0" branch="false" />
                <line number="75" hits="1" branch="false" />
              </lines>
            </method>
            <method name="GetAllHotels" signature="()" line-rate="0.8" branch-rate="0.5" complexity="2">
              <lines>
                <line number="78" hits="3" branch="false" />
                <line number="79" hits="3" branch="false" />
                <line number="80" hits="9" branch="true" condition-coverage="50% (1/2)" />
                <line number="81" hits="0" branch="false" />
                <line number="82" hits="3" branch="false" />
              </lines>
            </method>
            <method name="GetAvailableRoomsCount" signature="()" line-rate="0.875" branch-rate="0.5" complexity="2">
              <lines>
                <line number="227" hits="1" branch="false" />
                <line number="228" hits="1" branch="false" />
                <line number="229" hits="1" branch="false" />
                <line number="230" hits="1" branch="true" condition-coverage="50% (1/2)" />
                <line number="231" hits="1" branch="false" />
                <line number="232" hits="4" branch="false" />
                <line number="234" hits="0" branch="false" />
                <line number="235" hits="1" branch="false" />
              </lines>
            </method>
            <method name="GetHotelAmenities" signature="()" line-rate="0.875" branch-rate="0.5" complexity="2">
              <lines>
                <line number="153" hits="1" branch="false" />
                <line number="154" hits="1" branch="false" />
                <line number="155" hits="1" branch="false" />
                <line number="156" hits="1" branch="true" condition-coverage="50% (1/2)" />
                <line number="157" hits="1" branch="false" />
                <line number="158" hits="1" branch="false" />
                <line number="160" hits="0" branch="false" />
                <line number="161" hits="1" branch="false" />
              </lines>
            </method>
            <method name="GetHotelBookings" signature="()" line-rate="0.888888888888889" branch-rate="0.5" complexity="2">
              <lines>
                <line number="202" hits="1" branch="false" />
                <line number="203" hits="1" branch="false" />
                <line number="204" hits="1" branch="false" />
                <line number="205" hits="1" branch="true" condition-coverage="50% (1/2)" />
                <line number="206" hits="1" branch="false" />
                <line number="207" hits="3" branch="false" />
                <line number="208" hits="1" branch="false" />
                <line number="210" hits="0" branch="false" />
                <line number="211" hits="1" branch="false" />
              </lines>
            </method>
            <method name="GetHotelReviews" signature="()" line-rate="0.7" branch-rate="1" complexity="2">
              <lines>
                <line number="126" hits="2" branch="false" />
                <line number="127" hits="2" branch="false" />
                <line number="128" hits="2" branch="false" />
                <line number="129" hits="2" branch="true" condition-coverage="100% (2/2)" />
                <line number="130" hits="1" branch="false" />
                <line number="131" hits="1" branch="false" />
                <line number="134" hits="0" branch="false" />
                <line number="137" hits="0" branch="false" />
                <line number="139" hits="1" branch="false" />
                <line number="140" hits="0" branch="false" />
              </lines>
            </method>
            <method name="GetHotelsByOwnerId" signature="()" line-rate="1" branch-rate="1" complexity="1">
              <lines>
                <line number="221" hits="1" branch="false" />
                <line number="222" hits="1" branch="false" />
                <line number="223" hits="4" branch="false" />
                <line number="224" hits="1" branch="false" />
                <line number="225" hits="1" branch="false" />
              </lines>
            </method>
            <method name="GetRecommendedHotels" signature="()" line-rate="1" branch-rate="1" complexity="1">
              <lines>
                <line number="163" hits="1" branch="false" />
                <line number="164" hits="1" branch="false" />
                <line number="166" hits="1" branch="false" />
                <line number="167" hits="4" branch="false" />
                <line number="168" hits="12" branch="false" />
                <line number="169" hits="1" branch="false" />
                <line number="170" hits="1" branch="false" />
                <line number="172" hits="1" branch="false" />
                <line number="173" hits="1" branch="false" />
              </lines>
            </method>
            <method name="GetRoomsByHotelId" signature="()" line-rate="0.875" branch-rate="0.5" complexity="2">
              <lines>
                <line number="175" hits="1" branch="false" />
                <line number="176" hits="1" branch="false" />
                <line number="177" hits="1" branch="false" />
                <line number="178" hits="1" branch="true" condition-coverage="50% (1/2)" />
                <line number="179" hits="1" branch="false" />
                <line number="180" hits="1" branch="false" />
                <line number="182" hits="0" branch="false" />
                <line number="183" hits="1" branch="false" />
              </lines>
            </method>
            <method name="UpdateHotelDescription" signature="()" line-rate="0.875" branch-rate="0.5" complexity="2">
              <lines>
                <line number="104" hits="1" branch="false" />
                <line number="105" hits="1" branch="false" />
                <line number="106" hits="1" branch="true" condition-coverage="50% (1/2)" />
                <line number="107" hits="1" branch="false" />
                <line number="108" hits="1" branch="false" />
                <line number="109" hits="1" branch="false" />
                <line number="111" hits="0" branch="false" />
                <line number="112" hits="1" branch="false" />
              </lines>
            </method>
            <method name="UpdateHotelDetails" signature="()" line-rate="0.923076923076923" branch-rate="0.5" complexity="2">
              <lines>
                <line number="185" hits="1" branch="false" />
                <line number="186" hits="1" branch="false" />
                <line number="187" hits="1" branch="false" />
                <line number="188" hits="1" branch="true" condition-coverage="50% (1/2)" />
                <line number="189" hits="1" branch="false" />
                <line number="190" hits="1" branch="false" />
                <line number="191" hits="1" branch="false" />
                <line number="192" hits="1" branch="false" />
                <line number="194" hits="1" branch="false" />
                <line number="195" hits="1" branch="false" />
                <line number="196" hits="1" branch="false" />
                <line number="198" hits="0" branch="false" />
                <line number="199" hits="1" branch="false" />
              </lines>
            </method>
          </methods>
          <lines>
            <line number="22" hits="14" branch="false" />
            <line number="23" hits="14" branch="false" />
            <line number="24" hits="14" branch="false" />
            <line number="25" hits="14" branch="false" />
            <line number="26" hits="14" branch="false" />
            <line number="27" hits="14" branch="false" />
            <line number="28" hits="14" branch="false" />
            <line number="30" hits="1" branch="false" />
            <line number="31" hits="1" branch="false" />
            <line number="32" hits="1" branch="false" />
            <line number="33" hits="1" branch="false" />
            <line number="34" hits="1" branch="false" />
            <line number="44" hits="0" branch="false" />
            <line number="67" hits="1" branch="false" />
            <line number="68" hits="1" branch="false" />
            <line number="69" hits="1" branch="true" condition-coverage="50% (1/2)" />
            <line number="70" hits="1" branch="false" />
            <line number="71" hits="1" branch="false" />
            <line number="73" hits="0" branch="false" />
            <line number="75" hits="1" branch="false" />
            <line number="78" hits="3" branch="false" />
            <line number="79" hits="3" branch="false" />
            <line number="80" hits="9" branch="true" condition-coverage="50% (1/2)" />
            <line number="81" hits="0" branch="false" />
            <line number="82" hits="3" branch="false" />
            <line number="85" hits="10" branch="false" />
            <line number="86" hits="10" branch="false" />
            <line number="87" hits="30" branch="true" condition-coverage="50% (1/2)" />
            <line number="88" hits="0" branch="false" />
            <line number="89" hits="10" branch="false" />
            <line number="104" hits="1" branch="false" />
            <line number="105" hits="1" branch="false" />
            <line number="106" hits="1" branch="true" condition-coverage="50% (1/2)" />
            <line number="107" hits="1" branch="false" />
            <line number="108" hits="1" branch="false" />
            <line number="109" hits="1" branch="false" />
            <line number="111" hits="0" branch="false" />
            <line number="112" hits="1" branch="false" />
            <line number="126" hits="2" branch="false" />
            <line number="127" hits="2" branch="false" />
            <line number="128" hits="2" branch="false" />
            <line number="129" hits="2" branch="true" condition-coverage="100% (2/2)" />
            <line number="130" hits="1" branch="false" />
            <line number="131" hits="1" branch="false" />
            <line number="134" hits="0" branch="false" />
            <line number="137" hits="0" branch="false" />
            <line number="139" hits="1" branch="false" />
            <line number="140" hits="0" branch="false" />
            <line number="153" hits="1" branch="false" />
            <line number="154" hits="1" branch="false" />
            <line number="155" hits="1" branch="false" />
            <line number="156" hits="1" branch="true" condition-coverage="50% (1/2)" />
            <line number="157" hits="1" branch="false" />
            <line number="158" hits="1" branch="false" />
            <line number="160" hits="0" branch="false" />
            <line number="161" hits="1" branch="false" />
            <line number="163" hits="1" branch="false" />
            <line number="164" hits="1" branch="false" />
            <line number="166" hits="1" branch="false" />
            <line number="167" hits="4" branch="false" />
            <line number="168" hits="12" branch="false" />
            <line number="169" hits="1" branch="false" />
            <line number="170" hits="1" branch="false" />
            <line number="172" hits="1" branch="false" />
            <line number="173" hits="1" branch="false" />
            <line number="175" hits="1" branch="false" />
            <line number="176" hits="1" branch="false" />
            <line number="177" hits="1" branch="false" />
            <line number="178" hits="1" branch="true" condition-coverage="50% (1/2)" />
            <line number="179" hits="1" branch="false" />
            <line number="180" hits="1" branch="false" />
            <line number="182" hits="0" branch="false" />
            <line number="183" hits="1" branch="false" />
            <line number="185" hits="1" branch="false" />
            <line number="186" hits="1" branch="false" />
            <line number="187" hits="1" branch="false" />
            <line number="188" hits="1" branch="true" condition-coverage="50% (1/2)" />
            <line number="189" hits="1" branch="false" />
            <line number="190" hits="1" branch="false" />
            <line number="191" hits="1" branch="false" />
            <line number="192" hits="1" branch="false" />
            <line number="194" hits="1" branch="false" />
            <line number="195" hits="1" branch="false" />
            <line number="196" hits="1" branch="false" />
            <line number="198" hits="0" branch="false" />
            <line number="199" hits="1" branch="false" />
            <line number="202" hits="1" branch="false" />
            <line number="203" hits="1" branch="false" />
            <line number="204" hits="1" branch="false" />
            <line number="205" hits="1" branch="true" condition-coverage="50% (1/2)" />
            <line number="206" hits="1" branch="false" />
            <line number="207" hits="3" branch="false" />
            <line number="208" hits="1" branch="false" />
            <line number="210" hits="0" branch="false" />
            <line number="211" hits="1" branch="false" />
            <line number="221" hits="1" branch="false" />
            <line number="222" hits="1" branch="false" />
            <line number="223" hits="4" branch="false" />
            <line number="224" hits="1" branch="false" />
            <line number="225" hits="1" branch="false" />
            <line number="227" hits="1" branch="false" />
            <line number="228" hits="1" branch="false" />
            <line number="229" hits="1" branch="false" />
            <line number="230" hits="1" branch="true" condition-coverage="50% (1/2)" />
            <line number="231" hits="1" branch="false" />
            <line number="232" hits="4" branch="false" />
            <line number="234" hits="0" branch="false" />
            <line number="235" hits="1" branch="false" />
          </lines>
        </class>
        <class name="Cozy_Haven.Services.PaymentService" filename="C:\Users\Lavanth\Desktop\Training\Integration\CozyHavenProject-main\Cozy_Haven\Services\PaymentService.cs" line-rate="0.9" branch-rate="0.5" complexity="11">
          <methods>
            <method name="GetAllPayments" signature="()" line-rate="0.8" branch-rate="0.5" complexity="2">
              <lines>
                <line number="35" hits="1" branch="false" />
                <line number="36" hits="1" branch="false" />
                <line number="37" hits="2" branch="true" condition-coverage="50% (1/2)" />
                <line number="38" hits="0" branch="false" />
                <line number="39" hits="1" branch="false" />
              </lines>
            </method>
            <method name="GetPayment" signature="(...)" line-rate="0.8" branch-rate="0.5" complexity="2">
              <lines>
                <line number="41" hits="3" branch="false" />
                <line number="42" hits="3" branch="false" />
                <line number="43" hits="6" branch="true" condition-coverage="50% (1/2)" />
                <line number="44" hits="0" branch="false" />
                <line number="45" hits="3" branch="false" />
              </lines>
            </method>
            <method name=".ctor" signature="(...)" line-rate="1" branch-rate="1" complexity="1">
              <lines>
                <line number="14" hits="6" branch="false" />
                <line number="15" hits="6" branch="false" />
                <line number="16" hits="6" branch="false" />
                <line number="17" hits="6" branch="false" />
                <line number="18" hits="6" branch="false" />
              </lines>
            </method>
            <method name="AddPayment" signature="()" line-rate="1" branch-rate="1" complexity="1">
              <lines>
                <line number="20" hits="1" branch="false" />
                <line number="21" hits="1" branch="false" />
                <line number="22" hits="1" branch="false" />
                <line number="23" hits="1" branch="false" />
              </lines>
            </method>
            <method name="DeletePayment" signature="()" line-rate="0.875" branch-rate="0.5" complexity="2">
              <lines>
                <line number="25" hits="1" branch="false" />
                <line number="26" hits="1" branch="false" />
                <line number="27" hits="1" branch="true" condition-coverage="50% (1/2)" />
                <line number="28" hits="1" branch="false" />
                <line number="29" hits="1" branch="false" />
                <line number="30" hits="1" branch="false" />
                <line number="32" hits="0" branch="false" />
                <line number="33" hits="1" branch="false" />
              </lines>
            </method>
            <method name="Refund" signature="()" line-rate="1" branch-rate="1" complexity="1">
              <lines>
                <line number="60" hits="1" branch="false" />
                <line number="62" hits="1" branch="false" />
                <line number="63" hits="1" branch="false" />
                <line number="64" hits="1" branch="false" />
              </lines>
            </method>
            <method name="UpdatePaymentMethod" signature="()" line-rate="0.888888888888889" branch-rate="0.5" complexity="2">
              <lines>
                <line number="47" hits="1" branch="false" />
                <line number="48" hits="1" branch="false" />
                <line number="49" hits="1" branch="true" condition-coverage="50% (1/2)" />
                <line number="50" hits="1" branch="false" />
                <line number="51" hits="1" branch="false" />
                <line number="52" hits="1" branch="false" />
                <line number="53" hits="1" branch="false" />
                <line number="55" hits="0" branch="false" />
                <line number="56" hits="1" branch="false" />
              </lines>
            </method>
          </methods>
          <lines>
            <line number="14" hits="6" branch="false" />
            <line number="15" hits="6" branch="false" />
            <line number="16" hits="6" branch="false" />
            <line number="17" hits="6" branch="false" />
            <line number="18" hits="6" branch="false" />
            <line number="20" hits="1" branch="false" />
            <line number="21" hits="1" branch="false" />
            <line number="22" hits="1" branch="false" />
            <line number="23" hits="1" branch="false" />
            <line number="25" hits="1" branch="false" />
            <line number="26" hits="1" branch="false" />
            <line number="27" hits="1" branch="true" condition-coverage="50% (1/2)" />
            <line number="28" hits="1" branch="false" />
            <line number="29" hits="1" branch="false" />
            <line number="30" hits="1" branch="false" />
            <line number="32" hits="0" branch="false" />
            <line number="33" hits="1" branch="false" />
            <line number="35" hits="1" branch="false" />
            <line number="36" hits="1" branch="false" />
            <line number="37" hits="2" branch="true" condition-coverage="50% (1/2)" />
            <line number="38" hits="0" branch="false" />
            <line number="39" hits="1" branch="false" />
            <line number="41" hits="3" branch="false" />
            <line number="42" hits="3" branch="false" />
            <line number="43" hits="6" branch="true" condition-coverage="50% (1/2)" />
            <line number="44" hits="0" branch="false" />
            <line number="45" hits="3" branch="false" />
            <line number="47" hits="1" branch="false" />
            <line number="48" hits="1" branch="false" />
            <line number="49" hits="1" branch="true" condition-coverage="50% (1/2)" />
            <line number="50" hits="1" branch="false" />
            <line number="51" hits="1" branch="false" />
            <line number="52" hits="1" branch="false" />
            <line number="53" hits="1" branch="false" />
            <line number="55" hits="0" branch="false" />
            <line number="56" hits="1" branch="false" />
            <line number="60" hits="1" branch="false" />
            <line number="62" hits="1" branch="false" />
            <line number="63" hits="1" branch="false" />
            <line number="64" hits="1" branch="false" />
          </lines>
        </class>
        <class name="Cozy_Haven.Services.ReviewService" filename="C:\Users\Lavanth\Desktop\Training\Integration\CozyHavenProject-main\Cozy_Haven\Services\ReviewService.cs" line-rate="0.659574468085106" branch-rate="0.5" complexity="10">
          <methods>
            <method name="GetAllReviews" signature="()" line-rate="0.8" branch-rate="0.5" complexity="2">
              <lines>
                <line number="33" hits="1" branch="false" />
                <line number="34" hits="1" branch="false" />
                <line number="35" hits="2" branch="true" condition-coverage="50% (1/2)" />
                <line number="36" hits="0" branch="false" />
                <line number="37" hits="1" branch="false" />
              </lines>
            </method>
            <method name="GetReview" signature="(...)" line-rate="0.8" branch-rate="0.5" complexity="2">
              <lines>
                <line number="83" hits="3" branch="false" />
                <line number="84" hits="3" branch="false" />
                <line number="85" hits="6" branch="true" condition-coverage="50% (1/2)" />
                <line number="86" hits="0" branch="false" />
                <line number="87" hits="3" branch="false" />
              </lines>
            </method>
            <method name=".ctor" signature="(...)" line-rate="1" branch-rate="1" complexity="1">
              <lines>
                <line number="13" hits="5" branch="false" />
                <line number="14" hits="5" branch="false" />
                <line number="15" hits="5" branch="false" />
                <line number="16" hits="5" branch="false" />
              </lines>
            </method>
            <method name="AddReview" signature="()" line-rate="1" branch-rate="1" complexity="1">
              <lines>
                <line number="18" hits="1" branch="false" />
                <line number="19" hits="1" branch="false" />
                <line number="20" hits="1" branch="false" />
                <line number="21" hits="1" branch="false" />
              </lines>
            </method>
            <method name="DeleteReview" signature="()" line-rate="0.875" branch-rate="0.5" complexity="2">
              <lines>
                <line number="23" hits="1" branch="false" />
                <line number="24" hits="1" branch="false" />
                <line number="25" hits="1" branch="true" condition-coverage="50% (1/2)" />
                <line number="26" hits="1" branch="false" />
                <line number="27" hits="1" branch="false" />
                <line number="28" hits="1" branch="false" />
                <line number="30" hits="0" branch="false" />
                <line number="31" hits="1" branch="false" />
              </lines>
            </method>
            <method name="UpdateRating" signature="()" line-rate="0.888888888888889" branch-rate="0.5" complexity="2">
              <lines>
                <line number="89" hits="1" branch="false" />
                <line number="90" hits="1" branch="false" />
                <line number="91" hits="1" branch="true" condition-coverage="50% (1/2)" />
                <line number="92" hits="1" branch="false" />
                <line number="93" hits="1" branch="false" />
                <line number="94" hits="1" branch="false" />
                <line number="95" hits="1" branch="false" />
                <line number="97" hits="0" branch="false" />
                <line number="98" hits="1" branch="false" />
              </lines>
            </method>
          </methods>
          <lines>
            <line number="13" hits="5" branch="false" />
            <line number="14" hits="5" branch="false" />
            <line number="15" hits="5" branch="false" />
            <line number="16" hits="5" branch="false" />
            <line number="18" hits="1" branch="false" />
            <line number="19" hits="1" branch="false" />
            <line number="20" hits="1" branch="false" />
            <line number="21" hits="1" branch="false" />
            <line number="23" hits="1" branch="false" />
            <line number="24" hits="1" branch="false" />
            <line number="25" hits="1" branch="true" condition-coverage="50% (1/2)" />
            <line number="26" hits="1" branch="false" />
            <line number="27" hits="1" branch="false" />
            <line number="28" hits="1" branch="false" />
            <line number="30" hits="0" branch="false" />
            <line number="31" hits="1" branch="false" />
            <line number="33" hits="1" branch="false" />
            <line number="34" hits="1" branch="false" />
            <line number="35" hits="2" branch="true" condition-coverage="50% (1/2)" />
            <line number="36" hits="0" branch="false" />
            <line number="37" hits="1" branch="false" />
            <line number="63" hits="0" branch="false" />
            <line number="64" hits="0" branch="false" />
            <line number="65" hits="0" branch="false" />
            <line number="66" hits="0" branch="false" />
            <line number="67" hits="0" branch="false" />
            <line number="68" hits="0" branch="false" />
            <line number="69" hits="0" branch="false" />
            <line number="70" hits="0" branch="false" />
            <line number="71" hits="0" branch="false" />
            <line number="72" hits="0" branch="false" />
            <line number="73" hits="0" branch="false" />
            <line number="74" hits="0" branch="false" />
            <line number="83" hits="3" branch="false" />
            <line number="84" hits="3" branch="false" />
            <line number="85" hits="6" branch="true" condition-coverage="50% (1/2)" />
            <line number="86" hits="0" branch="false" />
            <line number="87" hits="3" branch="false" />
            <line number="89" hits="1" branch="false" />
            <line number="90" hits="1" branch="false" />
            <line number="91" hits="1" branch="true" condition-coverage="50% (1/2)" />
            <line number="92" hits="1" branch="false" />
            <line number="93" hits="1" branch="false" />
            <line number="94" hits="1" branch="false" />
            <line number="95" hits="1" branch="false" />
            <line number="97" hits="0" branch="false" />
            <line number="98" hits="1" branch="false" />
          </lines>
        </class>
        <class name="Cozy_Haven.Services.RoomService" filename="C:\Users\Lavanth\Desktop\Training\Integration\CozyHavenProject-main\Cozy_Haven\Services\RoomService.cs" line-rate="0.892857142857143" branch-rate="0.5" complexity="25">
          <methods>
            <method name=".ctor" signature="(...)" line-rate="1" branch-rate="1" complexity="1">
              <lines>
                <line number="14" hits="11" branch="false" />
                <line number="15" hits="11" branch="false" />
                <line number="16" hits="11" branch="false" />
                <line number="17" hits="11" branch="false" />
                <line number="18" hits="11" branch="false" />
              </lines>
            </method>
            <method name="AddRoom" signature="()" line-rate="1" branch-rate="1" complexity="1">
              <lines>
                <line number="20" hits="1" branch="false" />
                <line number="21" hits="1" branch="false" />
                <line number="22" hits="1" branch="false" />
                <line number="23" hits="1" branch="false" />
                <line number="24" hits="1" branch="false" />
              </lines>
            </method>
            <method name="DeleteRoom" signature="()" line-rate="0.875" branch-rate="0.5" complexity="2">
              <lines>
                <line number="27" hits="1" branch="false" />
                <line number="28" hits="1" branch="false" />
                <line number="29" hits="1" branch="true" condition-coverage="50% (1/2)" />
                <line number="30" hits="1" branch="false" />
                <line number="31" hits="1" branch="false" />
                <line number="32" hits="1" branch="false" />
                <line number="34" hits="0" branch="false" />
                <line number="35" hits="1" branch="false" />
              </lines>
            </method>
            <method name="GetAllRooms" signature="()" line-rate="0.8" branch-rate="0.5" complexity="2">
              <lines>
                <line number="38" hits="1" branch="false" />
                <line number="39" hits="1" branch="false" />
                <line number="40" hits="3" branch="true" condition-coverage="50% (1/2)" />
                <line number="41" hits="0" branch="false" />
                <line number="42" hits="1" branch="false" />
              </lines>
            </method>
            <method name="GetAvailableRooms" signature="()" line-rate="0" branch-rate="0" complexity="2">
              <lines>
                <line number="101" hits="0" branch="false" />
                <line number="103" hits="0" branch="false" />
                <line number="104" hits="0" branch="true" condition-coverage="0% (0/2)" />
                <line number="105" hits="0" branch="false" />
                <line number="106" hits="0" branch="false" />
                <line number="107" hits="0" branch="false" />
              </lines>
            </method>
            <method name="GetAvailableRoomsCount" signature="()" line-rate="1" branch-rate="0.5" complexity="2">
              <lines>
                <line number="94" hits="1" branch="false" />
                <line number="95" hits="1" branch="false" />
                <line number="96" hits="1" branch="true" condition-coverage="50% (1/2)" />
                <line number="97" hits="4" branch="false" />
                <line number="98" hits="1" branch="false" />
                <line number="99" hits="1" branch="false" />
              </lines>
            </method>
            <method name="GetDonutChartData" signature="()" line-rate="1" branch-rate="1" complexity="1">
              <lines>
                <line number="109" hits="1" branch="false" />
                <line number="110" hits="1" branch="false" />
                <line number="111" hits="1" branch="false" />
                <line number="112" hits="5" branch="false" />
                <line number="113" hits="3" branch="false" />
                <line number="114" hits="1" branch="false" />
                <line number="116" hits="1" branch="false" />
                <line number="117" hits="1" branch="false" />
              </lines>
            </method>
            <method name="GetRoom" signature="()" line-rate="1" branch-rate="1" complexity="2">
              <lines>
                <line number="45" hits="7" branch="false" />
                <line number="46" hits="7" branch="false" />
                <line number="47" hits="19" branch="true" condition-coverage="100% (2/2)" />
                <line number="48" hits="1" branch="false" />
                <line number="49" hits="6" branch="false" />
              </lines>
            </method>
            <method name="GetRoomAmenities" signature="()" line-rate="1" branch-rate="0.5" complexity="4">
              <lines>
                <line number="72" hits="1" branch="false" />
                <line number="73" hits="1" branch="false" />
                <line number="74" hits="1" branch="true" condition-coverage="50% (1/2)" />
                <line number="75" hits="1" branch="false" />
                <line number="76" hits="1" branch="true" condition-coverage="50% (1/2)" />
                <line number="77" hits="1" branch="false" />
                <line number="78" hits="1" branch="false" />
              </lines>
            </method>
            <method name="GetRoomBookings" signature="()" line-rate="1" branch-rate="0.5" complexity="4">
              <lines>
                <line number="52" hits="1" branch="false" />
                <line number="53" hits="1" branch="false" />
                <line number="54" hits="1" branch="true" condition-coverage="50% (1/2)" />
                <line number="55" hits="1" branch="false" />
                <line number="56" hits="1" branch="true" condition-coverage="50% (1/2)" />
                <line number="57" hits="1" branch="false" />
                <line number="58" hits="1" branch="false" />
              </lines>
            </method>
            <method name="UpdateRoomDetails" signature="()" line-rate="1" branch-rate="0.5" complexity="2">
              <lines>
                <line number="80" hits="1" branch="false" />
                <line number="81" hits="1" branch="false" />
                <line number="82" hits="1" branch="true" condition-coverage="50% (1/2)" />
                <line number="83" hits="1" branch="false" />
                <line number="84" hits="1" branch="false" />
                <line number="85" hits="1" branch="false" />
                <line number="86" hits="1" branch="false" />
                <line number="87" hits="1" branch="false" />
                <line number="88" hits="1" branch="false" />
                <line number="89" hits="1" branch="false" />
                <line number="90" hits="1" branch="false" />
                <line number="91" hits="1" branch="false" />
                <line number="92" hits="1" branch="false" />
              </lines>
            </method>
            <method name="UpdateRoomPrice" signature="()" line-rate="0.888888888888889" branch-rate="0.5" complexity="2">
              <lines>
                <line number="61" hits="1" branch="false" />
                <line number="62" hits="1" branch="false" />
                <line number="63" hits="1" branch="true" condition-coverage="50% (1/2)" />
                <line number="64" hits="1" branch="false" />
                <line number="65" hits="1" branch="false" />
                <line number="66" hits="1" branch="false" />
                <line number="67" hits="1" branch="false" />
                <line number="69" hits="0" branch="false" />
                <line number="70" hits="1" branch="false" />
              </lines>
            </method>
          </methods>
          <lines>
            <line number="14" hits="11" branch="false" />
            <line number="15" hits="11" branch="false" />
            <line number="16" hits="11" branch="false" />
            <line number="17" hits="11" branch="false" />
            <line number="18" hits="11" branch="false" />
            <line number="20" hits="1" branch="false" />
            <line number="21" hits="1" branch="false" />
            <line number="22" hits="1" branch="false" />
            <line number="23" hits="1" branch="false" />
            <line number="24" hits="1" branch="false" />
            <line number="27" hits="1" branch="false" />
            <line number="28" hits="1" branch="false" />
            <line number="29" hits="1" branch="true" condition-coverage="50% (1/2)" />
            <line number="30" hits="1" branch="false" />
            <line number="31" hits="1" branch="false" />
            <line number="32" hits="1" branch="false" />
            <line number="34" hits="0" branch="false" />
            <line number="35" hits="1" branch="false" />
            <line number="38" hits="1" branch="false" />
            <line number="39" hits="1" branch="false" />
            <line number="40" hits="3" branch="true" condition-coverage="50% (1/2)" />
            <line number="41" hits="0" branch="false" />
            <line number="42" hits="1" branch="false" />
            <line number="45" hits="7" branch="false" />
            <line number="46" hits="7" branch="false" />
            <line number="47" hits="19" branch="true" condition-coverage="100% (2/2)" />
            <line number="48" hits="1" branch="false" />
            <line number="49" hits="6" branch="false" />
            <line number="52" hits="1" branch="false" />
            <line number="53" hits="1" branch="false" />
            <line number="54" hits="1" branch="true" condition-coverage="50% (1/2)" />
            <line number="55" hits="1" branch="false" />
            <line number="56" hits="1" branch="true" condition-coverage="50% (1/2)" />
            <line number="57" hits="1" branch="false" />
            <line number="58" hits="1" branch="false" />
            <line number="61" hits="1" branch="false" />
            <line number="62" hits="1" branch="false" />
            <line number="63" hits="1" branch="true" condition-coverage="50% (1/2)" />
            <line number="64" hits="1" branch="false" />
            <line number="65" hits="1" branch="false" />
            <line number="66" hits="1" branch="false" />
            <line number="67" hits="1" branch="false" />
            <line number="69" hits="0" branch="false" />
            <line number="70" hits="1" branch="false" />
            <line number="72" hits="1" branch="false" />
            <line number="73" hits="1" branch="false" />
            <line number="74" hits="1" branch="true" condition-coverage="50% (1/2)" />
            <line number="75" hits="1" branch="false" />
            <line number="76" hits="1" branch="true" condition-coverage="50% (1/2)" />
            <line number="77" hits="1" branch="false" />
            <line number="78" hits="1" branch="false" />
            <line number="80" hits="1" branch="false" />
            <line number="81" hits="1" branch="false" />
            <line number="82" hits="1" branch="true" condition-coverage="50% (1/2)" />
            <line number="83" hits="1" branch="false" />
            <line number="84" hits="1" branch="false" />
            <line number="85" hits="1" branch="false" />
            <line number="86" hits="1" branch="false" />
            <line number="87" hits="1" branch="false" />
            <line number="88" hits="1" branch="false" />
            <line number="89" hits="1" branch="false" />
            <line number="90" hits="1" branch="false" />
            <line number="91" hits="1" branch="false" />
            <line number="92" hits="1" branch="false" />
            <line number="94" hits="1" branch="false" />
            <line number="95" hits="1" branch="false" />
            <line number="96" hits="1" branch="true" condition-coverage="50% (1/2)" />
            <line number="97" hits="4" branch="false" />
            <line number="98" hits="1" branch="false" />
            <line number="99" hits="1" branch="false" />
            <line number="101" hits="0" branch="false" />
            <line number="103" hits="0" branch="false" />
            <line number="104" hits="0" branch="true" condition-coverage="0% (0/2)" />
            <line number="105" hits="0" branch="false" />
            <line number="106" hits="0" branch="false" />
            <line number="107" hits="0" branch="false" />
            <line number="109" hits="1" branch="false" />
            <line number="110" hits="1" branch="false" />
            <line number="111" hits="1" branch="false" />
            <line number="112" hits="5" branch="false" />
            <line number="113" hits="3" branch="false" />
            <line number="114" hits="1" branch="false" />
            <line number="116" hits="1" branch="false" />
            <line number="117" hits="1" branch="false" />
          </lines>
        </class>
        <class name="Cozy_Haven.Services.UserService" filename="C:\Users\Lavanth\Desktop\Training\Integration\CozyHavenProject-main\Cozy_Haven\Services\UserService.cs" line-rate="0.890756302521008" branch-rate="0.5" complexity="32">
          <methods>
            <method name="GetAllUsers" signature="()" line-rate="0.833333333333333" branch-rate="0.5" complexity="2">
              <lines>
                <line number="86" hits="1" branch="false" />
                <line number="87" hits="1" branch="false" />
                <line number="88" hits="1" branch="false" />
                <line number="89" hits="2" branch="true" condition-coverage="50% (1/2)" />
                <line number="90" hits="0" branch="false" />
                <line number="91" hits="1" branch="false" />
              </lines>
            </method>
            <method name="GetUser" signature="(...)" line-rate="1" branch-rate="0.5" complexity="2">
              <lines>
                <line number="95" hits="4" branch="false" />
                <line number="96" hits="4" branch="false" />
                <line number="97" hits="4" branch="false" />
                <line number="98" hits="4" branch="true" condition-coverage="50% (1/2)" />
                <line number="99" hits="4" branch="false" />
                <line number="100" hits="4" branch="false" />
              </lines>
            </method>
            <method name=".ctor" signature="(...)" line-rate="1" branch-rate="1" complexity="1">
              <lines>
                <line number="23" hits="11" branch="false" />
                <line number="24" hits="11" branch="false" />
                <line number="25" hits="11" branch="false" />
                <line number="26" hits="11" branch="false" />
                <line number="27" hits="11" branch="false" />
                <line number="28" hits="11" branch="false" />
                <line number="29" hits="11" branch="false" />
                <line number="30" hits="11" branch="false" />
                <line number="32" hits="11" branch="false" />
              </lines>
            </method>
            <method name="DeleteUser" signature="()" line-rate="0.888888888888889" branch-rate="0.5" complexity="2">
              <lines>
                <line number="103" hits="1" branch="false" />
                <line number="104" hits="1" branch="false" />
                <line number="105" hits="1" branch="false" />
                <line number="106" hits="1" branch="true" condition-coverage="50% (1/2)" />
                <line number="107" hits="1" branch="false" />
                <line number="108" hits="1" branch="false" />
                <line number="109" hits="1" branch="false" />
                <line number="111" hits="0" branch="false" />
                <line number="112" hits="1" branch="false" />
              </lines>
            </method>
            <method name="GetHotelOwners" signature="()" line-rate="0.75" branch-rate="0.5" complexity="4">
              <lines>
                <line number="263" hits="1" branch="false" />
                <line number="264" hits="1" branch="false" />
                <line number="265" hits="1" branch="false" />
                <line number="266" hits="1" branch="true" condition-coverage="50% (2/4)" />
                <line number="267" hits="0" branch="false" />
                <line number="268" hits="0" branch="false" />
                <line number="271" hits="3" branch="false" />
                <line number="272" hits="1" branch="false" />
              </lines>
            </method>
            <method name="GetUserBookings" signature="()" line-rate="0.9" branch-rate="0.5" complexity="4">
              <lines>
                <line number="133" hits="1" branch="false" />
                <line number="134" hits="1" branch="false" />
                <line number="135" hits="1" branch="false" />
                <line number="136" hits="1" branch="true" condition-coverage="50% (1/2)" />
                <line number="137" hits="1" branch="false" />
                <line number="138" hits="1" branch="false" />
                <line number="139" hits="1" branch="true" condition-coverage="50% (1/2)" />
                <line number="140" hits="1" branch="false" />
                <line number="142" hits="0" branch="false" />
                <line number="143" hits="1" branch="false" />
              </lines>
            </method>
            <method name="GetUserByUsernameOrEmail" signature="()" line-rate="0.857142857142857" branch-rate="0.5" complexity="2">
              <lines>
                <line number="255" hits="1" branch="false" />
[...]
            <line number="112" hits="1" branch="false" />
            <line number="113" hits="2" branch="false" />
            <line number="116" hits="1" branch="false" />
            <line number="119" hits="1" branch="false" />
            <line number="120" hits="1" branch="false" />
            <line number="123" hits="1" branch="false" />
            <line number="125" hits="1" branch="false" />
            <line number="126" hits="1" branch="false" />
            <line number="127" hits="1" branch="false" />
            <line number="130" hits="1" branch="false" />
            <line number="133" hits="1" branch="false" />
            <line number="134" hits="1" branch="false" />
            <line number="137" hits="1" branch="false" />
            <line number="139" hits="1" branch="false" />
            <line number="140" hits="1" branch="false" />
            <line number="141" hits="1" branch="false" />
            <line number="144" hits="1" branch="false" />
            <line number="147" hits="1" branch="false" />
            <line number="149" hits="1" branch="false" />
            <line number="152" hits="1" branch="false" />
            <line number="154" hits="1" branch="false" />
            <line number="155" hits="1" branch="false" />
            <line number="158" hits="1" branch="false" />
            <line number="161" hits="1" branch="false" />
            <line number="163" hits="1" branch="false" />
            <line number="167" hits="1" branch="false" />
            <line number="169" hits="1" branch="false" />
            <line number="170" hits="1" branch="false" />
            <line number="171" hits="1" branch="false" />
            <line number="172" hits="1" branch="false" />
            <line number="173" hits="1" branch="false" />
            <line number="174" hits="1" branch="false" />
            <line number="175" hits="1" branch="false" />
            <line number="178" hits="1" branch="false" />
            <line number="181" hits="1" branch="false" />
            <line number="182" hits="1" branch="false" />
            <line number="186" hits="1" branch="false" />
            <line number="188" hits="1" branch="false" />
            <line number="189" hits="1" branch="false" />
            <line number="190" hits="1" branch="false" />
            <line number="191" hits="1" branch="false" />
            <line number="192" hits="1" branch="false" />
            <line number="193" hits="1" branch="false" />
            <line number="194" hits="1" branch="false" />
            <line number="195" hits="1" branch="false" />
            <line number="196" hits="1" branch="false" />
            <line number="199" hits="1" branch="false" />
            <line number="202" hits="1" branch="false" />
            <line number="204" hits="1" branch="false" />
          </lines>
        </class>
        <class name="Cozy_Haven_Testing.Tests" filename="C:\Users\Lavanth\Desktop\Training\Integration\CozyHavenProject-main\Cozy_Haven_Testing\UnitTest1.cs" line-rate="0.8" branch-rate="1" complexity="2">
          <methods>
            <method name="Setup" signature="()" line-rate="1" branch-rate="1" complexity="1">
              <lines>
                <line number="7" hits="1" branch="false" />
                <line number="8" hits="1" branch="false" />
              </lines>
            </method>
            <method name="Test1" signature="()" line-rate="0.666666666666667" branch-rate="1" complexity="1">
              <lines>
                <line number="12" hits="1" branch="false" />
                <line number="13" hits="1" branch="false" />
                <line number="14" hits="0" branch="false" />
              </lines>
            </method>
          </methods>
          <lines>
            <line number="7" hits="1" branch="false" />
            <line number="8" hits="1" branch="false" />
            <line number="12" hits="1" branch="false" />
            <line number="13" hits="1" branch="false" />
            <line number="14" hits="0" branch="false" />
          </lines>
        </class>
        <class name="Cozy_Haven_Testing.TokenServiceTest" filename="C:\Users\Lavanth\Desktop\Training\Integration\CozyHavenProject-main\Cozy_Haven_Testing\TokenServiceTest.cs" line-rate="1" branch-rate="1" complexity="2">
          <methods>
            <method name="SetUp" signature="()" line-rate="1" branch-rate="1" complexity="1">
              <lines>
                <line number="18" hits="1" branch="false" />
                <line number="19" hits="1" branch="false" />
                <line number="20" hits="1" branch="false" />
                <line number="21" hits="1" branch="false" />
                <line number="22" hits="1" branch="false" />
                <line number="23" hits="1" branch="false" />
                <line number="24" hits="1" branch="false" />
                <line number="26" hits="1" branch="false" />
                <line number="27" hits="1" branch="false" />
              </lines>
            </method>
            <method name="GenerateToken_ShouldGenerateToken" signature="()" line-rate="1" branch-rate="1" complexity="1">
              <lines>
                <line number="31" hits="1" branch="false" />
                <line number="33" hits="1" branch="false" />
                <line number="34" hits="1" branch="false" />
                <line number="35" hits="1" branch="false" />
                <line number="36" hits="1" branch="false" />
                <line number="37" hits="1" branch="false" />
                <line number="40" hits="1" branch="false" />
                <line number="43" hits="1" branch="false" />
                <line number="44" hits="1" branch="false" />
              </lines>
            </method>
          </methods>
          <lines>
            <line number="18" hits="1" branch="false" />
            <line number="19" hits="1" branch="false" />
            <line number="20" hits="1" branch="false" />
            <line number="21" hits="1" branch="false" />
            <line number="22" hits="1" branch="false" />
            <line number="23" hits="1" branch="false" />
            <line number="24" hits="1" branch="false" />
            <line number="26" hits="1" branch="false" />
            <line number="27" hits="1" branch="false" />
            <line number="31" hits="1" branch="false" />
            <line number="33" hits="1" branch="false" />
            <line number="34" hits="1" branch="false" />
            <line number="35" hits="1" branch="false" />
            <line number="36" hits="1" branch="false" />
            <line number="37" hits="1" branch="false" />
            <line number="40" hits="1" branch="false" />
            <line number="43" hits="1" branch="false" />
            <line number="44" hits="1" branch="false" />
          </lines>
        </class>
        <class name="Cozy_Haven_Testing.User_Testing" filename="C:\Users\Lavanth\Desktop\Training\Integration\CozyHavenProject-main\Cozy_Haven_Testing\User_Testing.cs" line-rate="1" branch-rate="1" complexity="12">
          <methods>
            <method name="Setup" signature="()" line-rate="1" branch-rate="1" complexity="1">
              <lines>
                <line number="25" hits="11" branch="false" />
                <line number="26" hits="11" branch="false" />
                <line number="27" hits="11" branch="false" />
                <line number="28" hits="11" branch="false" />
                <line number="29" hits="11" branch="false" />
                <line number="30" hits="11" branch="false" />
              </lines>
            </method>
            <method name="DeleteUserTest" signature="()" line-rate="1" branch-rate="1" complexity="1">
              <lines>
                <line number="99" hits="1" branch="false" />
                <line number="101" hits="1" branch="false" />
                <line number="102" hits="1" branch="false" />
                <line number="103" hits="1" branch="false" />
                <line number="104" hits="1" branch="false" />
                <line number="107" hits="1" branch="false" />
                <line number="110" hits="1" branch="false" />
                <line number="112" hits="1" branch="false" />
              </lines>
            </method>
            <method name="GetAllUsersTest" signature="()" line-rate="1" branch-rate="1" complexity="1">
              <lines>
                <line number="69" hits="1" branch="false" />
                <line number="71" hits="1" branch="false" />
                <line number="72" hits="1" branch="false" />
                <line number="75" hits="1" branch="false" />
                <line number="78" hits="1" branch="false" />
                <line number="79" hits="1" branch="false" />
              </lines>
            </method>
            <method name="GetHotelOwners" signature="()" line-rate="1" branch-rate="1" complexity="1">
              <lines>
                <line number="196" hits="1" branch="false" />
                <line number="198" hits="1" branch="false" />
                <line number="199" hits="1" branch="false" />
                <line number="200" hits="1" branch="false" />
                <line number="201" hits="1" branch="false" />
                <line number="202" hits="1" branch="false" />
                <line number="203" hits="1" branch="false" />
                <line number="206" hits="1" branch="false" />
                <line number="209" hits="1" branch="false" />
                <line number="211" hits="1" branch="false" />
              </lines>
            </method>
            <method name="GetUserBookings" signature="()" line-rate="1" branch-rate="1" complexity="1">
              <lines>
                <line number="133" hits="1" branch="false" />
                <line number="135" hits="1" branch="false" />
                <line number="136" hits="1" branch="false" />
                <line number="137" hits="1" branch="false" />
                <line number="140" hits="1" branch="false" />
                <line number="143" hits="1" branch="false" />
                <line number="144" hits="1" branch="false" />
              </lines>
            </method>
            <method name="GetUserByUsernameOrEmail_UserExists_ReturnsUser" signature="()" line-rate="1" branch-rate="1" complexity="1">
              <lines>
                <line number="181" hits="1" branch="false" />
                <line number="183" hits="1" branch="false" />
                <line number="184" hits="1" branch="false" />
                <line number="185" hits="1" branch="false" />
                <line number="188" hits="1" branch="false" />
                <line number="191" hits="1" branch="false" />
                <line number="192" hits="1" branch="false" />
              </lines>
            </method>
            <method name="GetUserFavorites" signature="()" line-rate="1" branch-rate="1" complexity="1">
              <lines>
                <line number="165" hits="1" branch="false" />
                <line number="167" hits="1" branch="false" />
                <line number="168" hits="1" branch="false" />
                <line number="169" hits="1" branch="false" />
                <line number="172" hits="1" branch="false" />
                <line number="175" hits="1" branch="false" />
                <line number="177" hits="1" branch="false" />
              </lines>
            </method>
            <method name="GetUserReviews" signature="()" line-rate="1" branch-rate="1" complexity="1">
              <lines>
                <line number="149" hits="1" branch="false" />
                <line number="151" hits="1" branch="false" />
                <line number="152" hits="1" branch="false" />
                <line number="153" hits="1" branch="false" />
                <line number="156" hits="1" branch="false" />
                <line number="159" hits="1" branch="false" />
                <line number="161" hits="1" branch="false" />
              </lines>
            </method>
            <method name="GetUserTest" signature="()" line-rate="1" branch-rate="1" complexity="1">
              <lines>
                <line number="84" hits="1" branch="false" />
                <line number="86" hits="1" branch="false" />
                <line number="87" hits="1" branch="false" />
                <line number="88" hits="1" branch="false" />
                <line number="91" hits="1" branch="false" />
                <line number="94" hits="1" branch="false" />
                <line number="95" hits="1" branch="false" />
              </lines>
            </method>
            <method name="LoginSuccessTest" signature="()" line-rate="1" branch-rate="1" complexity="1">
              <lines>
                <line number="34" hits="1" branch="false" />
                <line number="36" hits="1" branch="false" />
                <line number="37" hits="1" branch="false" />
                <line number="39" hits="1" branch="false" />
                <line number="40" hits="1" branch="false" />
                <line number="43" hits="1" branch="false" />
                <line number="46" hits="1" branch="false" />
                <line number="48" hits="1" branch="false" />
              </lines>
            </method>
            <method name="RegisterSuccessTest" signature="()" line-rate="1" branch-rate="1" complexity="1">
              <lines>
                <line number="52" hits="1" branch="false" />
                <line number="54" hits="1" branch="false" />
                <line number="55" hits="1" branch="false" />
                <line number="57" hits="1" branch="false" />
                <line number="60" hits="1" branch="false" />
                <line number="63" hits="1" branch="false" />
                <line number="65" hits="1" branch="false" />
              </lines>
            </method>
            <method name="UpdatePasswordTest" signature="()" line-rate="1" branch-rate="1" complexity="1">
              <lines>
                <line number="117" hits="1" branch="false" />
                <line number="119" hits="1" branch="false" />
                <line number="120" hits="1" branch="false" />
                <line number="121" hits="1" branch="false" />
                <line number="122" hits="1" branch="false" />
                <line number="123" hits="2" branch="false" />
                <line number="126" hits="1" branch="false" />
                <line number="129" hits="1" branch="false" />
                <line number="130" hits="1" branch="false" />
              </lines>
            </method>
          </methods>
          <lines>
            <line number="25" hits="11" branch="false" />
            <line number="26" hits="11" branch="false" />
            <line number="27" hits="11" branch="false" />
            <line number="28" hits="11" branch="false" />
            <line number="29" hits="11" branch="false" />
            <line number="30" hits="11" branch="false" />
            <line number="34" hits="1" branch="false" />
            <line number="36" hits="1" branch="false" />
            <line number="37" hits="1" branch="false" />
            <line number="39" hits="1" branch="false" />
            <line number="40" hits="1" branch="false" />
            <line number="43" hits="1" branch="false" />
            <line number="46" hits="1" branch="false" />
            <line number="48" hits="1" branch="false" />
            <line number="52" hits="1" branch="false" />
            <line number="54" hits="1" branch="false" />
            <line number="55" hits="1" branch="false" />
            <line number="57" hits="1" branch="false" />
            <line number="60" hits="1" branch="false" />
            <line number="63" hits="1" branch="false" />
            <line number="65" hits="1" branch="false" />
            <line number="69" hits="1" branch="false" />
            <line number="71" hits="1" branch="false" />
            <line number="72" hits="1" branch="false" />
            <line number="75" hits="1" branch="false" />
            <line number="78" hits="1" branch="false" />
            <line number="79" hits="1" branch="false" />
            <line number="84" hits="1" branch="false" />
            <line number="86" hits="1" branch="false" />
            <line number="87" hits="1" branch="false" />
            <line number="88" hits="1" branch="false" />
            <line number="91" hits="1" branch="false" />
            <line number="94" hits="1" branch="false" />
            <line number="95" hits="1" branch="false" />
            <line number="99" hits="1" branch="false" />
            <line number="101" hits="1" branch="false" />
            <line number="102" hits="1" branch="false" />
            <line number="103" hits="1" branch="false" />
            <line number="104" hits="1" branch="false" />
            <line number="107" hits="1" branch="false" />
            <line number="110" hits="1" branch="false" />
            <line number="112" hits="1" branch="false" />
            <line number="117" hits="1" branch="false" />
            <line number="119" hits="1" branch="false" />
            <line number="120" hits="1" branch="false" />
            <line number="121" hits="1" branch="false" />
            <line number="122" hits="1" branch="false" />
            <line number="123" hits="2" branch="false" />
            <line number="126" hits="1" branch="false" />
            <line number="129" hits="1" branch="false" />
            <line number="130" hits="1" branch="false" />
            <line number="133" hits="1" branch="false" />
            <line number="135" hits="1" branch="false" />
            <line number="136" hits="1" branch="false" />
            <line number="137" hits="1" branch="false" />
            <line number="140" hits="1" branch="false" />
            <line number="143" hits="1" branch="false" />
            <line number="144" hits="1" branch="false" />
            <line number="149" hits="1" branch="false" />
            <line number="151" hits="1" branch="false" />
            <line number="152" hits="1" branch="false" />
            <line number="153" hits="1" branch="false" />
            <line number="156" hits="1" branch="false" />
            <line number="159" hits="1" branch="false" />
            <line number="161" hits="1" branch="false" />
            <line number="165" hits="1" branch="false" />
            <line number="167" hits="1" branch="false" />
            <line number="168" hits="1" branch="false" />
            <line number="169" hits="1" branch="false" />
            <line number="172" hits="1" branch="false" />
            <line number="175" hits="1" branch="false" />
            <line number="177" hits="1" branch="false" />
            <line number="181" hits="1" branch="false" />
            <line number="183" hits="1" branch="false" />
            <line number="184" hits="1" branch="false" />
            <line number="185" hits="1" branch="false" />
            <line number="188" hits="1" branch="false" />
            <line number="191" hits="1" branch="false" />
            <line number="192" hits="1" branch="false" />
            <line number="196" hits="1" branch="false" />
            <line number="198" hits="1" branch="false" />
            <line number="199" hits="1" branch="false" />
            <line number="200" hits="1" branch="false" />
            <line number="201" hits="1" branch="false" />
            <line number="202" hits="1" branch="false" />
            <line number="203" hits="1" branch="false" />
            <line number="206" hits="1" branch="false" />
            <line number="209" hits="1" branch="false" />
            <line number="211" hits="1" branch="false" />
          </lines>
        </class>
      </classes>
    </package>
  </packages>
</coverage>