TpTrace Verbose: 0 : 27960, 1, 2024/03/10, 15:15:59.670, 3467434265586, vstest.console.dll, Version: 17.8.0-release-23578-02 Current process architecture: X64
TpTrace Verbose: 0 : 27960, 1, 2024/03/10, 15:15:59.673, 3467434292754, vstest.console.dll, Runtime location: C:\Program Files\dotnet\shared\Microsoft.NETCore.App\8.0.1
TpTrace Verbose: 0 : 27960, 1, 2024/03/10, 15:15:59.677, 3467434329995, vstest.console.dll, ArtifactProcessingPostProcessModeProcessorExecutor.Initialize: ArtifactProcessingMode.Collect
TpTrace Verbose: 0 : 27960, 1, 2024/03/10, 15:15:59.677, 3467434331313, vstest.console.dll, TestSessionCorrelationIdProcessorModeProcessorExecutor.Initialize: TestSessionCorrelationId '17756_e8c25cc6-d597-4ef9-bb73-2ef22083dded'
TpTrace Information: 0 : 27960, 1, 2024/03/10, 15:15:59.683, 3467434394762, vstest.console.dll, FilePatternParser: The given file C:\Users\Lavanth\Desktop\Training\Integration\CozyHavenProject-main\Cozy_Haven_Testing\bin\Debug\net6.0\fine-code-coverage\build-output\Cozy_Haven_Testing.dll is a full path.
TpTrace Verbose: 0 : 27960, 1, 2024/03/10, 15:15:59.691, 3467434468272, vstest.console.dll, TestPluginCache.DiscoverTestExtensions: finding test extensions in assemblies ends with: RuntimeProvider.dll TPluginInfo: Microsoft.VisualStudio.TestPlatform.Common.ExtensionFramework.Utilities.TestRuntimePluginInformation TExtension: Microsoft.VisualStudio.TestPlatform.ObjectModel.Host.ITestRuntimeProvider
TpTrace Verbose: 0 : 27960, 1, 2024/03/10, 15:15:59.691, 3467434471689, vstest.console.dll, TestPluginCache.GetExtensionPaths: Filtered extension paths: 
TpTrace Verbose: 0 : 27960, 1, 2024/03/10, 15:15:59.691, 3467434472458, vstest.console.dll, TestPluginCache.GetExtensionPaths: Added default extension paths: C:\Program Files\dotnet\sdk\8.0.101\Extensions\Microsoft.Diagnostics.NETCore.Client.dll
C:\Program Files\dotnet\sdk\8.0.101\Extensions\Microsoft.TestPlatform.Extensions.BlameDataCollector.dll
C:\Program Files\dotnet\sdk\8.0.101\Extensions\Microsoft.TestPlatform.Extensions.EventLogCollector.dll
C:\Program Files\dotnet\sdk\8.0.101\Extensions\Microsoft.TestPlatform.TestHostRuntimeProvider.dll
C:\Program Files\dotnet\sdk\8.0.101\Extensions\Microsoft.VisualStudio.TestPlatform.Extensions.Html.TestLogger.dll
C:\Program Files\dotnet\sdk\8.0.101\Extensions\Microsoft.VisualStudio.TestPlatform.Extensions.Trx.TestLogger.dll
TpTrace Verbose: 0 : 27960, 1, 2024/03/10, 15:15:59.691, 3467434472730, vstest.console.dll, TestPluginCache.GetExtensionPaths: Added unfilterableExtensionPaths: 
TpTrace Information: 0 : 27960, 1, 2024/03/10, 15:15:59.692, 3467434480063, vstest.console.dll, AssemblyResolver.ctor: Creating AssemblyResolver with searchDirectories C:\Program Files\dotnet\sdk\8.0.101\Extensions,C:\Program Files\dotnet\sdk\8.0.101
TpTrace Verbose: 0 : 27960, 1, 2024/03/10, 15:15:59.693, 3467434496024, vstest.console.dll, TestPluginCache.DiscoverTestExtensions: Discovering the extensions using extension path.
TpTrace Verbose: 0 : 27960, 1, 2024/03/10, 15:15:59.694, 3467434497052, vstest.console.dll, TestPluginCache.GetExtensionPaths: Filtered extension paths: 
TpTrace Verbose: 0 : 27960, 1, 2024/03/10, 15:15:59.694, 3467434497410, vstest.console.dll, TestPluginCache.GetExtensionPaths: Added default extension paths: C:\Program Files\dotnet\sdk\8.0.101\Extensions\Microsoft.Diagnostics.NETCore.Client.dll
C:\Program Files\dotnet\sdk\8.0.101\Extensions\Microsoft.TestPlatform.Extensions.BlameDataCollector.dll
C:\Program Files\dotnet\sdk\8.0.101\Extensions\Microsoft.TestPlatform.Extensions.EventLogCollector.dll
C:\Program Files\dotnet\sdk\8.0.101\Extensions\Microsoft.TestPlatform.TestHostRuntimeProvider.dll
C:\Program Files\dotnet\sdk\8.0.101\Extensions\Microsoft.VisualStudio.TestPlatform.Extensions.Html.TestLogger.dll
C:\Program Files\dotnet\sdk\8.0.101\Extensions\Microsoft.VisualStudio.TestPlatform.Extensions.Trx.TestLogger.dll
TpTrace Verbose: 0 : 27960, 1, 2024/03/10, 15:15:59.694, 3467434497634, vstest.console.dll, TestPluginCache.GetExtensionPaths: Added unfilterableExtensionPaths: 
TpTrace Verbose: 0 : 27960, 1, 2024/03/10, 15:15:59.694, 3467434498163, vstest.console.dll, TestPluginCache.DiscoverTestExtensions: Discovering the extensions using allExtensionPaths: C:\Program Files\dotnet\sdk\8.0.101\Extensions\Microsoft.Diagnostics.NETCore.Client.dll
C:\Program Files\dotnet\sdk\8.0.101\Extensions\Microsoft.TestPlatform.Extensions.BlameDataCollector.dll
C:\Program Files\dotnet\sdk\8.0.101\Extensions\Microsoft.TestPlatform.Extensions.EventLogCollector.dll
C:\Program Files\dotnet\sdk\8.0.101\Extensions\Microsoft.TestPlatform.TestHostRuntimeProvider.dll
C:\Program Files\dotnet\sdk\8.0.101\Extensions\Microsoft.VisualStudio.TestPlatform.Extensions.Html.TestLogger.dll
C:\Program Files\dotnet\sdk\8.0.101\Extensions\Microsoft.VisualStudio.TestPlatform.Extensions.Trx.TestLogger.dll
TpTrace Information: 0 : 27960, 1, 2024/03/10, 15:15:59.694, 3467434499391, vstest.console.dll, AssemblyResolver.AddSearchDirectories: Adding more searchDirectories C:\Program Files\dotnet\sdk\8.0.101\Extensions,C:\Program Files\dotnet\sdk\8.0.101
TpTrace Information: 0 : 27960, 1, 2024/03/10, 15:15:59.694, 3467434499915, vstest.console.dll, AssemblyResolver.AddSearchDirectories: Adding more searchDirectories C:\Program Files\dotnet\sdk\8.0.101\Extensions,C:\Program Files\dotnet\sdk\8.0.101
TpTrace Information: 0 : 27960, 1, 2024/03/10, 15:15:59.694, 3467434500168, vstest.console.dll, AssemblyResolver.AddSearchDirectories: Adding more searchDirectories C:\Program Files\dotnet\sdk\8.0.101\Extensions,C:\Program Files\dotnet\sdk\8.0.101
TpTrace Information: 0 : 27960, 1, 2024/03/10, 15:15:59.694, 3467434500376, vstest.console.dll, AssemblyResolver.AddSearchDirectories: Adding more searchDirectories C:\Program Files\dotnet\sdk\8.0.101\Extensions,C:\Program Files\dotnet\sdk\8.0.101
TpTrace Information: 0 : 27960, 1, 2024/03/10, 15:15:59.694, 3467434500651, vstest.console.dll, AssemblyResolver.AddSearchDirectories: Adding more searchDirectories C:\Program Files\dotnet\sdk\8.0.101\Extensions,C:\Program Files\dotnet\sdk\8.0.101
TpTrace Information: 0 : 27960, 1, 2024/03/10, 15:15:59.694, 3467434500852, vstest.console.dll, AssemblyResolver.AddSearchDirectories: Adding more searchDirectories C:\Program Files\dotnet\sdk\8.0.101\Extensions,C:\Program Files\dotnet\sdk\8.0.101
TpTrace Information: 0 : 27960, 1, 2024/03/10, 15:15:59.695, 3467434507616, vstest.console.dll, AssemblyResolver.OnResolve: Microsoft.Diagnostics.NETCore.Client: Resolving assembly.
TpTrace Information: 0 : 27960, 1, 2024/03/10, 15:15:59.695, 3467434508335, vstest.console.dll, AssemblyResolver.OnResolve: Microsoft.Diagnostics.NETCore.Client: Searching in: 'C:\Program Files\dotnet\sdk\8.0.101\Extensions'.
TpTrace Information: 0 : 27960, 1, 2024/03/10, 15:15:59.706, 3467434618600, vstest.console.dll, AssemblyResolver.OnResolve: Microsoft.Diagnostics.NETCore.Client: Loading assembly 'C:\Program Files\dotnet\sdk\8.0.101\Extensions\Microsoft.Diagnostics.NETCore.Client.dll'.
TpTrace Information: 0 : 27960, 1, 2024/03/10, 15:15:59.707, 3467434635607, vstest.console.dll, AssemblyResolver.OnResolve: Resolved assembly: Microsoft.Diagnostics.NETCore.Client, from path: C:\Program Files\dotnet\sdk\8.0.101\Extensions\Microsoft.Diagnostics.NETCore.Client.dll
TpTrace Verbose: 0 : 27960, 1, 2024/03/10, 15:15:59.711, 3467434675524, vstest.console.dll, MetadataReaderExtensionsHelper: Discovering extensions inside assembly 'Microsoft.Diagnostics.NETCore.Client, Version=0.2.8.21101, Culture=neutral, PublicKeyToken=31bf3856ad364e35' file path 'C:\Program Files\dotnet\sdk\8.0.101\Extensions\Microsoft.Diagnostics.NETCore.Client.dll'
TpTrace Information: 0 : 27960, 1, 2024/03/10, 15:15:59.716, 3467434722498, vstest.console.dll, AssemblyResolver.OnResolve: Microsoft.Bcl.AsyncInterfaces: Resolving assembly.
TpTrace Information: 0 : 27960, 1, 2024/03/10, 15:15:59.716, 3467434723430, vstest.console.dll, AssemblyResolver.OnResolve: Microsoft.Bcl.AsyncInterfaces: Searching in: 'C:\Program Files\dotnet\sdk\8.0.101\Extensions'.
TpTrace Information: 0 : 27960, 1, 2024/03/10, 15:15:59.716, 3467434724177, vstest.console.dll, AssemblyResolver.OnResolve: Microsoft.Bcl.AsyncInterfaces: Assembly path does not exist: 'C:\Program Files\dotnet\sdk\8.0.101\Extensions\Microsoft.Bcl.AsyncInterfaces.dll', returning.
TpTrace Information: 0 : 27960, 1, 2024/03/10, 15:15:59.716, 3467434725161, vstest.console.dll, AssemblyResolver.OnResolve: Microsoft.Bcl.AsyncInterfaces: Assembly path does not exist: 'C:\Program Files\dotnet\sdk\8.0.101\Extensions\Microsoft.Bcl.AsyncInterfaces.exe', returning.
TpTrace Information: 0 : 27960, 1, 2024/03/10, 15:15:59.716, 3467434725435, vstest.console.dll, AssemblyResolver.OnResolve: Microsoft.Bcl.AsyncInterfaces: Searching in: 'C:\Program Files\dotnet\sdk\8.0.101'.
TpTrace Information: 0 : 27960, 1, 2024/03/10, 15:15:59.716, 3467434725912, vstest.console.dll, AssemblyResolver.OnResolve: Microsoft.Bcl.AsyncInterfaces: Assembly path does not exist: 'C:\Program Files\dotnet\sdk\8.0.101\Microsoft.Bcl.AsyncInterfaces.dll', returning.
TpTrace Information: 0 : 27960, 1, 2024/03/10, 15:15:59.716, 3467434726347, vstest.console.dll, AssemblyResolver.OnResolve: Microsoft.Bcl.AsyncInterfaces: Assembly path does not exist: 'C:\Program Files\dotnet\sdk\8.0.101\Microsoft.Bcl.AsyncInterfaces.exe', returning.
TpTrace Information: 0 : 27960, 1, 2024/03/10, 15:15:59.716, 3467434726558, vstest.console.dll, AssemblyResolver.OnResolve: Microsoft.Bcl.AsyncInterfaces: Failed to load assembly.
TpTrace Verbose: 0 : 27960, 1, 2024/03/10, 15:15:59.717, 3467434726888, vstest.console.dll, CurrentDomainAssemblyResolve: Resolving assembly 'Microsoft.Bcl.AsyncInterfaces'.
TpTrace Information: 0 : 27960, 1, 2024/03/10, 15:15:59.717, 3467434727365, vstest.console.dll, AssemblyResolver.OnResolve: Microsoft.Bcl.AsyncInterfaces: Resolving assembly.
TpTrace Information: 0 : 27960, 1, 2024/03/10, 15:15:59.717, 3467434727642, vstest.console.dll, AssemblyResolver.OnResolve: Microsoft.Bcl.AsyncInterfaces: Resolved from cache.
TpTrace Verbose: 0 : 27960, 1, 2024/03/10, 15:15:59.717, 3467434727805, vstest.console.dll, CurrentDomainAssemblyResolve: Resolving assembly 'Microsoft.Bcl.AsyncInterfaces'.
TpTrace Verbose: 0 : 27960, 1, 2024/03/10, 15:15:59.717, 3467434728009, vstest.console.dll, CurrentDomainAssemblyResolve: Failed to resolve assembly 'Microsoft.Bcl.AsyncInterfaces'.
TpTrace Verbose: 0 : 27960, 1, 2024/03/10, 15:15:59.720, 3467434757506, vstest.console.dll, CurrentDomainAssemblyResolve: Failed to resolve assembly 'Microsoft.Bcl.AsyncInterfaces'.
TpTrace Warning: 0 : 27960, 1, 2024/03/10, 15:15:59.733, 3467434887684, vstest.console.dll, TestPluginDiscoverer: Failed to get types from assembly 'Microsoft.Diagnostics.NETCore.Client, Version=0.2.8.21101, Culture=neutral, PublicKeyToken=31bf3856ad364e35'. Error: System.Reflection.ReflectionTypeLoadException: Unable to load one or more of the requested types.
Could not load file or assembly 'Microsoft.Bcl.AsyncInterfaces, Version=1.0.0.0, Culture=neutral, PublicKeyToken=cc7b13ffcd2ddd51'. The system cannot find the file specified.
   at System.Reflection.RuntimeModule.GetTypes(RuntimeModule module)
   at System.Reflection.RuntimeModule.GetTypes()
   at Microsoft.VisualStudio.TestPlatform.Common.ExtensionFramework.TestPluginDiscoverer.GetTestExtensionsFromAssembly[TPluginInfo,TExtension](Assembly assembly, Dictionary`2 pluginInfos, String filePath) in /_/src/Microsoft.TestPlatform.Common/ExtensionFramework/TestPluginDiscoverer.cs:line 158
System.IO.FileNotFoundException: Could not load file or assembly 'Microsoft.Bcl.AsyncInterfaces, Version=1.0.0.0, Culture=neutral, PublicKeyToken=cc7b13ffcd2ddd51'. The system cannot find the file specified.
File name: 'Microsoft.Bcl.AsyncInterfaces, Version=1.0.0.0, Culture=neutral, PublicKeyToken=cc7b13ffcd2ddd51'
 ---> System.IO.FileNotFoundException: Could not load file or assembly 'Microsoft.Bcl.AsyncInterfaces, Culture=neutral, PublicKeyToken=null'. The system cannot find the file specified.
File name: 'Microsoft.Bcl.AsyncInterfaces, Culture=neutral, PublicKeyToken=null'
   at System.Reflection.RuntimeAssembly.InternalLoad(AssemblyName assemblyName, StackCrawlMark& stackMark, AssemblyLoadContext assemblyLoadContext, RuntimeAssembly requestingAssembly, Boolean throwOnFileNotFound)
   at System.Reflection.Assembly.Load(AssemblyName assemblyRef)
   at Microsoft.VisualStudio.TestPlatform.Common.ExtensionFramework.TestPluginCache.CurrentDomainAssemblyResolve(Object sender, AssemblyResolveEventArgs args) in /_/src/Microsoft.TestPlatform.Common/ExtensionFramework/TestPluginCache.cs:line 513
   at System.Runtime.Loader.AssemblyLoadContext.GetFirstResolvedAssemblyFromResolvingEvent(AssemblyName assemblyName)
   at System.Runtime.Loader.AssemblyLoadContext.ResolveUsingEvent(AssemblyName assemblyName)
   at System.Runtime.Loader.AssemblyLoadContext.ResolveUsingResolvingEvent(IntPtr gchManagedAssemblyLoadContext, AssemblyName assemblyName)
TpTrace Warning: 0 : 27960, 1, 2024/03/10, 15:15:59.733, 3467434890591, vstest.console.dll, LoaderExceptions: System.IO.FileNotFoundException: Could not load file or assembly 'Microsoft.Bcl.AsyncInterfaces, Version=1.0.0.0, Culture=neutral, PublicKeyToken=cc7b13ffcd2ddd51'. The system cannot find the file specified.
File name: 'Microsoft.Bcl.AsyncInterfaces, Version=1.0.0.0, Culture=neutral, PublicKeyToken=cc7b13ffcd2ddd51'
 ---> System.IO.FileNotFoundException: Could not load file or assembly 'Microsoft.Bcl.AsyncInterfaces, Culture=neutral, PublicKeyToken=null'. The system cannot find the file specified.
File name: 'Microsoft.Bcl.AsyncInterfaces, Culture=neutral, PublicKeyToken=null'
   at System.Reflection.RuntimeAssembly.InternalLoad(AssemblyName assemblyName, StackCrawlMark& stackMark, AssemblyLoadContext assemblyLoadContext, RuntimeAssembly requestingAssembly, Boolean throwOnFileNotFound)
   at System.Reflection.Assembly.Load(AssemblyName assemblyRef)
   at Microsoft.VisualStudio.TestPlatform.Common.ExtensionFramework.TestPluginCache.CurrentDomainAssemblyResolve(Object sender, AssemblyResolveEventArgs args) in /_/src/Microsoft.TestPlatform.Common/ExtensionFramework/TestPluginCache.cs:line 513
   at System.Runtime.Loader.AssemblyLoadContext.GetFirstResolvedAssemblyFromResolvingEvent(AssemblyName assemblyName)
   at System.Runtime.Loader.AssemblyLoadContext.ResolveUsingEvent(AssemblyName assemblyName)
   at System.Runtime.Loader.AssemblyLoadContext.ResolveUsingResolvingEvent(IntPtr gchManagedAssemblyLoadContext, AssemblyName assemblyName)
TpTrace Information: 0 : 27960, 1, 2024/03/10, 15:15:59.733, 3467434891695, vstest.console.dll, AssemblyResolver.OnResolve: Microsoft.TestPlatform.Extensions.BlameDataCollector: Resolving assembly.
TpTrace Information: 0 : 27960, 1, 2024/03/10, 15:15:59.733, 3467434891987, vstest.console.dll, AssemblyResolver.OnResolve: Microsoft.TestPlatform.Extensions.BlameDataCollector: Searching in: 'C:\Program Files\dotnet\sdk\8.0.101\Extensions'.
TpTrace Information: 0 : 27960, 1, 2024/03/10, 15:15:59.734, 3467434899142, vstest.console.dll, AssemblyResolver.OnResolve: Microsoft.TestPlatform.Extensions.BlameDataCollector: Loading assembly 'C:\Program Files\dotnet\sdk\8.0.101\Extensions\Microsoft.TestPlatform.Extensions.BlameDataCollector.dll'.
TpTrace Information: 0 : 27960, 1, 2024/03/10, 15:15:59.735, 3467434908806, vstest.console.dll, AssemblyResolver.OnResolve: Resolved assembly: Microsoft.TestPlatform.Extensions.BlameDataCollector, from path: C:\Program Files\dotnet\sdk\8.0.101\Extensions\Microsoft.TestPlatform.Extensions.BlameDataCollector.dll
TpTrace Verbose: 0 : 27960, 1, 2024/03/10, 15:15:59.735, 3467434909557, vstest.console.dll, MetadataReaderExtensionsHelper: Discovering extensions inside assembly 'Microsoft.TestPlatform.Extensions.BlameDataCollector, Version=15.0.0.0, Culture=neutral, PublicKeyToken=b03f5f7f11d50a3a' file path 'C:\Program Files\dotnet\sdk\8.0.101\Extensions\Microsoft.TestPlatform.Extensions.BlameDataCollector.dll'
TpTrace Information: 0 : 27960, 1, 2024/03/10, 15:15:59.736, 3467434926161, vstest.console.dll, AssemblyResolver.OnResolve: Microsoft.TestPlatform.Extensions.EventLogCollector: Resolving assembly.
TpTrace Information: 0 : 27960, 1, 2024/03/10, 15:15:59.737, 3467434926671, vstest.console.dll, AssemblyResolver.OnResolve: Microsoft.TestPlatform.Extensions.EventLogCollector: Searching in: 'C:\Program Files\dotnet\sdk\8.0.101\Extensions'.
TpTrace Information: 0 : 27960, 1, 2024/03/10, 15:15:59.737, 3467434933637, vstest.console.dll, AssemblyResolver.OnResolve: Microsoft.TestPlatform.Extensions.EventLogCollector: Loading assembly 'C:\Program Files\dotnet\sdk\8.0.101\Extensions\Microsoft.TestPlatform.Extensions.EventLogCollector.dll'.
TpTrace Information: 0 : 27960, 1, 2024/03/10, 15:15:59.737, 3467434936577, vstest.console.dll, AssemblyResolver.OnResolve: Resolved assembly: Microsoft.TestPlatform.Extensions.EventLogCollector, from path: C:\Program Files\dotnet\sdk\8.0.101\Extensions\Microsoft.TestPlatform.Extensions.EventLogCollector.dll
TpTrace Verbose: 0 : 27960, 1, 2024/03/10, 15:15:59.738, 3467434937133, vstest.console.dll, MetadataReaderExtensionsHelper: Discovering extensions inside assembly 'Microsoft.TestPlatform.Extensions.EventLogCollector, Version=15.0.0.0, Culture=neutral, PublicKeyToken=b03f5f7f11d50a3a' file path 'C:\Program Files\dotnet\sdk\8.0.101\Extensions\Microsoft.TestPlatform.Extensions.EventLogCollector.dll'
TpTrace Information: 0 : 27960, 1, 2024/03/10, 15:15:59.740, 3467434961772, vstest.console.dll, AssemblyResolver.OnResolve: Microsoft.TestPlatform.TestHostRuntimeProvider: Resolving assembly.
TpTrace Information: 0 : 27960, 1, 2024/03/10, 15:15:59.740, 3467434962495, vstest.console.dll, AssemblyResolver.OnResolve: Microsoft.TestPlatform.TestHostRuntimeProvider: Searching in: 'C:\Program Files\dotnet\sdk\8.0.101\Extensions'.
TpTrace Information: 0 : 27960, 1, 2024/03/10, 15:15:59.741, 3467434967390, vstest.console.dll, AssemblyResolver.OnResolve: Microsoft.TestPlatform.TestHostRuntimeProvider: Loading assembly 'C:\Program Files\dotnet\sdk\8.0.101\Extensions\Microsoft.TestPlatform.TestHostRuntimeProvider.dll'.
TpTrace Information: 0 : 27960, 1, 2024/03/10, 15:15:59.742, 3467434978612, vstest.console.dll, AssemblyResolver.OnResolve: Resolved assembly: Microsoft.TestPlatform.TestHostRuntimeProvider, from path: C:\Program Files\dotnet\sdk\8.0.101\Extensions\Microsoft.TestPlatform.TestHostRuntimeProvider.dll
TpTrace Verbose: 0 : 27960, 1, 2024/03/10, 15:15:59.742, 3467434979364, vstest.console.dll, MetadataReaderExtensionsHelper: Discovering extensions inside assembly 'Microsoft.TestPlatform.TestHostRuntimeProvider, Version=15.0.0.0, Culture=neutral, PublicKeyToken=b03f5f7f11d50a3a' file path 'C:\Program Files\dotnet\sdk\8.0.101\Extensions\Microsoft.TestPlatform.TestHostRuntimeProvider.dll'
TpTrace Information: 0 : 27960, 1, 2024/03/10, 15:15:59.744, 3467434999327, vstest.console.dll, GetTestExtensionFromType: Register extension with identifier data 'HostProvider://DefaultTestHost' and type 'Microsoft.VisualStudio.TestPlatform.CrossPlatEngine.Hosting.DefaultTestHostManager, Microsoft.TestPlatform.TestHostRuntimeProvider, Version=15.0.0.0, Culture=neutral, PublicKeyToken=b03f5f7f11d50a3a' inside file 'C:\Program Files\dotnet\sdk\8.0.101\Extensions\Microsoft.TestPlatform.TestHostRuntimeProvider.dll'
TpTrace Information: 0 : 27960, 1, 2024/03/10, 15:15:59.744, 3467435001876, vstest.console.dll, GetTestExtensionFromType: Register extension with identifier data 'HostProvider://DotnetTestHost' and type 'Microsoft.VisualStudio.TestPlatform.CrossPlatEngine.Hosting.DotnetTestHostManager, Microsoft.TestPlatform.TestHostRuntimeProvider, Version=15.0.0.0, Culture=neutral, PublicKeyToken=b03f5f7f11d50a3a' inside file 'C:\Program Files\dotnet\sdk\8.0.101\Extensions\Microsoft.TestPlatform.TestHostRuntimeProvider.dll'
TpTrace Information: 0 : 27960, 1, 2024/03/10, 15:15:59.744, 3467435002592, vstest.console.dll, AssemblyResolver.OnResolve: Microsoft.VisualStudio.TestPlatform.Extensions.Html.TestLogger: Resolving assembly.
TpTrace Information: 0 : 27960, 1, 2024/03/10, 15:15:59.744, 3467435002839, vstest.console.dll, AssemblyResolver.OnResolve: Microsoft.VisualStudio.TestPlatform.Extensions.Html.TestLogger: Searching in: 'C:\Program Files\dotnet\sdk\8.0.101\Extensions'.
TpTrace Information: 0 : 27960, 1, 2024/03/10, 15:15:59.745, 3467435007197, vstest.console.dll, AssemblyResolver.OnResolve: Microsoft.VisualStudio.TestPlatform.Extensions.Html.TestLogger: Loading assembly 'C:\Program Files\dotnet\sdk\8.0.101\Extensions\Microsoft.VisualStudio.TestPlatform.Extensions.Html.TestLogger.dll'.
TpTrace Information: 0 : 27960, 1, 2024/03/10, 15:15:59.745, 3467435012731, vstest.console.dll, AssemblyResolver.OnResolve: Resolved assembly: Microsoft.VisualStudio.TestPlatform.Extensions.Html.TestLogger, from path: C:\Program Files\dotnet\sdk\8.0.101\Extensions\Microsoft.VisualStudio.TestPlatform.Extensions.Html.TestLogger.dll
TpTrace Verbose: 0 : 27960, 1, 2024/03/10, 15:15:59.745, 3467435013433, vstest.console.dll, MetadataReaderExtensionsHelper: Discovering extensions inside assembly 'Microsoft.VisualStudio.TestPlatform.Extensions.Html.TestLogger, Version=15.0.0.0, Culture=neutral, PublicKeyToken=b03f5f7f11d50a3a' file path 'C:\Program Files\dotnet\sdk\8.0.101\Extensions\Microsoft.VisualStudio.TestPlatform.Extensions.Html.TestLogger.dll'
TpTrace Information: 0 : 27960, 1, 2024/03/10, 15:15:59.746, 3467435020286, vstest.console.dll, AssemblyResolver.OnResolve: Microsoft.VisualStudio.TestPlatform.Extensions.Trx.TestLogger: Resolving assembly.
TpTrace Information: 0 : 27960, 1, 2024/03/10, 15:15:59.746, 3467435020681, vstest.console.dll, AssemblyResolver.OnResolve: Microsoft.VisualStudio.TestPlatform.Extensions.Trx.TestLogger: Searching in: 'C:\Program Files\dotnet\sdk\8.0.101\Extensions'.
TpTrace Information: 0 : 27960, 1, 2024/03/10, 15:15:59.747, 3467435027360, vstest.console.dll, AssemblyResolver.OnResolve: Microsoft.VisualStudio.TestPlatform.Extensions.Trx.TestLogger: Loading assembly 'C:\Program Files\dotnet\sdk\8.0.101\Extensions\Microsoft.VisualStudio.TestPlatform.Extensions.Trx.TestLogger.dll'.
TpTrace Information: 0 : 27960, 1, 2024/03/10, 15:15:59.748, 3467435037474, vstest.console.dll, AssemblyResolver.OnResolve: Resolved assembly: Microsoft.VisualStudio.TestPlatform.Extensions.Trx.TestLogger, from path: C:\Program Files\dotnet\sdk\8.0.101\Extensions\Microsoft.VisualStudio.TestPlatform.Extensions.Trx.TestLogger.dll
TpTrace Verbose: 0 : 27960, 1, 2024/03/10, 15:15:59.748, 3467435038222, vstest.console.dll, MetadataReaderExtensionsHelper: Discovering extensions inside assembly 'Microsoft.VisualStudio.TestPlatform.Extensions.Trx.TestLogger, Version=15.0.0.0, Culture=neutral, PublicKeyToken=b03f5f7f11d50a3a' file path 'C:\Program Files\dotnet\sdk\8.0.101\Extensions\Microsoft.VisualStudio.TestPlatform.Extensions.Trx.TestLogger.dll'
TpTrace Verbose: 0 : 27960, 1, 2024/03/10, 15:15:59.749, 3467435052549, vstest.console.dll, TestPluginCache: Discovered the extensions using extension path ''.
TpTrace Verbose: 0 : 27960, 1, 2024/03/10, 15:15:59.749, 3467435053260, vstest.console.dll, TestPluginCache: Discoverers are ''.
TpTrace Verbose: 0 : 27960, 1, 2024/03/10, 15:15:59.749, 3467435053484, vstest.console.dll, TestPluginCache: Executors are ''.
TpTrace Verbose: 0 : 27960, 1, 2024/03/10, 15:15:59.749, 3467435053669, vstest.console.dll, TestPluginCache: Executors2 are ''.
TpTrace Verbose: 0 : 27960, 1, 2024/03/10, 15:15:59.749, 3467435053839, vstest.console.dll, TestPluginCache: Setting providers are ''.
TpTrace Verbose: 0 : 27960, 1, 2024/03/10, 15:15:59.749, 3467435054010, vstest.console.dll, TestPluginCache: Loggers are ''.
TpTrace Verbose: 0 : 27960, 1, 2024/03/10, 15:15:59.749, 3467435055752, vstest.console.dll, TestPluginCache: TestHosts are 'HostProvider://DefaultTestHost,HostProvider://DotnetTestHost'.
TpTrace Verbose: 0 : 27960, 1, 2024/03/10, 15:15:59.749, 3467435056088, vstest.console.dll, TestPluginCache: DataCollectors are ''.
TpTrace Information: 0 : 27960, 1, 2024/03/10, 15:15:59.770, 3467435260411, vstest.console.dll, RunTestsArgumentProcessor:Execute: Test run is starting.
TpTrace Verbose: 0 : 27960, 1, 2024/03/10, 15:15:59.770, 3467435261341, vstest.console.dll, RunTestsArgumentProcessor:Execute: Queuing Test run.
TpTrace Information: 0 : 27960, 1, 2024/03/10, 15:15:59.770, 3467435262786, vstest.console.dll, TestRequestManager.RunTests: run tests started.
TpTrace Information: 0 : 27960, 1, 2024/03/10, 15:15:59.771, 3467435271863, vstest.console.dll, AssemblyMetadataProvider.GetFrameworkName: Determined framework:'.NETCoreApp,Version=v6.0' for source: 'C:\Users\Lavanth\Desktop\Training\Integration\CozyHavenProject-main\Cozy_Haven_Testing\bin\Debug\net6.0\fine-code-coverage\build-output\Cozy_Haven_Testing.dll'
TpTrace Information: 0 : 27960, 1, 2024/03/10, 15:15:59.771, 3467435272846, vstest.console.dll, Determined framework for all sources: .NETCoreApp,Version=v6.0
TpTrace Verbose: 0 : 27960, 1, 2024/03/10, 15:15:59.771, 3467435275788, vstest.console.dll, TestRequestManager.UpdateRunSettingsIfRequired: Default architecture: X64 IsDefaultTargetArchitecture: True, Current process architecture: X64 OperatingSystem: Windows.
TpTrace Information: 0 : 27960, 1, 2024/03/10, 15:15:59.773, 3467435286857, vstest.console.dll, AssemblyMetadataProvider.GetArchitecture: Determined architecture:AnyCPU info for assembly: C:\Users\Lavanth\Desktop\Training\Integration\CozyHavenProject-main\Cozy_Haven_Testing\bin\Debug\net6.0\fine-code-coverage\build-output\Cozy_Haven_Testing.dll
TpTrace Information: 0 : 27960, 1, 2024/03/10, 15:15:59.773, 3467435287257, vstest.console.dll, Determined platform for source 'C:\Users\Lavanth\Desktop\Training\Integration\CozyHavenProject-main\Cozy_Haven_Testing\bin\Debug\net6.0\fine-code-coverage\build-output\Cozy_Haven_Testing.dll' was AnyCPU and it will use the default plaform X64.
TpTrace Information: 0 : 27960, 1, 2024/03/10, 15:15:59.773, 3467435287443, vstest.console.dll, None of the sources provided any runnable platform, using the default platform: X64
TpTrace Information: 0 : 27960, 1, 2024/03/10, 15:15:59.773, 3467435288029, vstest.console.dll, Platform was updated to 'X64'.
TpTrace Information: 0 : 27960, 1, 2024/03/10, 15:15:59.777, 3467435331154, vstest.console.dll, InferRunSettingsHelper.IsTestSettingsEnabled: Unable to navigate to RunSettings/MSTest. Current node: RunSettings
TpTrace Information: 0 : 27960, 1, 2024/03/10, 15:15:59.777, 3467435335991, vstest.console.dll, AssemblyResolver.OnResolve: Microsoft.VisualStudio.TestPlatform.Fakes: Resolving assembly.
TpTrace Information: 0 : 27960, 1, 2024/03/10, 15:15:59.777, 3467435336443, vstest.console.dll, AssemblyResolver.OnResolve: Microsoft.VisualStudio.TestPlatform.Fakes: Searching in: 'C:\Program Files\dotnet\sdk\8.0.101\Extensions'.
TpTrace Information: 0 : 27960, 1, 2024/03/10, 15:15:59.778, 3467435337069, vstest.console.dll, AssemblyResolver.OnResolve: Microsoft.VisualStudio.TestPlatform.Fakes: Assembly path does not exist: 'C:\Program Files\dotnet\sdk\8.0.101\Extensions\Microsoft.VisualStudio.TestPlatform.Fakes.dll', returning.
TpTrace Information: 0 : 27960, 1, 2024/03/10, 15:15:59.778, 3467435337528, vstest.console.dll, AssemblyResolver.OnResolve: Microsoft.VisualStudio.TestPlatform.Fakes: Assembly path does not exist: 'C:\Program Files\dotnet\sdk\8.0.101\Extensions\Microsoft.VisualStudio.TestPlatform.Fakes.exe', returning.
TpTrace Information: 0 : 27960, 1, 2024/03/10, 15:15:59.778, 3467435337822, vstest.console.dll, AssemblyResolver.OnResolve: Microsoft.VisualStudio.TestPlatform.Fakes: Searching in: 'C:\Program Files\dotnet\sdk\8.0.101'.
TpTrace Information: 0 : 27960, 1, 2024/03/10, 15:15:59.778, 3467435338263, vstest.console.dll, AssemblyResolver.OnResolve: Microsoft.VisualStudio.TestPlatform.Fakes: Assembly path does not exist: 'C:\Program Files\dotnet\sdk\8.0.101\Microsoft.VisualStudio.TestPlatform.Fakes.dll', returning.
TpTrace Information: 0 : 27960, 1, 2024/03/10, 15:15:59.778, 3467435338675, vstest.console.dll, AssemblyResolver.OnResolve: Microsoft.VisualStudio.TestPlatform.Fakes: Assembly path does not exist: 'C:\Program Files\dotnet\sdk\8.0.101\Microsoft.VisualStudio.TestPlatform.Fakes.exe', returning.
TpTrace Information: 0 : 27960, 1, 2024/03/10, 15:15:59.778, 3467435338883, vstest.console.dll, AssemblyResolver.OnResolve: Microsoft.VisualStudio.TestPlatform.Fakes: Failed to load assembly.
TpTrace Information: 0 : 27960, 1, 2024/03/10, 15:15:59.778, 3467435340956, vstest.console.dll, Failed to load assembly Microsoft.VisualStudio.TestPlatform.Fakes, Version=17.0.0.0, Culture=neutral. Reason:System.IO.FileNotFoundException: Could not load file or assembly 'Microsoft.VisualStudio.TestPlatform.Fakes, Version=17.0.0.0, Culture=neutral, PublicKeyToken=null'. The system cannot find the file specified.
File name: 'Microsoft.VisualStudio.TestPlatform.Fakes, Version=17.0.0.0, Culture=neutral, PublicKeyToken=null'
   at System.Reflection.RuntimeAssembly.InternalLoad(AssemblyName assemblyName, StackCrawlMark& stackMark, AssemblyLoadContext assemblyLoadContext, RuntimeAssembly requestingAssembly, Boolean throwOnFileNotFound)
   at System.Reflection.Assembly.Load(AssemblyName assemblyRef)
   at Microsoft.VisualStudio.TestPlatform.Common.Utilities.FakesUtilities.LoadTestPlatformAssembly() in /_/src/Microsoft.TestPlatform.Common/Utilities/FakesUtilities.cs:line 272
TpTrace Verbose: 0 : 27960, 1, 2024/03/10, 15:15:59.780, 3467435366563, vstest.console.dll, TestPluginCache.DiscoverTestExtensions: finding test extensions in assemblies ends with: TestLogger.dll TPluginInfo: Microsoft.VisualStudio.TestPlatform.Common.ExtensionFramework.Utilities.TestLoggerPluginInformation TExtension: Microsoft.VisualStudio.TestPlatform.ObjectModel.Client.ITestLogger
TpTrace Verbose: 0 : 27960, 1, 2024/03/10, 15:15:59.781, 3467435367244, vstest.console.dll, TestPluginCache.GetExtensionPaths: Filtered extension paths: 
TpTrace Verbose: 0 : 27960, 1, 2024/03/10, 15:15:59.781, 3467435367504, vstest.console.dll, TestPluginCache.GetExtensionPaths: Added default extension paths: C:\Program Files\dotnet\sdk\8.0.101\Extensions\Microsoft.Diagnostics.NETCore.Client.dll
C:\Program Files\dotnet\sdk\8.0.101\Extensions\Microsoft.TestPlatform.Extensions.BlameDataCollector.dll
C:\Program Files\dotnet\sdk\8.0.101\Extensions\Microsoft.TestPlatform.Extensions.EventLogCollector.dll
C:\Program Files\dotnet\sdk\8.0.101\Extensions\Microsoft.TestPlatform.TestHostRuntimeProvider.dll
C:\Program Files\dotnet\sdk\8.0.101\Extensions\Microsoft.VisualStudio.TestPlatform.Extensions.Html.TestLogger.dll
C:\Program Files\dotnet\sdk\8.0.101\Extensions\Microsoft.VisualStudio.TestPlatform.Extensions.Trx.TestLogger.dll
TpTrace Verbose: 0 : 27960, 1, 2024/03/10, 15:15:59.781, 3467435367722, vstest.console.dll, TestPluginCache.GetExtensionPaths: Added unfilterableExtensionPaths: 
TpTrace Information: 0 : 27960, 1, 2024/03/10, 15:15:59.781, 3467435368846, vstest.console.dll, AssemblyResolver.AddSearchDirectories: Adding more searchDirectories C:\Program Files\dotnet\sdk\8.0.101\Extensions,C:\Program Files\dotnet\sdk\8.0.101
TpTrace Verbose: 0 : 27960, 1, 2024/03/10, 15:15:59.781, 3467435369201, vstest.console.dll, TestPluginCache.DiscoverTestExtensions: Discovering the extensions using extension path.
TpTrace Verbose: 0 : 27960, 1, 2024/03/10, 15:15:59.781, 3467435369422, vstest.console.dll, TestPluginCache.GetExtensionPaths: Filtered extension paths: 
TpTrace Verbose: 0 : 27960, 1, 2024/03/10, 15:15:59.781, 3467435369654, vstest.console.dll, TestPluginCache.GetExtensionPaths: Added default extension paths: C:\Program Files\dotnet\sdk\8.0.101\Extensions\Microsoft.Diagnostics.NETCore.Client.dll
C:\Program Files\dotnet\sdk\8.0.101\Extensions\Microsoft.TestPlatform.Extensions.BlameDataCollector.dll
C:\Program Files\dotnet\sdk\8.0.101\Extensions\Microsoft.TestPlatform.Extensions.EventLogCollector.dll
C:\Program Files\dotnet\sdk\8.0.101\Extensions\Microsoft.TestPlatform.TestHostRuntimeProvider.dll
C:\Program Files\dotnet\sdk\8.0.101\Extensions\Microsoft.VisualStudio.TestPlatform.Extensions.Html.TestLogger.dll
C:\Program Files\dotnet\sdk\8.0.101\Extensions\Microsoft.VisualStudio.TestPlatform.Extensions.Trx.TestLogger.dll
TpTrace Verbose: 0 : 27960, 1, 2024/03/10, 15:15:59.781, 3467435369827, vstest.console.dll, TestPluginCache.GetExtensionPaths: Added unfilterableExtensionPaths: 
TpTrace Verbose: 0 : 27960, 1, 2024/03/10, 15:15:59.781, 3467435370048, vstest.console.dll, TestPluginCache.DiscoverTestExtensions: Discovering the extensions using allExtensionPaths: C:\Program Files\dotnet\sdk\8.0.101\Extensions\Microsoft.Diagnostics.NETCore.Client.dll
C:\Program Files\dotnet\sdk\8.0.101\Extensions\Microsoft.TestPlatform.Extensions.BlameDataCollector.dll
C:\Program Files\dotnet\sdk\8.0.101\Extensions\Microsoft.TestPlatform.Extensions.EventLogCollector.dll
C:\Program Files\dotnet\sdk\8.0.101\Extensions\Microsoft.TestPlatform.TestHostRuntimeProvider.dll
C:\Program Files\dotnet\sdk\8.0.101\Extensions\Microsoft.VisualStudio.TestPlatform.Extensions.Html.TestLogger.dll
C:\Program Files\dotnet\sdk\8.0.101\Extensions\Microsoft.VisualStudio.TestPlatform.Extensions.Trx.TestLogger.dll
TpTrace Information: 0 : 27960, 1, 2024/03/10, 15:15:59.781, 3467435370711, vstest.console.dll, AssemblyResolver.AddSearchDirectories: Adding more searchDirectories C:\Program Files\dotnet\sdk\8.0.101\Extensions,C:\Program Files\dotnet\sdk\8.0.101
TpTrace Information: 0 : 27960, 1, 2024/03/10, 15:15:59.781, 3467435371006, vstest.console.dll, AssemblyResolver.AddSearchDirectories: Adding more searchDirectories C:\Program Files\dotnet\sdk\8.0.101\Extensions,C:\Program Files\dotnet\sdk\8.0.101
TpTrace Information: 0 : 27960, 1, 2024/03/10, 15:15:59.781, 3467435371191, vstest.console.dll, AssemblyResolver.AddSearchDirectories: Adding more searchDirectories C:\Program Files\dotnet\sdk\8.0.101\Extensions,C:\Program Files\dotnet\sdk\8.0.101
TpTrace Information: 0 : 27960, 1, 2024/03/10, 15:15:59.781, 3467435371355, vstest.console.dll, AssemblyResolver.AddSearchDirectories: Adding more searchDirectories C:\Program Files\dotnet\sdk\8.0.101\Extensions,C:\Program Files\dotnet\sdk\8.0.101
TpTrace Information: 0 : 27960, 1, 2024/03/10, 15:15:59.781, 3467435371551, vstest.console.dll, AssemblyResolver.AddSearchDirectories: Adding more searchDirectories C:\Program Files\dotnet\sdk\8.0.101\Extensions,C:\Program Files\dotnet\sdk\8.0.101
TpTrace Information: 0 : 27960, 1, 2024/03/10, 15:15:59.781, 3467435371723, vstest.console.dll, AssemblyResolver.AddSearchDirectories: Adding more searchDirectories C:\Program Files\dotnet\sdk\8.0.101\Extensions,C:\Program Files\dotnet\sdk\8.0.101
TpTrace Verbose: 0 : 27960, 1, 2024/03/10, 15:15:59.781, 3467435372341, vstest.console.dll, MetadataReaderExtensionsHelper: Discovering extensions inside assembly 'Microsoft.Diagnostics.NETCore.Client, Version=0.2.8.21101, Culture=neutral, PublicKeyToken=31bf3856ad364e35' file path 'C:\Program Files\dotnet\sdk\8.0.101\Extensions\Microsoft.Diagnostics.NETCore.Client.dll'
TpTrace Information: 0 : 27960, 1, 2024/03/10, 15:15:59.782, 3467435377622, vstest.console.dll, AssemblyResolver.OnResolve: Microsoft.Bcl.AsyncInterfaces: Resolving assembly.
TpTrace Information: 0 : 27960, 1, 2024/03/10, 15:15:59.782, 3467435377995, vstest.console.dll, AssemblyResolver.OnResolve: Microsoft.Bcl.AsyncInterfaces: Resolved from cache.
TpTrace Verbose: 0 : 27960, 1, 2024/03/10, 15:15:59.782, 3467435378182, vstest.console.dll, CurrentDomainAssemblyResolve: Resolving assembly 'Microsoft.Bcl.AsyncInterfaces'.
TpTrace Information: 0 : 27960, 1, 2024/03/10, 15:15:59.782, 3467435378516, vstest.console.dll, AssemblyResolver.OnResolve: Microsoft.Bcl.AsyncInterfaces: Resolving assembly.
TpTrace Information: 0 : 27960, 1, 2024/03/10, 15:15:59.782, 3467435378703, vstest.console.dll, AssemblyResolver.OnResolve: Microsoft.Bcl.AsyncInterfaces: Resolved from cache.
TpTrace Verbose: 0 : 27960, 1, 2024/03/10, 15:15:59.782, 3467435378850, vstest.console.dll, CurrentDomainAssemblyResolve: Resolving assembly 'Microsoft.Bcl.AsyncInterfaces'.
TpTrace Verbose: 0 : 27960, 1, 2024/03/10, 15:15:59.782, 3467435378996, vstest.console.dll, CurrentDomainAssemblyResolve: Failed to resolve assembly 'Microsoft.Bcl.AsyncInterfaces'.
TpTrace Verbose: 0 : 27960, 1, 2024/03/10, 15:15:59.782, 3467435379959, vstest.console.dll, CurrentDomainAssemblyResolve: Failed to resolve assembly 'Microsoft.Bcl.AsyncInterfaces'.
TpTrace Warning: 0 : 27960, 1, 2024/03/10, 15:15:59.782, 3467435382260, vstest.console.dll, TestPluginDiscoverer: Failed to get types from assembly 'Microsoft.Diagnostics.NETCore.Client, Version=0.2.8.21101, Culture=neutral, PublicKeyToken=31bf3856ad364e35'. Error: System.Reflection.ReflectionTypeLoadException: Unable to load one or more of the requested types.
Could not load file or assembly 'Microsoft.Bcl.AsyncInterfaces, Version=1.0.0.0, Culture=neutral, PublicKeyToken=cc7b13ffcd2ddd51'. The system cannot find the file specified.
   at System.Reflection.RuntimeModule.GetTypes(RuntimeModule module)
   at System.Reflection.RuntimeModule.GetTypes()
   at Microsoft.VisualStudio.TestPlatform.Common.ExtensionFramework.TestPluginDiscoverer.GetTestExtensionsFromAssembly[TPluginInfo,TExtension](Assembly assembly, Dictionary`2 pluginInfos, String filePath) in /_/src/Microsoft.TestPlatform.Common/ExtensionFramework/TestPluginDiscoverer.cs:line 158
System.IO.FileNotFoundException: Could not load file or assembly 'Microsoft.Bcl.AsyncInterfaces, Version=1.0.0.0, Culture=neutral, PublicKeyToken=cc7b13ffcd2ddd51'. The system cannot find the file specified.
File name: 'Microsoft.Bcl.AsyncInterfaces, Version=1.0.0.0, Culture=neutral, PublicKeyToken=cc7b13ffcd2ddd51'
 ---> System.IO.FileNotFoundException: Could not load file or assembly 'Microsoft.Bcl.AsyncInterfaces, Culture=neutral, PublicKeyToken=null'. The system cannot find the file specified.
File name: 'Microsoft.Bcl.AsyncInterfaces, Culture=neutral, PublicKeyToken=null'
   at System.Reflection.RuntimeAssembly.InternalLoad(AssemblyName assemblyName, StackCrawlMark& stackMark, AssemblyLoadContext assemblyLoadContext, RuntimeAssembly requestingAssembly, Boolean throwOnFileNotFound)
   at System.Reflection.Assembly.Load(AssemblyName assemblyRef)
   at Microsoft.VisualStudio.TestPlatform.Common.ExtensionFramework.TestPluginCache.CurrentDomainAssemblyResolve(Object sender, AssemblyResolveEventArgs args) in /_/src/Microsoft.TestPlatform.Common/ExtensionFramework/TestPluginCache.cs:line 513
   at System.Runtime.Loader.AssemblyLoadContext.GetFirstResolvedAssemblyFromResolvingEvent(AssemblyName assemblyName)
   at System.Runtime.Loader.AssemblyLoadContext.ResolveUsingEvent(AssemblyName assemblyName)
   at System.Runtime.Loader.AssemblyLoadContext.ResolveUsingResolvingEvent(IntPtr gchManagedAssemblyLoadContext, AssemblyName assemblyName)
TpTrace Warning: 0 : 27960, 1, 2024/03/10, 15:15:59.782, 3467435383719, vstest.console.dll, LoaderExceptions: System.IO.FileNotFoundException: Could not load file or assembly 'Microsoft.Bcl.AsyncInterfaces, Version=1.0.0.0, Culture=neutral, PublicKeyToken=cc7b13ffcd2ddd51'. The system cannot find the file specified.
File name: 'Microsoft.Bcl.AsyncInterfaces, Version=1.0.0.0, Culture=neutral, PublicKeyToken=cc7b13ffcd2ddd51'
 ---> System.IO.FileNotFoundException: Could not load file or assembly 'Microsoft.Bcl.AsyncInterfaces, Culture=neutral, PublicKeyToken=null'. The system cannot find the file specified.
File name: 'Microsoft.Bcl.AsyncInterfaces, Culture=neutral, PublicKeyToken=null'
   at System.Reflection.RuntimeAssembly.InternalLoad(AssemblyName assemblyName, StackCrawlMark& stackMark, AssemblyLoadContext assemblyLoadContext, RuntimeAssembly requestingAssembly, Boolean throwOnFileNotFound)
   at System.Reflection.Assembly.Load(AssemblyName assemblyRef)
   at Microsoft.VisualStudio.TestPlatform.Common.ExtensionFramework.TestPluginCache.CurrentDomainAssemblyResolve(Object sender, AssemblyResolveEventArgs args) in /_/src/Microsoft.TestPlatform.Common/ExtensionFramework/TestPluginCache.cs:line 513
   at System.Runtime.Loader.AssemblyLoadContext.GetFirstResolvedAssemblyFromResolvingEvent(AssemblyName assemblyName)
   at System.Runtime.Loader.AssemblyLoadContext.ResolveUsingEvent(AssemblyName assemblyName)
   at System.Runtime.Loader.AssemblyLoadContext.ResolveUsingResolvingEvent(IntPtr gchManagedAssemblyLoadContext, AssemblyName assemblyName)
TpTrace Verbose: 0 : 27960, 1, 2024/03/10, 15:15:59.782, 3467435384246, vstest.console.dll, MetadataReaderExtensionsHelper: Discovering extensions inside assembly 'Microsoft.TestPlatform.Extensions.BlameDataCollector, Version=15.0.0.0, Culture=neutral, PublicKeyToken=b03f5f7f11d50a3a' file path 'C:\Program Files\dotnet\sdk\8.0.101\Extensions\Microsoft.TestPlatform.Extensions.BlameDataCollector.dll'
TpTrace Information: 0 : 27960, 1, 2024/03/10, 15:15:59.783, 3467435387113, vstest.console.dll, GetTestExtensionFromType: Register extension with identifier data 'logger://Microsoft/TestPlatform/Extensions/Blame/v1' and type 'Microsoft.TestPlatform.Extensions.BlameDataCollector.BlameLogger, Microsoft.TestPlatform.Extensions.BlameDataCollector, Version=15.0.0.0, Culture=neutral, PublicKeyToken=b03f5f7f11d50a3a' inside file 'C:\Program Files\dotnet\sdk\8.0.101\Extensions\Microsoft.TestPlatform.Extensions.BlameDataCollector.dll'
TpTrace Verbose: 0 : 27960, 1, 2024/03/10, 15:15:59.783, 3467435387571, vstest.console.dll, MetadataReaderExtensionsHelper: Discovering extensions inside assembly 'Microsoft.TestPlatform.Extensions.EventLogCollector, Version=15.0.0.0, Culture=neutral, PublicKeyToken=b03f5f7f11d50a3a' file path 'C:\Program Files\dotnet\sdk\8.0.101\Extensions\Microsoft.TestPlatform.Extensions.EventLogCollector.dll'
TpTrace Verbose: 0 : 27960, 1, 2024/03/10, 15:15:59.783, 3467435389415, vstest.console.dll, MetadataReaderExtensionsHelper: Discovering extensions inside assembly 'Microsoft.TestPlatform.TestHostRuntimeProvider, Version=15.0.0.0, Culture=neutral, PublicKeyToken=b03f5f7f11d50a3a' file path 'C:\Program Files\dotnet\sdk\8.0.101\Extensions\Microsoft.TestPlatform.TestHostRuntimeProvider.dll'
TpTrace Verbose: 0 : 27960, 1, 2024/03/10, 15:15:59.783, 3467435391396, vstest.console.dll, MetadataReaderExtensionsHelper: Discovering extensions inside assembly 'Microsoft.VisualStudio.TestPlatform.Extensions.Html.TestLogger, Version=15.0.0.0, Culture=neutral, PublicKeyToken=b03f5f7f11d50a3a' file path 'C:\Program Files\dotnet\sdk\8.0.101\Extensions\Microsoft.VisualStudio.TestPlatform.Extensions.Html.TestLogger.dll'
TpTrace Information: 0 : 27960, 1, 2024/03/10, 15:15:59.783, 3467435394725, vstest.console.dll, GetTestExtensionFromType: Register extension with identifier data 'logger://Microsoft/TestPlatform/HtmlLogger/v1' and type 'Microsoft.VisualStudio.TestPlatform.Extensions.HtmlLogger.HtmlLogger, Microsoft.VisualStudio.TestPlatform.Extensions.Html.TestLogger, Version=15.0.0.0, Culture=neutral, PublicKeyToken=b03f5f7f11d50a3a' inside file 'C:\Program Files\dotnet\sdk\8.0.101\Extensions\Microsoft.VisualStudio.TestPlatform.Extensions.Html.TestLogger.dll'
TpTrace Verbose: 0 : 27960, 1, 2024/03/10, 15:15:59.783, 3467435395187, vstest.console.dll, MetadataReaderExtensionsHelper: Discovering extensions inside assembly 'Microsoft.VisualStudio.TestPlatform.Extensions.Trx.TestLogger, Version=15.0.0.0, Culture=neutral, PublicKeyToken=b03f5f7f11d50a3a' file path 'C:\Program Files\dotnet\sdk\8.0.101\Extensions\Microsoft.VisualStudio.TestPlatform.Extensions.Trx.TestLogger.dll'
TpTrace Information: 0 : 27960, 1, 2024/03/10, 15:15:59.784, 3467435397423, vstest.console.dll, GetTestExtensionFromType: Register extension with identifier data 'logger://Microsoft/TestPlatform/TrxLogger/v1' and type 'Microsoft.VisualStudio.TestPlatform.Extensions.TrxLogger.TrxLogger, Microsoft.VisualStudio.TestPlatform.Extensions.Trx.TestLogger, Version=15.0.0.0, Culture=neutral, PublicKeyToken=b03f5f7f11d50a3a' inside file 'C:\Program Files\dotnet\sdk\8.0.101\Extensions\Microsoft.VisualStudio.TestPlatform.Extensions.Trx.TestLogger.dll'
TpTrace Verbose: 0 : 27960, 1, 2024/03/10, 15:15:59.784, 3467435398213, vstest.console.dll, TestPluginCache: Discovered the extensions using extension path ''.
TpTrace Verbose: 0 : 27960, 1, 2024/03/10, 15:15:59.784, 3467435398466, vstest.console.dll, TestPluginCache: Discoverers are ''.
TpTrace Verbose: 0 : 27960, 1, 2024/03/10, 15:15:59.784, 3467435398622, vstest.console.dll, TestPluginCache: Executors are ''.
TpTrace Verbose: 0 : 27960, 1, 2024/03/10, 15:15:59.784, 3467435398762, vstest.console.dll, TestPluginCache: Executors2 are ''.
TpTrace Verbose: 0 : 27960, 1, 2024/03/10, 15:15:59.784, 3467435398917, vstest.console.dll, TestPluginCache: Setting providers are ''.
TpTrace Verbose: 0 : 27960, 1, 2024/03/10, 15:15:59.784, 3467435399421, vstest.console.dll, TestPluginCache: Loggers are 'logger://Microsoft/TestPlatform/Extensions/Blame/v1,logger://Microsoft/TestPlatform/HtmlLogger/v1,logger://Microsoft/TestPlatform/TrxLogger/v1'.
TpTrace Verbose: 0 : 27960, 1, 2024/03/10, 15:15:59.784, 3467435399700, vstest.console.dll, TestPluginCache: TestHosts are 'HostProvider://DefaultTestHost,HostProvider://DotnetTestHost'.
TpTrace Verbose: 0 : 27960, 1, 2024/03/10, 15:15:59.784, 3467435399863, vstest.console.dll, TestPluginCache: DataCollectors are ''.
TpTrace Information: 0 : 27960, 1, 2024/03/10, 15:15:59.784, 3467435405168, vstest.console.dll, TestPluginManager.CreateTestExtension: Attempting to load test extension: Microsoft.TestPlatform.Extensions.BlameDataCollector.BlameLogger
TpTrace Verbose: 0 : 27960, 1, 2024/03/10, 15:15:59.792, 3467435485042, vstest.console.dll, TestEngine: Initializing Parallel Execution as MaxCpuCount is set to: 1
TpTrace Information: 0 : 27960, 1, 2024/03/10, 15:15:59.794, 3467435499223, vstest.console.dll, TestPluginManager.CreateTestExtension: Attempting to load test extension: Microsoft.VisualStudio.TestPlatform.CrossPlatEngine.Hosting.DefaultTestHostManager
TpTrace Information: 0 : 27960, 1, 2024/03/10, 15:15:59.795, 3467435509351, vstest.console.dll, TestPluginManager.CreateTestExtension: Attempting to load test extension: Microsoft.VisualStudio.TestPlatform.CrossPlatEngine.Hosting.DotnetTestHostManager
TpTrace Information: 0 : 27960, 1, 2024/03/10, 15:15:59.795, 3467435513871, vstest.console.dll, InferRunSettingsHelper.IsTestSettingsEnabled: Unable to navigate to RunSettings/MSTest. Current node: RunSettings
TpTrace Verbose: 0 : 27960, 1, 2024/03/10, 15:15:59.796, 3467435520766, vstest.console.dll, ParallelOperationManager.ClearSlots: Clearing all slots. Slots should accept more work: True
TpTrace Verbose: 0 : 27960, 1, 2024/03/10, 15:15:59.796, 3467435524979, vstest.console.dll, ParallelOperationManager.SetOccupiedSlotCount: Setting slot counts AvailableSlotCount = 1, OccupiedSlotCount = 0.
TpTrace Verbose: 0 : 27960, 1, 2024/03/10, 15:15:59.797, 3467435527093, vstest.console.dll, Occupied slots:

TpTrace Verbose: 0 : 27960, 1, 2024/03/10, 15:15:59.799, 3467435549012, vstest.console.dll, TestEngine.GetExecutionManager: Chosen execution manager 'Microsoft.VisualStudio.TestPlatform.CrossPlatEngine.Client.Parallel.ParallelProxyExecutionManager, Microsoft.TestPlatform.CrossPlatEngine, Version=15.0.0.0, Culture=neutral, PublicKeyToken=b03f5f7f11d50a3a' ParallelLevel '1'.
TpTrace Verbose: 0 : 27960, 1, 2024/03/10, 15:15:59.799, 3467435549965, vstest.console.dll, TestRunRequest.ExecuteAsync: Creating test run request.
TpTrace Verbose: 0 : 27960, 1, 2024/03/10, 15:15:59.799, 3467435551601, vstest.console.dll, TestRunRequest.ExecuteAsync: Starting.
TpTrace Information: 0 : 27960, 1, 2024/03/10, 15:15:59.800, 3467435559438, vstest.console.dll, TestRunRequest.ExecuteAsync: Starting run with settings:TestRunCriteria:
   KeepAlive=False,FrequencyOfRunStatsChangeEvent=10,RunStatsChangeEventTimeout=00:00:01.5000000,TestCaseFilter=,TestExecutorLauncher=
   Settingsxml=<RunSettings>
  <RunConfiguration>
    <ResultsDirectory>C:\Users\Lavanth\Desktop\Training\Integration\CozyHavenProject-main\Cozy_Haven_Testing\bin\Debug\net6.0\fine-code-coverage\coverage-tool-output</ResultsDirectory>
    <TargetPlatform>X64</TargetPlatform>
    <TargetFrameworkVersion>.NETCoreApp,Version=v6.0</TargetFrameworkVersion>
    <DesignMode>False</DesignMode>
    <CollectSourceInformation>False</CollectSourceInformation>
  </RunConfiguration>
  <LoggerRunSettings>
    <Loggers>
      <Logger friendlyName="blame" enabled="True" />
      <Logger friendlyName="Console" uri="logger://microsoft/TestPlatform/ConsoleLogger/v1" assemblyQualifiedName="Microsoft.VisualStudio.TestPlatform.CommandLine.Internal.ConsoleLogger, vstest.console, Version=15.0.0.0, Culture=neutral, PublicKeyToken=b03f5f7f11d50a3a" codeBase="C:\Program Files\dotnet\sdk\8.0.101\vstest.console.dll" enabled="True" />
    </Loggers>
  </LoggerRunSettings>
  <DataCollectionRunSettings>
    <DataCollectors>
      <DataCollector friendlyName="blame" enabled="True">
        <Configuration>
          <ResultsDirectory>C:\Users\Lavanth\Desktop\Training\Integration\CozyHavenProject-main\Cozy_Haven_Testing\bin\Debug\net6.0\fine-code-coverage\coverage-tool-output</ResultsDirectory>
        </Configuration>
      </DataCollector>
    </DataCollectors>
  </DataCollectionRunSettings>
</RunSettings>

TpTrace Verbose: 0 : 27960, 1, 2024/03/10, 15:15:59.800, 3467435559873, vstest.console.dll, TestRunRequest.ExecuteAsync: Wait for the first run request is over.
TpTrace Verbose: 0 : 27960, 1, 2024/03/10, 15:15:59.800, 3467435561814, vstest.console.dll, MulticastDelegateUtilities.SafeInvoke: TestRun.TestRunStart: Invoking callbacks was skipped because there are no subscribers.
TpTrace Verbose: 0 : 27960, 4, 2024/03/10, 15:15:59.800, 3467435563533, vstest.console.dll, MulticastDelegateUtilities.SafeInvoke: InternalTestLoggerEvents.SendTestRunStart: Invoking callback 1/1 for Microsoft.VisualStudio.TestPlatform.CommandLine.Internal.ConsoleLogger., took 0 ms.
TpTrace Verbose: 0 : 27960, 1, 2024/03/10, 15:15:59.801, 3467435569010, vstest.console.dll, ParallelProxyExecutionManager: Start execution. Total sources: 1
TpTrace Verbose: 0 : 27960, 1, 2024/03/10, 15:15:59.801, 3467435571563, vstest.console.dll, ParallelOperationManager.StartWork: Starting adding 1 workloads.
TpTrace Verbose: 0 : 27960, 1, 2024/03/10, 15:15:59.801, 3467435572038, vstest.console.dll, ParallelOperationManager.ClearSlots: Clearing all slots. Slots should accept more work: True
TpTrace Verbose: 0 : 27960, 1, 2024/03/10, 15:15:59.801, 3467435572481, vstest.console.dll, ParallelOperationManager.SetOccupiedSlotCount: Setting slot counts AvailableSlotCount = 1, OccupiedSlotCount = 0.
TpTrace Verbose: 0 : 27960, 1, 2024/03/10, 15:15:59.801, 3467435572712, vstest.console.dll, Occupied slots:

TpTrace Verbose: 0 : 27960, 1, 2024/03/10, 15:15:59.802, 3467435581621, vstest.console.dll, TestRequestSender is acting as server.
TpTrace Verbose: 0 : 27960, 1, 2024/03/10, 15:15:59.803, 3467435592154, vstest.console.dll, ParallelOperationManager.RunWorkInParallel: Adding 1 workload to slot, remaining workloads 0.
TpTrace Verbose: 0 : 27960, 1, 2024/03/10, 15:15:59.803, 3467435592834, vstest.console.dll, ParallelOperationManager.SetOccupiedSlotCount: Setting slot counts AvailableSlotCount = 0, OccupiedSlotCount = 1.
TpTrace Verbose: 0 : 27960, 1, 2024/03/10, 15:15:59.803, 3467435593719, vstest.console.dll, Occupied slots:
0: C:\Users\Lavanth\Desktop\Training\Integration\CozyHavenProject-main\Cozy_Haven_Testing\bin\Debug\net6.0\fine-code-coverage\build-output\Cozy_Haven_Testing.dll
TpTrace Verbose: 0 : 27960, 1, 2024/03/10, 15:15:59.804, 3467435601545, vstest.console.dll, ParallelOperationManager.RunWorkInParallel: Started host in slot number 0 for work (source): C:\Users\Lavanth\Desktop\Training\Integration\CozyHavenProject-main\Cozy_Haven_Testing\bin\Debug\net6.0\fine-code-coverage\build-output\Cozy_Haven_Testing.dll.
TpTrace Verbose: 0 : 27960, 1, 2024/03/10, 15:15:59.805, 3467435607207, vstest.console.dll, ParallelOperationManager.RunWorkInParallel: We started 1 work items, which is the max parallel level. Won't start more work.
TpTrace Verbose: 0 : 27960, 1, 2024/03/10, 15:15:59.805, 3467435607686, vstest.console.dll, ParallelOperationManager.RunWorkInParallel: We started 1 work items in here, returning True.
TpTrace Information: 0 : 27960, 1, 2024/03/10, 15:15:59.805, 3467435607941, vstest.console.dll, TestRunRequest.ExecuteAsync: Started.
TpTrace Verbose: 0 : 27960, 5, 2024/03/10, 15:15:59.805, 3467435609825, vstest.console.dll, ParallelProxyExecutionManager.StartTestRunOnConcurrentManager: Initializing uninitialized client. Started clients: 0
TpTrace Verbose: 0 : 27960, 5, 2024/03/10, 15:15:59.805, 3467435611390, vstest.console.dll, DataCollectionRequestSender.InitializeCommunication : Initialize communication. 
TpTrace Verbose: 0 : 27960, 1, 2024/03/10, 15:15:59.805, 3467435612886, vstest.console.dll, TestRunRequest.WaitForCompletion: Waiting with timeout -1.
TpTrace Information: 0 : 27960, 5, 2024/03/10, 15:15:59.812, 3467435685518, vstest.console.dll, Listening on Endpoint : 127.0.0.1:61959
TpTrace Verbose: 0 : 27960, 5, 2024/03/10, 15:15:59.818, 3467435743649, vstest.console.dll, DotnetDataCollectionLauncher: Adding  --runtimeconfig "C:\Program Files\dotnet\sdk\8.0.101\datacollector.runtimeconfig.json" in args
TpTrace Verbose: 0 : 27960, 5, 2024/03/10, 15:15:59.818, 3467435744861, vstest.console.dll, DotnetDataCollectionLauncher: Adding  --depsfile "C:\Program Files\dotnet\sdk\8.0.101\datacollector.deps.json" in args
TpTrace Verbose: 0 : 27960, 5, 2024/03/10, 15:15:59.819, 3467435746591, vstest.console.dll, DotnetDataCollectionLauncher: Full path of dotnet.exe is C:\Program Files\dotnet\dotnet.exe
TpTrace Information: 0 : 27960, 5, 2024/03/10, 15:15:59.832, 3467435886182, vstest.console.dll, ProxyDataCollectionManager.Initialize: Launched datacollector processId: 23740 port: 61959
TpTrace Information: 0 : 27960, 5, 2024/03/10, 15:15:59.833, 3467435887886, vstest.console.dll, ProxyDataCollectionManager.Initialize: waiting for connection with timeout: 90 seconds
TpTrace Verbose: 0 : 27960, 5, 2024/03/10, 15:15:59.833, 3467435888490, vstest.console.dll, DataCollectionRequestSender.WaitForRequestHandlerConnection : Waiting for connection with timeout: 90000
TpTrace Information: 0 : 27960, 7, 2024/03/10, 15:15:59.965, 3467437210010, vstest.console.dll, Using the buffer size of 16384 bytes
TpTrace Verbose: 0 : 27960, 5, 2024/03/10, 15:15:59.965, 3467437210173, vstest.console.dll, SocketCommunicationManager.WaitForClientConnection took: 132 ms, with 90000 ms timeout, and finished with True.
TpTrace Information: 0 : 27960, 7, 2024/03/10, 15:15:59.965, 3467437211139, vstest.console.dll, Accepted Client request and set the flag
TpTrace Verbose: 0 : 27960, 5, 2024/03/10, 15:15:59.965, 3467437212037, vstest.console.dll, ProxyDataCollectionManager.InvokeDataCollectionServiceAction: Starting.
TpTrace Information: 0 : 27960, 5, 2024/03/10, 15:15:59.965, 3467437212819, vstest.console.dll, ProxyDataCollectionManager.BeforeTestRunStart: Get environment variable and port for datacollector processId: 23740 port: 61959
TpTrace Verbose: 0 : 27960, 5, 2024/03/10, 15:15:59.965, 3467437213975, vstest.console.dll, DataCollectionRequestSender.SendBeforeTestRunStartAndGetResult: Send BeforeTestRunStart message with settingsXml <RunSettings><RunConfiguration><ResultsDirectory>C:\Users\Lavanth\Desktop\Training\Integration\CozyHavenProject-main\Cozy_Haven_Testing\bin\Debug\net6.0\fine-code-coverage\coverage-tool-output</ResultsDirectory><TargetPlatform>X64</TargetPlatform><TargetFrameworkVersion>.NETCoreApp,Version=v6.0</TargetFrameworkVersion><DesignMode>False</DesignMode><CollectSourceInformation>False</CollectSourceInformation><TestAdaptersPaths>C:\Program Files\dotnet\sdk\8.0.101\Extensions</TestAdaptersPaths></RunConfiguration><LoggerRunSettings><Loggers><Logger friendlyName="blame" enabled="True" /><Logger friendlyName="Console" uri="logger://microsoft/TestPlatform/ConsoleLogger/v1" assemblyQualifiedName="Microsoft.VisualStudio.TestPlatform.CommandLine.Internal.ConsoleLogger, vstest.console, Version=15.0.0.0, Culture=neutral, PublicKeyToken=b03f5f7f11d50a3a" codeBase="C:\Program Files\dotnet\sdk\8.0.101\vstest.console.dll" enabled="True" /></Loggers></LoggerRunSettings><DataCollectionRunSettings><DataCollectors><DataCollector friendlyName="blame" enabled="True"><Configuration><ResultsDirectory>C:\Users\Lavanth\Desktop\Training\Integration\CozyHavenProject-main\Cozy_Haven_Testing\bin\Debug\net6.0\fine-code-coverage\coverage-tool-output</ResultsDirectory></Configuration></DataCollector></DataCollectors></DataCollectionRunSettings></RunSettings> and sources System.Collections.Generic.List`1[System.String]: 
TpTrace Verbose: 0 : 27960, 5, 2024/03/10, 15:16:00.035, 3467437910596, vstest.console.dll, DataCollectionRequestSender.SendBeforeTestRunStartAndGetResult: Received message: (DataCollection.SendMessage) -> {"MessageType":"DataCollection.SendMessage","Payload":{"FriendlyName":null,"Uri":null,"TestCaseId":"00000000-0000-0000-0000-000000000000","Message":"Logging DataCollector Diagnostics in file: C:\\Users\\Lavanth\\Desktop\\Training\\Integration\\CozyHavenProject-main\\Cozy_Haven_Testing\\bin\\Debug\\net6.0\\fine-code-coverage\\coverage-tool-output\\diagnostics.datacollector.24-03-10_15-15-59_81848_5.log","Level":0}}
TpTrace Verbose: 0 : 27960, 5, 2024/03/10, 15:16:00.105, 3467438611662, vstest.console.dll, DataCollectionRequestSender.SendBeforeTestRunStartAndGetResult: Received message: (DataCollection.BeforeTestRunStartResult) -> {"MessageType":"DataCollection.BeforeTestRunStartResult","Payload":{"EnvironmentVariables":{},"DataCollectionEventsPort":61961}}
TpTrace Information: 0 : 27960, 5, 2024/03/10, 15:16:00.111, 3467438669223, vstest.console.dll, ProxyDataCollectionManager.BeforeTestRunStart: SendBeforeTestRunStartAndGetResult successful, env variable from datacollector:   and testhost port: 61961
TpTrace Information: 0 : 27960, 5, 2024/03/10, 15:16:00.111, 3467438670679, vstest.console.dll, ProxyDataCollectionManager.InvokeDataCollectionServiceAction: Completed.
TpTrace Verbose: 0 : 27960, 5, 2024/03/10, 15:16:00.111, 3467438672739, vstest.console.dll, ParallelProxyExecutionManager.StartTestRunOnConcurrentManager: Initializing test run. Started clients: 0
TpTrace Verbose: 0 : 27960, 5, 2024/03/10, 15:16:00.111, 3467438673733, vstest.console.dll, ProxyExecutionManager: Test host is always Lazy initialize.
TpTrace Verbose: 0 : 27960, 5, 2024/03/10, 15:16:00.111, 3467438675455, vstest.console.dll, TestRequestSender.InitializeCommunication: initialize communication. 
TpTrace Information: 0 : 27960, 5, 2024/03/10, 15:16:00.112, 3467438681776, vstest.console.dll, SocketServer.Start: Listening on endpoint : 127.0.0.1:61962
TpTrace Verbose: 0 : 27960, 5, 2024/03/10, 15:16:00.113, 3467438689020, vstest.console.dll, DotnetTestHostmanager.GetTestHostProcessStartInfo: Platform environment 'X64' target architecture 'X64' framework '.NETCoreApp,Version=v6.0' OS 'Windows'
TpTrace Verbose: 0 : 27960, 5, 2024/03/10, 15:16:00.113, 3467438692999, vstest.console.dll, DotnetTestHostmanager: Adding  --runtimeconfig "C:\Users\Lavanth\Desktop\Training\Integration\CozyHavenProject-main\Cozy_Haven_Testing\bin\Debug\net6.0\fine-code-coverage\build-output\Cozy_Haven_Testing.runtimeconfig.json" in args
TpTrace Verbose: 0 : 27960, 5, 2024/03/10, 15:16:00.113, 3467438694067, vstest.console.dll, DotnetTestHostmanager: Adding  --depsfile "C:\Users\Lavanth\Desktop\Training\Integration\CozyHavenProject-main\Cozy_Haven_Testing\bin\Debug\net6.0\fine-code-coverage\build-output\Cozy_Haven_Testing.deps.json" in args
TpTrace Verbose: 0 : 27960, 5, 2024/03/10, 15:16:00.114, 3467438698180, vstest.console.dll, DotnetTestHostmanager.IsWinOnArm: Current PROCESSOR_ARCHITECTURE from environment variable 'AMD64'
TpTrace Verbose: 0 : 27960, 5, 2024/03/10, 15:16:00.114, 3467438698772, vstest.console.dll, DotnetTestHostmanager.IsWinOnArm: Is Windows on ARM 'False'
TpTrace Verbose: 0 : 27960, 5, 2024/03/10, 15:16:00.114, 3467438699733, vstest.console.dll, DotnetTestHostManager: testhost.exe found at path: C:\Users\Lavanth\Desktop\Training\Integration\CozyHavenProject-main\Cozy_Haven_Testing\bin\Debug\net6.0\fine-code-coverage\build-output\testhost.exe
TpTrace Verbose: 0 : 27960, 5, 2024/03/10, 15:16:00.114, 3467438700239, vstest.console.dll, DotnetTestHostmanager: Full path of host exe is C:\Users\Lavanth\Desktop\Training\Integration\CozyHavenProject-main\Cozy_Haven_Testing\bin\Debug\net6.0\fine-code-coverage\build-output\testhost.exe
TpTrace Verbose: 0 : 27960, 5, 2024/03/10, 15:16:00.114, 3467438701237, vstest.console.dll, DotnetTestHostmanager.LaunchTestHostAsync: Found 'VSTEST_WINAPPHOST_DOTNET_ROOT' in env variables, value 'C:\Program Files\dotnet', forwarding to 'DOTNET_ROOT'
TpTrace Verbose: 0 : 27960, 5, 2024/03/10, 15:16:00.114, 3467438702329, vstest.console.dll, DotnetTestHostManager: Starting process 'C:\Users\Lavanth\Desktop\Training\Integration\CozyHavenProject-main\Cozy_Haven_Testing\bin\Debug\net6.0\fine-code-coverage\build-output\testhost.exe' with command line ' --runtimeconfig "C:\Users\Lavanth\Desktop\Training\Integration\CozyHavenProject-main\Cozy_Haven_Testing\bin\Debug\net6.0\fine-code-coverage\build-output\Cozy_Haven_Testing.runtimeconfig.json" --depsfile "C:\Users\Lavanth\Desktop\Training\Integration\CozyHavenProject-main\Cozy_Haven_Testing\bin\Debug\net6.0\fine-code-coverage\build-output\Cozy_Haven_Testing.deps.json" --port 61962 --endpoint 127.0.0.1:061962 --role client --parentprocessid 27960 --diag "C:\Users\Lavanth\Desktop\Training\Integration\CozyHavenProject-main\Cozy_Haven_Testing\bin\Debug\net6.0\fine-code-coverage\coverage-tool-output\diagnostics.host.24-03-10_15-16-00_11279_5.log" --tracelevel 4 --datacollectionport 61961 --telemetryoptedin false'
TpTrace Verbose: 0 : 27960, 5, 2024/03/10, 15:16:00.128, 3467438837908, vstest.console.dll, MulticastDelegateUtilities.SafeInvoke: HostProviderEvents.OnHostLaunched: Invoking callback 1/2 for Microsoft.VisualStudio.TestPlatform.CrossPlatEngine.Client.ProxyExecutionManagerWithDataCollection., took 0 ms.
TpTrace Verbose: 0 : 27960, 5, 2024/03/10, 15:16:00.128, 3467438840011, vstest.console.dll, Test Runtime launched
TpTrace Verbose: 0 : 27960, 5, 2024/03/10, 15:16:00.128, 3467438840440, vstest.console.dll, MulticastDelegateUtilities.SafeInvoke: HostProviderEvents.OnHostLaunched: Invoking callback 2/2 for Microsoft.VisualStudio.TestPlatform.CrossPlatEngine.Client.ProxyOperationManager., took 0 ms.
TpTrace Verbose: 0 : 27960, 5, 2024/03/10, 15:16:00.128, 3467438841408, vstest.console.dll, TestRequestSender.WaitForRequestHandlerConnection: waiting for connection with timeout: 90000.
TpTrace Verbose: 0 : 27960, 5, 2024/03/10, 15:16:00.303, 3467440594536, vstest.console.dll, TestRequestSender.WaitForRequestHandlerConnection: waiting took 175 ms, with timeout 90000 ms, and result 0, which is success.
TpTrace Verbose: 0 : 27960, 7, 2024/03/10, 15:16:00.303, 3467440594463, vstest.console.dll, MulticastDelegateUtilities.SafeInvoke: SocketServer: ClientConnected: Invoking callback 1/1 for Microsoft.VisualStudio.TestPlatform.CommunicationUtilities.TestRequestSender., took 0 ms.
TpTrace Verbose: 0 : 27960, 7, 2024/03/10, 15:16:00.304, 3467440597403, vstest.console.dll, SocketServer.OnClientConnected: Client connected for endPoint: 127.0.0.1:61962, starting MessageLoopAsync:
TpTrace Verbose: 0 : 27960, 7, 2024/03/10, 15:16:00.304, 3467440603129, vstest.console.dll, TcpClientExtensions.MessageLoopAsync: Polling on remoteEndPoint: 127.0.0.1:61963 localEndPoint: 127.0.0.1:61962
TpTrace Verbose: 0 : 27960, 5, 2024/03/10, 15:16:00.305, 3467440608663, vstest.console.dll, TestRequestSender.CheckVersionWithTestHost: Sending check version message: {"MessageType":"ProtocolVersion","Payload":7}
TpTrace Verbose: 0 : 27960, 7, 2024/03/10, 15:16:00.419, 3467441749155, vstest.console.dll, TcpClientExtensions.MessageLoopAsync: NotifyDataAvailable remoteEndPoint: 127.0.0.1:61963 localEndPoint: 127.0.0.1:61962
TpTrace Verbose: 0 : 27960, 7, 2024/03/10, 15:16:00.419, 3467441754290, vstest.console.dll, TestRequestSender.CheckVersionWithTestHost: onMessageReceived received message: (ProtocolVersion) -> {"MessageType":"ProtocolVersion","Payload":5}
TpTrace Verbose: 0 : 27960, 7, 2024/03/10, 15:16:00.420, 3467441762730, vstest.console.dll, MulticastDelegateUtilities.SafeInvoke: LengthPrefixCommunicationChannel: MessageReceived: Invoking callback 1/1 for Microsoft.VisualStudio.TestPlatform.CommunicationUtilities.TestRequestSender+<>c__DisplayClass29_0., took 1 ms.
TpTrace Verbose: 0 : 27960, 7, 2024/03/10, 15:16:00.420, 3467441763554, vstest.console.dll, TcpClientExtensions.MessageLoopAsync: Polling on remoteEndPoint: 127.0.0.1:61963 localEndPoint: 127.0.0.1:61962
TpTrace Verbose: 0 : 27960, 5, 2024/03/10, 15:16:00.420, 3467441763834, vstest.console.dll, TestPluginCache.GetExtensionPaths: Filtered extension paths: 
TpTrace Verbose: 0 : 27960, 5, 2024/03/10, 15:16:00.420, 3467441766212, vstest.console.dll, TestPluginCache.GetExtensionPaths: Added default extension paths: C:\Program Files\dotnet\sdk\8.0.101\Extensions\Microsoft.Diagnostics.NETCore.Client.dll
C:\Program Files\dotnet\sdk\8.0.101\Extensions\Microsoft.TestPlatform.Extensions.BlameDataCollector.dll
C:\Program Files\dotnet\sdk\8.0.101\Extensions\Microsoft.TestPlatform.Extensions.EventLogCollector.dll
C:\Program Files\dotnet\sdk\8.0.101\Extensions\Microsoft.TestPlatform.TestHostRuntimeProvider.dll
C:\Program Files\dotnet\sdk\8.0.101\Extensions\Microsoft.VisualStudio.TestPlatform.Extensions.Html.TestLogger.dll
C:\Program Files\dotnet\sdk\8.0.101\Extensions\Microsoft.VisualStudio.TestPlatform.Extensions.Trx.TestLogger.dll
TpTrace Verbose: 0 : 27960, 5, 2024/03/10, 15:16:00.420, 3467441766552, vstest.console.dll, TestPluginCache.GetExtensionPaths: Added unfilterableExtensionPaths: 
TpTrace Verbose: 0 : 27960, 5, 2024/03/10, 15:16:00.423, 3467441788276, vstest.console.dll, TestRequestSender.InitializeExecution: Sending initialize execution with message: {"Version":5,"MessageType":"TestExecution.Initialize","Payload":["C:\\Users\\Lavanth\\Desktop\\Training\\Integration\\CozyHavenProject-main\\Cozy_Haven_Testing\\bin\\Debug\\net6.0\\fine-code-coverage\\build-output\\NUnit3.TestAdapter.dll"]}
TpTrace Verbose: 0 : 27960, 5, 2024/03/10, 15:16:00.423, 3467441790037, vstest.console.dll, ParallelProxyExecutionManager.StartTestRunOnConcurrentManager: Execution starting. Started clients: 1
TpTrace Verbose: 0 : 27960, 5, 2024/03/10, 15:16:00.424, 3467441799223, vstest.console.dll, TestRunRequest:SendTestRunMessage: Starting.
TpTrace Verbose: 0 : 27960, 5, 2024/03/10, 15:16:00.424, 3467441800607, vstest.console.dll, MulticastDelegateUtilities.SafeInvoke: TestRun.LogMessages: Invoking callback 1/1 for Microsoft.VisualStudio.TestPlatform.CommandLine.TestRunResultAggregator., took 0 ms.
TpTrace Information: 0 : 27960, 5, 2024/03/10, 15:16:00.424, 3467441800972, vstest.console.dll, TestRunRequest:SendTestRunMessage: Completed.
TpTrace Verbose: 0 : 27960, 4, 2024/03/10, 15:16:00.424, 3467441802315, vstest.console.dll, MulticastDelegateUtilities.SafeInvoke: InternalTestLoggerEvents.SendTestRunMessage: Invoking callback 1/1 for Microsoft.VisualStudio.TestPlatform.CommandLine.Internal.ConsoleLogger., took 0 ms.
TpTrace Warning: 0 : 27960, 5, 2024/03/10, 15:16:00.425, 3467441806756, vstest.console.dll, InferRunSettingsHelper.MakeRunsettingsCompatible: Removing the following settings: TargetPlatform from RunSettings file. To use those settings please move to latest version of Microsoft.NET.Test.Sdk
TpTrace Verbose: 0 : 27960, 7, 2024/03/10, 15:16:00.426, 3467441824758, vstest.console.dll, TcpClientExtensions.MessageLoopAsync: NotifyDataAvailable remoteEndPoint: 127.0.0.1:61963 localEndPoint: 127.0.0.1:61962
TpTrace Verbose: 0 : 27960, 7, 2024/03/10, 15:16:00.427, 3467441827437, vstest.console.dll, TestRequestSender.OnExecutionMessageReceived: Received message: {"Version":5,"MessageType":"TestSession.Message","Payload":{"MessageLevel":0,"Message":"Logging TestHost Diagnostics in file: C:\\Users\\Lavanth\\Desktop\\Training\\Integration\\CozyHavenProject-main\\Cozy_Haven_Testing\\bin\\Debug\\net6.0\\fine-code-coverage\\coverage-tool-output\\diagnostics.host.24-03-10_15-16-00_11279_5.log"}}
TpTrace Verbose: 0 : 27960, 7, 2024/03/10, 15:16:00.429, 3467441849167, vstest.console.dll, TestRunRequest:SendTestRunMessage: Starting.
TpTrace Verbose: 0 : 27960, 7, 2024/03/10, 15:16:00.429, 3467441850454, vstest.console.dll, MulticastDelegateUtilities.SafeInvoke: TestRun.LogMessages: Invoking callback 1/1 for Microsoft.VisualStudio.TestPlatform.CommandLine.TestRunResultAggregator., took 0 ms.
TpTrace Verbose: 0 : 27960, 4, 2024/03/10, 15:16:00.429, 3467441850641, vstest.console.dll, MulticastDelegateUtilities.SafeInvoke: InternalTestLoggerEvents.SendTestRunMessage: Invoking callback 1/1 for Microsoft.VisualStudio.TestPlatform.CommandLine.Internal.ConsoleLogger., took 0 ms.
TpTrace Information: 0 : 27960, 7, 2024/03/10, 15:16:00.429, 3467441851312, vstest.console.dll, TestRunRequest:SendTestRunMessage: Completed.
TpTrace Verbose: 0 : 27960, 7, 2024/03/10, 15:16:00.429, 3467441851806, vstest.console.dll, MulticastDelegateUtilities.SafeInvoke: LengthPrefixCommunicationChannel: MessageReceived: Invoking callback 1/1 for Microsoft.VisualStudio.TestPlatform.CommunicationUtilities.TestRequestSender+<>c__DisplayClass34_0., took 2 ms.
TpTrace Verbose: 0 : 27960, 7, 2024/03/10, 15:16:00.429, 3467441852124, vstest.console.dll, TcpClientExtensions.MessageLoopAsync: Polling on remoteEndPoint: 127.0.0.1:61963 localEndPoint: 127.0.0.1:61962
TpTrace Verbose: 0 : 27960, 5, 2024/03/10, 15:16:00.430, 3467441862471, vstest.console.dll, TestRequestSender.StartTestRun: Sending test run with message: {"Version":5,"MessageType":"TestExecution.StartWithSources","Payload":{"AdapterSourceMap":{"_none_":["C:\\Users\\Lavanth\\Desktop\\Training\\Integration\\CozyHavenProject-main\\Cozy_Haven_Testing\\bin\\Debug\\net6.0\\fine-code-coverage\\build-output\\Cozy_Haven_Testing.dll"]},"RunSettings":"<RunSettings>\r\n  <RunConfiguration>\r\n    <ResultsDirectory>C:\\Users\\Lavanth\\Desktop\\Training\\Integration\\CozyHavenProject-main\\Cozy_Haven_Testing\\bin\\Debug\\net6.0\\fine-code-coverage\\coverage-tool-output</ResultsDirectory>\r\n    <TargetFrameworkVersion>.NETCoreApp,Version=v6.0</TargetFrameworkVersion>\r\n    <DesignMode>False</DesignMode>\r\n    <CollectSourceInformation>False</CollectSourceInformation>\r\n  </RunConfiguration>\r\n  <LoggerRunSettings>\r\n    <Loggers>\r\n      <Logger friendlyName=\"blame\" enabled=\"True\" />\r\n      <Logger friendlyName=\"Console\" uri=\"logger://microsoft/TestPlatform/ConsoleLogger/v1\" assemblyQualifiedName=\"Microsoft.VisualStudio.TestPlatform.CommandLine.Internal.ConsoleLogger, vstest.console, Version=15.0.0.0, Culture=neutral, PublicKeyToken=b03f5f7f11d50a3a\" codeBase=\"C:\\Program Files\\dotnet\\sdk\\8.0.101\\vstest.console.dll\" enabled=\"True\" />\r\n    </Loggers>\r\n  </LoggerRunSettings>\r\n  <DataCollectionRunSettings>\r\n    <DataCollectors>\r\n      <DataCollector friendlyName=\"blame\" enabled=\"True\">\r\n        <Configuration>\r\n          <ResultsDirectory>C:\\Users\\Lavanth\\Desktop\\Training\\Integration\\CozyHavenProject-main\\Cozy_Haven_Testing\\bin\\Debug\\net6.0\\fine-code-coverage\\coverage-tool-output</ResultsDirectory>\r\n        </Configuration>\r\n      </DataCollector>\r\n    </DataCollectors>\r\n  </DataCollectionRunSettings>\r\n</RunSettings>","TestExecutionContext":{"FrequencyOfRunStatsChangeEvent":10,"RunStatsChangeEventTimeout":"00:00:01.5000000","InIsolation":false,"KeepAlive":false,"AreTestCaseLevelEventsRequired":false,"IsDebug":false,"TestCaseFilter":null,"FilterOptions":null},"Package":null}}
TpTrace Verbose: 0 : 27960, 5, 2024/03/10, 15:16:00.430, 3467441864106, vstest.console.dll, ParallelProxyExecutionManager.StartTestRunOnConcurrentManager: Execution started. Started clients: 1
TpTrace Verbose: 0 : 27960, 7, 2024/03/10, 15:16:00.543, 3467442990182, vstest.console.dll, TcpClientExtensions.MessageLoopAsync: NotifyDataAvailable remoteEndPoint: 127.0.0.1:61963 localEndPoint: 127.0.0.1:61962
TpTrace Verbose: 0 : 27960, 7, 2024/03/10, 15:16:00.543, 3467442991739, vstest.console.dll, TestRequestSender.OnExecutionMessageReceived: Received message: {"Version":5,"MessageType":"TestSession.Message","Payload":{"MessageLevel":0,"Message":"NUnit Adapter 4.2.0.0: Test execution started"}}
TpTrace Verbose: 0 : 27960, 7, 2024/03/10, 15:16:00.543, 3467442993600, vstest.console.dll, TestRunRequest:SendTestRunMessage: Starting.
TpTrace Verbose: 0 : 27960, 7, 2024/03/10, 15:16:00.543, 3467442994114, vstest.console.dll, MulticastDelegateUtilities.SafeInvoke: TestRun.LogMessages: Invoking callback 1/1 for Microsoft.VisualStudio.TestPlatform.CommandLine.TestRunResultAggregator., took 0 ms.
TpTrace Information: 0 : 27960, 7, 2024/03/10, 15:16:00.543, 3467442994339, vstest.console.dll, TestRunRequest:SendTestRunMessage: Completed.
TpTrace Verbose: 0 : 27960, 7, 2024/03/10, 15:16:00.543, 3467442994608, vstest.console.dll, MulticastDelegateUtilities.SafeInvoke: LengthPrefixCommunicationChannel: MessageReceived: Invoking callback 1/1 for Microsoft.VisualStudio.TestPlatform.CommunicationUtilities.TestRequestSender+<>c__DisplayClass34_0., took 0 ms.
TpTrace Verbose: 0 : 27960, 7, 2024/03/10, 15:16:00.543, 3467442994873, vstest.console.dll, TcpClientExtensions.MessageLoopAsync: Polling on remoteEndPoint: 127.0.0.1:61963 localEndPoint: 127.0.0.1:61962
TpTrace Verbose: 0 : 27960, 4, 2024/03/10, 15:16:00.543, 3467442994551, vstest.console.dll, MulticastDelegateUtilities.SafeInvoke: InternalTestLoggerEvents.SendTestRunMessage: Invoking callback 1/1 for Microsoft.VisualStudio.TestPlatform.CommandLine.Internal.ConsoleLogger., took 0 ms.
TpTrace Verbose: 0 : 27960, 7, 2024/03/10, 15:16:00.566, 3467443218132, vstest.console.dll, TcpClientExtensions.MessageLoopAsync: NotifyDataAvailable remoteEndPoint: 127.0.0.1:61963 localEndPoint: 127.0.0.1:61962
TpTrace Verbose: 0 : 27960, 7, 2024/03/10, 15:16:00.566, 3467443219430, vstest.console.dll, TestRequestSender.OnExecutionMessageReceived: Received message: {"Version":5,"MessageType":"TestSession.Message","Payload":{"MessageLevel":0,"Message":"Running all tests in C:\\Users\\Lavanth\\Desktop\\Training\\Integration\\CozyHavenProject-main\\Cozy_Haven_Testing\\bin\\Debug\\net6.0\\fine-code-coverage\\build-output\\Cozy_Haven_Testing.dll"}}
TpTrace Verbose: 0 : 27960, 7, 2024/03/10, 15:16:00.566, 3467443220368, vstest.console.dll, TestRunRequest:SendTestRunMessage: Starting.
TpTrace Verbose: 0 : 27960, 7, 2024/03/10, 15:16:00.566, 3467443220791, vstest.console.dll, MulticastDelegateUtilities.SafeInvoke: TestRun.LogMessages: Invoking callback 1/1 for Microsoft.VisualStudio.TestPlatform.CommandLine.TestRunResultAggregator., took 0 ms.
TpTrace Information: 0 : 27960, 7, 2024/03/10, 15:16:00.566, 3467443221005, vstest.console.dll, TestRunRequest:SendTestRunMessage: Completed.
TpTrace Verbose: 0 : 27960, 7, 2024/03/10, 15:16:00.566, 3467443221200, vstest.console.dll, MulticastDelegateUtilities.SafeInvoke: LengthPrefixCommunicationChannel: MessageReceived: Invoking callback 1/1 for Microsoft.VisualStudio.TestPlatform.CommunicationUtilities.TestRequestSender+<>c__DisplayClass34_0., took 0 ms.
TpTrace Verbose: 0 : 27960, 7, 2024/03/10, 15:16:00.566, 3467443221448, vstest.console.dll, TcpClientExtensions.MessageLoopAsync: Polling on remoteEndPoint: 127.0.0.1:61963 localEndPoint: 127.0.0.1:61962
TpTrace Verbose: 0 : 27960, 4, 2024/03/10, 15:16:00.566, 3467443221179, vstest.console.dll, MulticastDelegateUtilities.SafeInvoke: InternalTestLoggerEvents.SendTestRunMessage: Invoking callback 1/1 for Microsoft.VisualStudio.TestPlatform.CommandLine.Internal.ConsoleLogger., took 0 ms.
TpTrace Verbose: 0 : 27960, 7, 2024/03/10, 15:16:01.566, 3467453221542, vstest.console.dll, TcpClientExtensions.MessageLoopAsync: Polling on remoteEndPoint: 127.0.0.1:61963 localEndPoint: 127.0.0.1:61962
TpTrace Verbose: 0 : 27960, 7, 2024/03/10, 15:16:02.444, 3467462002889, vstest.console.dll, TcpClientExtensions.MessageLoopAsync: NotifyDataAvailable remoteEndPoint: 127.0.0.1:61963 localEndPoint: 127.0.0.1:61962
TpTrace Verbose: 0 : 27960, 7, 2024/03/10, 15:16:02.445, 3467462008307, vstest.console.dll, TestRequestSender.OnExecutionMessageReceived: Received message: {"Version":5,"MessageType":"TestSession.Message","Payload":{"MessageLevel":0,"Message":"   NUnit3TestExecutor discovered 71 of 71 NUnit test cases using Current Discovery mode, Non-Explicit run"}}
TpTrace Verbose: 0 : 27960, 7, 2024/03/10, 15:16:02.445, 3467462012169, vstest.console.dll, TestRunRequest:SendTestRunMessage: Starting.
TpTrace Verbose: 0 : 27960, 7, 2024/03/10, 15:16:02.445, 3467462013606, vstest.console.dll, MulticastDelegateUtilities.SafeInvoke: TestRun.LogMessages: Invoking callback 1/1 for Microsoft.VisualStudio.TestPlatform.CommandLine.TestRunResultAggregator., took 0 ms.
TpTrace Information: 0 : 27960, 7, 2024/03/10, 15:16:02.445, 3467462014026, vstest.console.dll, TestRunRequest:SendTestRunMessage: Completed.
TpTrace Verbose: 0 : 27960, 4, 2024/03/10, 15:16:02.445, 3467462013983, vstest.console.dll, MulticastDelegateUtilities.SafeInvoke: InternalTestLoggerEvents.SendTestRunMessage: Invoking callback 1/1 for Microsoft.VisualStudio.TestPlatform.CommandLine.Internal.ConsoleLogger., took 0 ms.
TpTrace Verbose: 0 : 27960, 7, 2024/03/10, 15:16:02.445, 3467462014425, vstest.console.dll, MulticastDelegateUtilities.SafeInvoke: LengthPrefixCommunicationChannel: MessageReceived: Invoking callback 1/1 for Microsoft.VisualStudio.TestPlatform.CommunicationUtilities.TestRequestSender+<>c__DisplayClass34_0., took 0 ms.
TpTrace Verbose: 0 : 27960, 7, 2024/03/10, 15:16:02.445, 3467462015406, vstest.console.dll, TcpClientExtensions.MessageLoopAsync: Polling on remoteEndPoint: 127.0.0.1:61963 localEndPoint: 127.0.0.1:61962
TpTrace Verbose: 0 : 27960, 7, 2024/03/10, 15:16:02.516, 3467462724275, vstest.console.dll, TcpClientExtensions.MessageLoopAsync: NotifyDataAvailable remoteEndPoint: 127.0.0.1:61963 localEndPoint: 127.0.0.1:61962
TpTrace Verbose: 0 : 27960, 7, 2024/03/10, 15:16:02.517, 3467462732287, vstest.console.dll, TestRequestSender.OnExecutionMessageReceived: Received message: {"Version":5,"MessageType":"TestExecution.StatsChange","Payload":{"NewTestResults":[],"TestRunStatistics":{"ExecutedTests":0,"Stats":{}},"ActiveTests":[{"Id":"70495226-c2fc-cadc-5566-8484bfb99cac","FullyQualifiedName":"Cozy_Haven_Testing.Booking_Testing.AddBookingSuccessTest","DisplayName":"AddBookingSuccessTest","ExecutorUri":"executor://NUnit3TestExecutor","Source":"C:\\Users\\Lavanth\\Desktop\\Training\\Integration\\CozyHavenProject-main\\Cozy_Haven_Testing\\bin\\Debug\\net6.0\\fine-code-coverage\\build-output\\Cozy_Haven_Testing.dll","CodeFilePath":null,"LineNumber":0,"Properties":[{"Key":{"Id":"NUnit.Seed","Label":"Seed","Category":"","Description":"","Attributes":0,"ValueType":"System.String"},"Value":"1517640465"}]}]}}
TpTrace Verbose: 0 : 27960, 7, 2024/03/10, 15:16:02.539, 3467462955741, vstest.console.dll, TestRunRequest:SendTestRunStatsChange: Starting.
TpTrace Verbose: 0 : 27960, 7, 2024/03/10, 15:16:02.540, 3467462958429, vstest.console.dll, InProgress is AddBookingSuccessTest
TpTrace Verbose: 0 : 27960, 7, 2024/03/10, 15:16:02.540, 3467462959456, vstest.console.dll, MulticastDelegateUtilities.SafeInvoke: TestRun.RunStatsChanged: Invoking callbacks was skipped because there are no subscribers.
TpTrace Information: 0 : 27960, 7, 2024/03/10, 15:16:02.540, 3467462959831, vstest.console.dll, TestRunRequest:SendTestRunStatsChange: Completed.
TpTrace Verbose: 0 : 27960, 7, 2024/03/10, 15:16:02.540, 3467462960200, vstest.console.dll, MulticastDelegateUtilities.SafeInvoke: LengthPrefixCommunicationChannel: MessageReceived: Invoking callback 1/1 for Microsoft.VisualStudio.TestPlatform.CommunicationUtilities.TestRequestSender+<>c__DisplayClass34_0., took 22 ms.
TpTrace Verbose: 0 : 27960, 7, 2024/03/10, 15:16:02.540, 3467462960485, vstest.console.dll, TcpClientExtensions.MessageLoopAsync: Polling on remoteEndPoint: 127.0.0.1:61963 localEndPoint: 127.0.0.1:61962
TpTrace Verbose: 0 : 27960, 7, 2024/03/10, 15:16:02.701, 3467464568099, vstest.console.dll, TcpClientExtensions.MessageLoopAsync: NotifyDataAvailable remoteEndPoint: 127.0.0.1:61963 localEndPoint: 127.0.0.1:61962
TpTrace Verbose: 0 : 27960, 7, 2024/03/10, 15:16:02.701, 3467464570853, vstest.console.dll, TestRequestSender.OnExecutionMessageReceived: Received message: {"Version":5,"MessageType":"TestExecution.StatsChange","Payload":{"NewTestResults":[{"TestCase":{"Id":"70495226-c2fc-cadc-5566-8484bfb99cac","FullyQualifiedName":"Cozy_Haven_Testing.Booking_Testing.AddBookingSuccessTest","DisplayName":"AddBookingSuccessTest","ExecutorUri":"executor://NUnit3TestExecutor","Source":"C:\\Users\\Lavanth\\Desktop\\Training\\Integration\\CozyHavenProject-main\\Cozy_Haven_Testing\\bin\\Debug\\net6.0\\fine-code-coverage\\build-output\\Cozy_Haven_Testing.dll","CodeFilePath":null,"LineNumber":0,"Properties":[{"Key":{"Id":"NUnit.Seed","Label":"Seed","Category":"","Description":"","Attributes":0,"ValueType":"System.String"},"Value":"1517640465"}]},"Attachments":[],"Outcome":1,"ErrorMessage":null,"ErrorStackTrace":null,"DisplayName":"AddBookingSuccessTest","Messages":[],"ComputerName":"LAPTOP-KF6FN17R","Duration":"00:00:00.1248520","StartTime":"2024-03-10T09:46:02.471336+00:00","EndTime":"2024-03-10T09:46:02.596103+00:00","Properties":[{"Key":{"Id":"NUnit.Seed","Label":"Seed","Category":"","Description":"","Attributes":0,"ValueType":"System.String"},"Value":"1517640465"}]},{"TestCase":{"Id":"cf22bf8d-700c-4854-4bf7-3cba3ad5c9a0","FullyQualifiedName":"Cozy_Haven_Testing.Booking_Testing.CalculateTotalPrice_ReturnsCorrectPrice","DisplayName":"CalculateTotalPrice_ReturnsCorrectPrice","ExecutorUri":"executor://NUnit3TestExecutor","Source":"C:\\Users\\Lavanth\\Desktop\\Training\\Integration\\CozyHavenProject-main\\Cozy_Haven_Testing\\bin\\Debug\\net6.0\\fine-code-coverage\\build-output\\Cozy_Haven_Testing.dll","CodeFilePath":null,"LineNumber":0,"Properties":[{"Key":{"Id":"NUnit.Seed","Label":"Seed","Category":"","Description":"","Attributes":0,"ValueType":"System.String"},"Value":"161432666"}]},"Attachments":[],"Outcome":2,"ErrorMessage":"  Expected: 600\r\n  But was:  500.0f\r\n","ErrorStackTrace":"   at Cozy_Haven_Testing.Booking_Testing.CalculateTotalPrice_ReturnsCorrectPrice() in C:\\Users\\Lavanth\\Desktop\\Training\\Integration\\CozyHavenProject-main\\Cozy_Haven_Testing\\Booking_Testing.cs:line 330\r\n","DisplayName":"CalculateTotalPrice_ReturnsCorrectPrice","Messages":[],"ComputerName":"LAPTOP-KF6FN17R","Duration":"00:00:00.0606640","StartTime":"2024-03-10T09:46:02.5978071+00:00","EndTime":"2024-03-10T09:46:02.6584711+00:00","Properties":[{"Key":{"Id":"NUnit.Seed","Label":"Seed","Category":"","Description":"","Attributes":0,"ValueType":"System.String"},"Value":"161432666"}]},{"TestCase":{"Id":"d47f53f3-2f57-4909-6fa2-4fc62369611e","FullyQualifiedName":"Cozy_Haven_Testing.Booking_Testing.DeleteBookingSuccessTest","DisplayName":"DeleteBookingSuccessTest","ExecutorUri":"executor://NUnit3TestExecutor","Source":"C:\\Users\\Lavanth\\Desktop\\Training\\Integration\\CozyHavenProject-main\\Cozy_Haven_Testing\\bin\\Debug\\net6.0\\fine-code-coverage\\build-output\\Cozy_Haven_Testing.dll","CodeFilePath":null,"LineNumber":0,"Properties":[{"Key":{"Id":"NUnit.Seed","Label":"Seed","Category":"","Description":"","Attributes":0,"ValueType":"System.String"},"Value":"139542141"}]},"Attachments":[],"Outcome":1,"ErrorMessage":null,"ErrorStackTrace":null,"DisplayName":"DeleteBookingSuccessTest","Messages":[],"ComputerName":"LAPTOP-KF6FN17R","Duration":"00:00:00.0059160","StartTime":"2024-03-10T09:46:02.6585743+00:00","EndTime":"2024-03-10T09:46:02.6644903+00:00","Properties":[{"Key":{"Id":"NUnit.Seed","Label":"Seed","Category":"","Description":"","Attributes":0,"ValueType":"System.String"},"Value":"139542141"}]},{"TestCase":{"Id":"a090105e-4422-d1d2-1862-cbd34efc948b","FullyQualifiedName":"Cozy_Haven_Testing.Booking_Testing.GetAllBookingsSuccessTest","DisplayName":"GetAllBookingsSuccessTest","ExecutorUri":"executor://NUnit3TestExecutor","Source":"C:\\Users\\Lavanth\\Desktop\\Training\\Integration\\CozyHavenProject-main\\Cozy_Haven_Testing\\bin\\Debug\\net6.0\\fine-code-coverage\\build-output\\Cozy_Haven_Testing.dll","CodeFilePath":null,"LineNumber":0,"Properties":[{"Key":{"Id":"NUnit.Seed","Label":"Seed","Category":"","Description":"","Attributes":0,"ValueType":"System.String"},"Value":"1220178690"}]},"Attachments":[],"Outcome":1,"ErrorMessage":null,"ErrorStackTrace":null,"DisplayName":"GetAllBookingsSuccessTest","Messages":[],"ComputerName":"LAPTOP-KF6FN17R","Duration":"00:00:00.0012630","StartTime":"2024-03-10T09:46:02.6645018+00:00","EndTime":"2024-03-10T09:46:02.6657644+00:00","Properties":[{"Key":{"Id":"NUnit.Seed","Label":"Seed","Category":"","Description":"","Attributes":0,"ValueType":"System.String"},"Value":"1220178690"}]},{"TestCase":{"Id":"ff0609d9-6121-63ff-2db0-a39275b21bc6","FullyQualifiedName":"Cozy_Haven_Testing.Booking_Testing.GetBookingNotFoundExceptionTest","DisplayName":"GetBookingNotFoundExceptionTest","ExecutorUri":"executor://NUnit3TestExecutor","Source":"C:\\Users\\Lavanth\\Desktop\\Training\\Integration\\CozyHavenProject-main\\Cozy_Haven_Testing\\bin\\Debug\\net6.0\\fine-code-coverage\\build-output\\Cozy_Haven_Testing.dll","CodeFilePath":null,"LineNumber":0,"Properties":[{"Key":{"Id":"NUnit.Seed","Label":"Seed","Category":"","Description":"","Attributes":0,"ValueType":"System.String"},"Value":"760080567"}]},"Attachments":[],"Outcome":1,"ErrorMessage":null,"ErrorStackTrace":null,"DisplayName":"GetBookingNotFoundExceptionTest","Messages":[],"ComputerName":"LAPTOP-KF6FN17R","Duration":"00:00:00.0024830","StartTime":"2024-03-10T09:46:02.6657749+00:00","EndTime":"2024-03-10T09:46:02.6682576+00:00","Properties":[{"Key":{"Id":"NUnit.Seed","Label":"Seed","Category":"","Description":"","Attributes":0,"ValueType":"System.String"},"Value":"760080567"}]},{"TestCase":{"Id":"6eb288a7-2947-4510-3827-6e7e03c9fee4","FullyQualifiedName":"Cozy_Haven_Testing.Booking_Testing.GetBookingsByRoomId_ValidRoomId_ReturnsFilteredBookings","DisplayName":"GetBookingsByRoomId_ValidRoomId_ReturnsFilteredBookings","ExecutorUri":"executor://NUnit3TestExecutor","Source":"C:\\Users\\Lavanth\\Desktop\\Training\\Integration\\CozyHavenProject-main\\Cozy_Haven_Testing\\bin\\Debug\\net6.0\\fine-code-coverage\\build-output\\Cozy_Haven_Testing.dll","CodeFilePath":null,"LineNumber":0,"Properties":[{"Key":{"Id":"NUnit.Seed","Label":"Seed","Category":"","Description":"","Attributes":0,"ValueType":"System.String"},"Value":"1637284343"}]},"Attachments":[],"Outcome":1,"ErrorMessage":null,"ErrorStackTrace":null,"DisplayName":"GetBookingsByRoomId_ValidRoomId_ReturnsFilteredBookings","Messages":[],"ComputerName":"LAPTOP-KF6FN17R","Duration":"00:00:00.0006550","StartTime":"2024-03-10T09:46:02.6682698+00:00","EndTime":"2024-03-10T09:46:02.6689244+00:00","Properties":[{"Key":{"Id":"NUnit.Seed","Label":"Seed","Category":"","Description":"","Attributes":0,"ValueType":"System.String"},"Value":"1637284343"}]},{"TestCase":{"Id":"5a5328d2-d0cf-58e5-7545-3b9b52185fa0","FullyQualifiedName":"Cozy_Haven_Testing.Booking_Testing.GetBookingsCountSuccessTest","DisplayName":"GetBookingsCountSuccessTest","ExecutorUri":"executor://NUnit3TestExecutor","Source":"C:\\Users\\Lavanth\\Desktop\\Training\\Integration\\CozyHavenProject-main\\Cozy_Haven_Testing\\bin\\Debug\\net6.0\\fine-code-coverage\\build-output\\Cozy_Haven_Testing.dll","CodeFilePath":null,"LineNumber":0,"Properties":[{"Key":{"Id":"NUnit.Seed","Label":"Seed","Category":"","Description":"","Attributes":0,"ValueType":"System.String"},"Value":"664422305"}]},"Attachments":[],"Outcome":1,"ErrorMessage":null,"ErrorStackTrace":null,"DisplayName":"GetBookingsCountSuccessTest","Messages":[],"ComputerName":"LAPTOP-KF6FN17R","Duration":"00:00:00.0009870","StartTime":"2024-03-10T09:46:02.6689353+00:00","EndTime":"2024-03-10T09:46:02.6699226+00:00","Properties":[{"Key":{"Id":"NUnit.Seed","Label":"Seed","Category":"","Description":"","Attributes":0,"ValueType":"System.String"},"Value":"664422305"}]},{"TestCase":{"Id":"2c09fd44-5fa1-3aa6-02b9-88f58b105675","FullyQualifiedName":"Cozy_Haven_Testing.Booking_Testing.GetBookingSuccessTest","DisplayName":"GetBookingSuccessTest","ExecutorUri":"executor://NUnit3TestExecutor","Source":"C:\\Users\\Lavanth\\Desktop\\Training\\Integration\\CozyHavenProject-main\\Cozy_Haven_Testing\\bin\\Debug\\net6.0\\fine-code-coverage\\build-output\\Cozy_Haven_Testing.dll","CodeFilePath":null,"LineNumber":0,"Properties":[{"Key":{"Id":"NUnit.Seed","Label":"Seed","Category":"","Description":"","Attributes":0,"ValueType":"System.String"},"Value":"1205471137"}]},"Attachments":[],"Outcome":1,"ErrorMessage":null,"ErrorStackTrace":null,"DisplayName":"GetBookingSuccessTest","Messages":[],"ComputerName":"LAPTOP-KF6FN17R","Duration":"00:00:00.0009810","StartTime":"2024-03-10T09:46:02.6699329+00:00","EndTime":"2024-03-10T09:46:02.6709139+00:00","Properties":[{"Key":{"Id":"NUnit.Seed","Label":"Seed","Category":"","Description":"","Attributes":0,"ValueType":"System.String"},"Value":"1205471137"}]},{"TestCase":{"Id":"4a064edb-81e9-64bc-53de-b1e5a04b6ae8","FullyQualifiedName":"Cozy_Haven_Testing.Booking_Testing.GetCancelledHotelBookings_ReturnsCancelledBookingsForHotel","DisplayName":"GetCancelledHotelBookings_ReturnsCancelledBookingsForHotel","ExecutorUri":"executor://NUnit3TestExecutor","Source":"C:\\Users\\Lavanth\\Desktop\\Training\\Integration\\CozyHavenProject-main\\Cozy_Haven_Testing\\bin\\Debug\\net6.0\\fine-code-coverage\\build-output\\Cozy_Haven_Testing.dll","CodeFilePath":null,"LineNumber":0,"Properties":[{"Key":{"Id":"NUnit.Seed","Label":"Seed","Category":"","Description":"","Attributes":0,"ValueType":"System.String"},"Value":"1864786082"}]},"Attachments":[],"Outcome":1,"ErrorMessage":null,"ErrorStackTrace":null,"DisplayName":"GetCancelledHotelBookings_ReturnsCancelledBookingsForHotel","Messages":[],"ComputerName":"LAPTOP-KF6FN17R","Duration":"00:00:00.0032480","StartTime":"2024-03-10T09:46:02.6709242+00:00","EndTime":"2024-03-10T09:46:02.6741719+00:00","Properties":[{"Key":{"Id":"NUnit.Seed","Label":"Seed","Category":"","Description":"","Attributes":0,"ValueType":"System.String"},"Value":"1864786082"}]}],"TestRunStatistics":{"ExecutedTests":9,"Stats":{"Passed":8,"Failed":1}},"ActiveTests":[{"Id":"a11ebaaa-ace1-b614-99db-028381144abd","FullyQualifiedName":"Cozy_Haven_Testing.Booking_Testing.GetHotelBookingsCount_ReturnsCorrectCount","DisplayName":"GetHotelBookingsCount_ReturnsCorrectCount","ExecutorUri":"executor://NUnit3TestExecutor","Source":"C:\\Users\\Lavanth\\Desktop\\Training\\Integration\\CozyHavenProject-main\\Cozy_Haven_Testing\\bin\\Debug\\net6.0\\fine-code-coverage\\build-output\\Cozy_Haven_Testing.dll","CodeFilePath":null,"LineNumber":0,"Properties":[{"Key":{"Id":"NUnit.Seed","Label":"Seed","Category":"","Description":"","Attributes":0,"ValueType":"System.String"},"Value":"959822214"}]}]}}
TpTrace Verbose: 0 : 27960, 7, 2024/03/10, 15:16:02.709, 3467464655713, vstest.console.dll, TestRunRequest:SendTestRunStatsChange: Starting.
TpTrace Verbose: 0 : 27960, 7, 2024/03/10, 15:16:02.710, 3467464656658, vstest.console.dll, InProgress is GetHotelBookingsCount_ReturnsCorrectCount
TpTrace Verbose: 0 : 27960, 7, 2024/03/10, 15:16:02.710, 3467464658172, vstest.console.dll, MulticastDelegateUtilities.SafeInvoke: TestRun.RunStatsChanged: Invoking callbacks was skipped because there are no subscribers.
TpTrace Information: 0 : 27960, 7, 2024/03/10, 15:16:02.710, 3467464658477, vstest.console.dll, TestRunRequest:SendTestRunStatsChange: Completed.
TpTrace Verbose: 0 : 27960, 7, 2024/03/10, 15:16:02.710, 3467464658691, vstest.console.dll, MulticastDelegateUtilities.SafeInvoke: LengthPrefixCommunicationChannel: MessageReceived: Invoking callback 1/1 for Microsoft.VisualStudio.TestPlatform.CommunicationUtilities.TestRequestSender+<>c__DisplayClass34_0., took 8 ms.
TpTrace Verbose: 0 : 27960, 7, 2024/03/10, 15:16:02.710, 3467464658930, vstest.console.dll, TcpClientExtensions.MessageLoopAsync: Polling on remoteEndPoint: 127.0.0.1:61963 localEndPoint: 127.0.0.1:61962
TpTrace Verbose: 0 : 27960, 4, 2024/03/10, 15:16:02.711, 3467464671725, vstest.console.dll, MulticastDelegateUtilities.SafeInvoke: InternalTestLoggerEvents.SendTestResult: Invoking callback 1/1 for Microsoft.VisualStudio.TestPlatform.CommandLine.Internal.ConsoleLogger., took 1 ms.
TpTrace Verbose: 0 : 27960, 4, 2024/03/10, 15:16:02.712, 3467464677437, vstest.console.dll, MulticastDelegateUtilities.SafeInvoke: InternalTestLoggerEvents.SendTestResult: Invoking callback 1/1 for Microsoft.VisualStudio.TestPlatform.CommandLine.Internal.ConsoleLogger., took 0 ms.
TpTrace Verbose: 0 : 27960, 4, 2024/03/10, 15:16:02.712, 3467464678078, vstest.console.dll, MulticastDelegateUtilities.SafeInvoke: InternalTestLoggerEvents.SendTestResult: Invoking callback 1/1 for Microsoft.VisualStudio.TestPlatform.CommandLine.Internal.ConsoleLogger., took 0 ms.
TpTrace Verbose: 0 : 27960, 4, 2024/03/10, 15:16:02.712, 3467464678472, vstest.console.dll, MulticastDelegateUtilities.SafeInvoke: InternalTestLoggerEvents.SendTestResult: Invoking callback 1/1 for Microsoft.VisualStudio.TestPlatform.CommandLine.Internal.ConsoleLogger., took 0 ms.
TpTrace Verbose: 0 : 27960, 4, 2024/03/10, 15:16:02.712, 3467464678894, vstest.console.dll, MulticastDelegateUtilities.SafeInvoke: InternalTestLoggerEvents.SendTestResult: Invoking callback 1/1 for Microsoft.VisualStudio.TestPlatform.CommandLine.Internal.ConsoleLogger., took 0 ms.
TpTrace Verbose: 0 : 27960, 4, 2024/03/10, 15:16:02.712, 3467464679521, vstest.console.dll, MulticastDelegateUtilities.SafeInvoke: InternalTestLoggerEvents.SendTestResult: Invoking callback 1/1 for Microsoft.VisualStudio.TestPlatform.CommandLine.Internal.ConsoleLogger., took 0 ms.
TpTrace Verbose: 0 : 27960, 4, 2024/03/10, 15:16:02.712, 3467464685929, vstest.console.dll, MulticastDelegateUtilities.SafeInvoke: InternalTestLoggerEvents.SendTestResult: Invoking callback 1/1 for Microsoft.VisualStudio.TestPlatform.CommandLine.Internal.ConsoleLogger., took 0 ms.
TpTrace Verbose: 0 : 27960, 4, 2024/03/10, 15:16:02.712, 3467464686584, vstest.console.dll, MulticastDelegateUtilities.SafeInvoke: InternalTestLoggerEvents.SendTestResult: Invoking callback 1/1 for Microsoft.VisualStudio.TestPlatform.CommandLine.Internal.ConsoleLogger., took 0 ms.
TpTrace Verbose: 0 : 27960, 4, 2024/03/10, 15:16:02.713, 3467464687541, vstest.console.dll, MulticastDelegateUtilities.SafeInvoke: InternalTestLoggerEvents.SendTestResult: Invoking callback 1/1 for Microsoft.VisualStudio.TestPlatform.CommandLine.Internal.ConsoleLogger., took 0 ms.
TpTrace Verbose: 0 : 27960, 7, 2024/03/10, 15:16:02.718, 3467464738487, vstest.console.dll, TcpClientExtensions.MessageLoopAsync: NotifyDataAvailable remoteEndPoint: 127.0.0.1:61963 localEndPoint: 127.0.0.1:61962
TpTrace Verbose: 0 : 27960, 7, 2024/03/10, 15:16:02.718, 3467464740561, vstest.console.dll, TestRequestSender.OnExecutionMessageReceived: Received message: {"Version":5,"MessageType":"TestExecution.StatsChange","Payload":{"NewTestResults":[{"TestCase":{"Id":"a11ebaaa-ace1-b614-99db-028381144abd","FullyQualifiedName":"Cozy_Haven_Testing.Booking_Testing.GetHotelBookingsCount_ReturnsCorrectCount","DisplayName":"GetHotelBookingsCount_ReturnsCorrectCount","ExecutorUri":"executor://NUnit3TestExecutor","Source":"C:\\Users\\Lavanth\\Desktop\\Training\\Integration\\CozyHavenProject-main\\Cozy_Haven_Testing\\bin\\Debug\\net6.0\\fine-code-coverage\\build-output\\Cozy_Haven_Testing.dll","CodeFilePath":null,"LineNumber":0,"Properties":[{"Key":{"Id":"NUnit.Seed","Label":"Seed","Category":"","Description":"","Attributes":0,"ValueType":"System.String"},"Value":"959822214"}]},"Attachments":[],"Outcome":1,"ErrorMessage":null,"ErrorStackTrace":null,"DisplayName":"GetHotelBookingsCount_ReturnsCorrectCount","Messages":[],"ComputerName":"LAPTOP-KF6FN17R","Duration":"00:00:00.0088870","StartTime":"2024-03-10T09:46:02.6741919+00:00","EndTime":"2024-03-10T09:46:02.6830786+00:00","Properties":[{"Key":{"Id":"NUnit.Seed","Label":"Seed","Category":"","Description":"","Attributes":0,"ValueType":"System.String"},"Value":"959822214"}]},{"TestCase":{"Id":"85b41a8e-dc71-c655-13b0-dcc820c755a6","FullyQualifiedName":"Cozy_Haven_Testing.Booking_Testing.GetHotelBookingsSuccessTest","DisplayName":"GetHotelBookingsSuccessTest","ExecutorUri":"executor://NUnit3TestExecutor","Source":"C:\\Users\\Lavanth\\Desktop\\Training\\Integration\\CozyHavenProject-main\\Cozy_Haven_Testing\\bin\\Debug\\net6.0\\fine-code-coverage\\build-output\\Cozy_Haven_Testing.dll","CodeFilePath":null,"LineNumber":0,"Properties":[{"Key":{"Id":"NUnit.Seed","Label":"Seed","Category":"","Description":"","Attributes":0,"ValueType":"System.String"},"Value":"257519779"}]},"Attachments":[],"Outcome":1,"ErrorMessage":null,"ErrorStackTrace":null,"DisplayName":"GetHotelBookingsSuccessTest","Messages":[],"ComputerName":"LAPTOP-KF6FN17R","Duration":"00:00:00.0014930","StartTime":"2024-03-10T09:46:02.6830946+00:00","EndTime":"2024-03-10T09:46:02.6845876+00:00","Properties":[{"Key":{"Id":"NUnit.Seed","Label":"Seed","Category":"","Description":"","Attributes":0,"ValueType":"System.String"},"Value":"257519779"}]},{"TestCase":{"Id":"0a87f059-514b-644d-4920-2802383c4b5f","FullyQualifiedName":"Cozy_Haven_Testing.Booking_Testing.GetHotelCollections_ReturnsCorrectCollections","DisplayName":"GetHotelCollections_ReturnsCorrectCollections","ExecutorUri":"executor://NUnit3TestExecutor","Source":"C:\\Users\\Lavanth\\Desktop\\Training\\Integration\\CozyHavenProject-main\\Cozy_Haven_Testing\\bin\\Debug\\net6.0\\fine-code-coverage\\build-output\\Cozy_Haven_Testing.dll","CodeFilePath":null,"LineNumber":0,"Properties":[{"Key":{"Id":"NUnit.Seed","Label":"Seed","Category":"","Description":"","Attributes":0,"ValueType":"System.String"},"Value":"57990658"}]},"Attachments":[],"Outcome":1,"ErrorMessage":null,"ErrorStackTrace":null,"DisplayName":"GetHotelCollections_ReturnsCorrectCollections","Messages":[],"ComputerName":"LAPTOP-KF6FN17R","Duration":"00:00:00.0024370","StartTime":"2024-03-10T09:46:02.6845983+00:00","EndTime":"2024-03-10T09:46:02.6870351+00:00","Properties":[{"Key":{"Id":"NUnit.Seed","Label":"Seed","Category":"","Description":"","Attributes":0,"ValueType":"System.String"},"Value":"57990658"}]},{"TestCase":{"Id":"8afd23cc-749a-7909-db23-c85d98c643c3","FullyQualifiedName":"Cozy_Haven_Testing.Booking_Testing.GetLineChartData_ReturnsCorrectData","DisplayName":"GetLineChartData_ReturnsCorrectData","ExecutorUri":"executor://NUnit3TestExecutor","Source":"C:\\Users\\Lavanth\\Desktop\\Training\\Integration\\CozyHavenProject-main\\Cozy_Haven_Testing\\bin\\Debug\\net6.0\\fine-code-coverage\\build-output\\Cozy_Haven_Testing.dll","CodeFilePath":null,"LineNumber":0,"Properties":[{"Key":{"Id":"NUnit.Seed","Label":"Seed","Category":"","Description":"","Attributes":0,"ValueType":"System.String"},"Value":"1124677446"}]},"Attachments":[],"Outcome":1,"ErrorMessage":null,"ErrorStackTrace":null,"DisplayName":"GetLineChartData_ReturnsCorrectData","Messages":[],"ComputerName":"LAPTOP-KF6FN17R","Duration":"00:00:00.0034830","StartTime":"2024-03-10T09:46:02.6870484+00:00","EndTime":"2024-03-10T09:46:02.6905312+00:00","Properties":[{"Key":{"Id":"NUnit.Seed","Label":"Seed","Category":"","Description":"","Attributes":0,"ValueType":"System.String"},"Value":"1124677446"}]},{"TestCase":{"Id":"1fb87154-b02b-d327-29e5-640c530fd1a9","FullyQualifiedName":"Cozy_Haven_Testing.Booking_Testing.GetTotalBookings_ReturnsCorrectCount","DisplayName":"GetTotalBookings_ReturnsCorrectCount","ExecutorUri":"executor://NUnit3TestExecutor","Source":"C:\\Users\\Lavanth\\Desktop\\Training\\Integration\\CozyHavenProject-main\\Cozy_Haven_Testing\\bin\\Debug\\net6.0\\fine-code-coverage\\build-output\\Cozy_Haven_Testing.dll","CodeFilePath":null,"LineNumber":0,"Properties":[{"Key":{"Id":"NUnit.Seed","Label":"Seed","Category":"","Description":"","Attributes":0,"ValueType":"System.String"},"Value":"1559102794"}]},"Attachments":[],"Outcome":1,"ErrorMessage":null,"ErrorStackTrace":null,"DisplayName":"GetTotalBookings_ReturnsCorrectCount","Messages":[],"ComputerName":"LAPTOP-KF6FN17R","Duration":"00:00:00.0009360","StartTime":"2024-03-10T09:46:02.6905446+00:00","EndTime":"2024-03-10T09:46:02.6914802+00:00","Properties":[{"Key":{"Id":"NUnit.Seed","Label":"Seed","Category":"","Description":"","Attributes":0,"ValueType":"System.String"},"Value":"1559102794"}]},{"TestCase":{"Id":"7a888a67-bdaa-a8eb-9479-766a33b49c3c","FullyQualifiedName":"Cozy_Haven_Testing.Booking_Testing.GetTotalRevenue_ExcludesCancelledAndRefundedBookings","DisplayName":"GetTotalRevenue_ExcludesCancelledAndRefundedBookings","ExecutorUri":"executor://NUnit3TestExecutor","Source":"C:\\Users\\Lavanth\\Desktop\\Training\\Integration\\CozyHavenProject-main\\Cozy_Haven_Testing\\bin\\Debug\\net6.0\\fine-code-coverage\\build-output\\Cozy_Haven_Testing.dll","CodeFilePath":null,"LineNumber":0,"Properties":[{"Key":{"Id":"NUnit.Seed","Label":"Seed","Category":"","Description":"","Attributes":0,"ValueType":"System.String"},"Value":"1499442264"}]},"Attachments":[],"Outcome":1,"ErrorMessage":null,"ErrorStackTrace":null,"DisplayName":"GetTotalRevenue_ExcludesCancelledAndRefundedBookings","Messages":[],"ComputerName":"LAPTOP-KF6FN17R","Duration":"00:00:00.0011560","StartTime":"2024-03-10T09:46:02.6914906+00:00","EndTime":"2024-03-10T09:46:02.6926461+00:00","Properties":[{"Key":{"Id":"NUnit.Seed","Label":"Seed","Category":"","Description":"","Attributes":0,"ValueType":"System.String"},"Value":"1499442264"}]},{"TestCase":{"Id":"e347d8a0-89c6-a03d-4a81-9b43cc5a43bc","FullyQualifiedName":"Cozy_Haven_Testing.Booking_Testing.IsRoomAvailable_RoomAvailable_ReturnsTrue","DisplayName":"IsRoomAvailable_RoomAvailable_ReturnsTrue","ExecutorUri":"executor://NUnit3TestExecutor","Source":"C:\\Users\\Lavanth\\Desktop\\Training\\Integration\\CozyHavenProject-main\\Cozy_Haven_Testing\\bin\\Debug\\net6.0\\fine-code-coverage\\build-output\\Cozy_Haven_Testing.dll","CodeFilePath":null,"LineNumber":0,"Properties":[{"Key":{"Id":"NUnit.Seed","Label":"Seed","Category":"","Description":"","Attributes":0,"ValueType":"System.String"},"Value":"1075667105"}]},"Attachments":[],"Outcome":1,"ErrorMessage":null,"ErrorStackTrace":null,"DisplayName":"IsRoomAvailable_RoomAvailable_ReturnsTrue","Messages":[],"ComputerName":"LAPTOP-KF6FN17R","Duration":"00:00:00.0008700","StartTime":"2024-03-10T09:46:02.6926563+00:00","EndTime":"2024-03-10T09:46:02.6935263+00:00","Properties":[{"Key":{"Id":"NUnit.Seed","Label":"Seed","Category":"","Description":"","Attributes":0,"ValueType":"System.String"},"Value":"1075667105"}]},{"TestCase":{"Id":"8e879194-b1d5-abb5-7958-dbb5d5b7c321","FullyQualifiedName":"Cozy_Haven_Testing.Booking_Testing.UpdateBookingStatusSuccessTest","DisplayName":"UpdateBookingStatusSuccessTest","ExecutorUri":"executor://NUnit3TestExecutor","Source":"C:\\Users\\Lavanth\\Desktop\\Training\\Integration\\CozyHavenProject-main\\Cozy_Haven_Testing\\bin\\Debug\\net6.0\\fine-code-coverage\\build-output\\Cozy_Haven_Testing.dll","CodeFilePath":null,"LineNumber":0,"Properties":[{"Key":{"Id":"NUnit.Seed","Label":"Seed","Category":"","Description":"","Attributes":0,"ValueType":"System.String"},"Value":"269190934"}]},"Attachments":[],"Outcome":1,"ErrorMessage":null,"ErrorStackTrace":null,"DisplayName":"UpdateBookingStatusSuccessTest","Messages":[],"ComputerName":"LAPTOP-KF6FN17R","Duration":"00:00:00.0028810","StartTime":"2024-03-10T09:46:02.6935366+00:00","EndTime":"2024-03-10T09:46:02.6964173+00:00","Properties":[{"Key":{"Id":"NUnit.Seed","Label":"Seed","Category":"","Description":"","Attributes":0,"ValueType":"System.String"},"Value":"269190934"}]},{"TestCase":{"Id":"d5c26629-2aa2-295d-fd71-82e61415c3fa","FullyQualifiedName":"Cozy_Haven_Testing.DestinationTesting.AddDestination","DisplayName":"AddDestination","ExecutorUri":"executor://NUnit3TestExecutor","Source":"C:\\Users\\Lavanth\\Desktop\\Training\\Integration\\CozyHavenProject-main\\Cozy_Haven_Testing\\bin\\Debug\\net6.0\\fine-code-coverage\\build-output\\Cozy_Haven_Testing.dll","CodeFilePath":null,"LineNumber":0,"Properties":[{"Key":{"Id":"NUnit.Seed","Label":"Seed","Category":"","Description":"","Attributes":0,"ValueType":"System.String"},"Value":"1247651735"}]},"Attachments":[],"Outcome":1,"ErrorMessage":null,"ErrorStackTrace":null,"DisplayName":"AddDestination","Messages":[],"ComputerName":"LAPTOP-KF6FN17R","Duration":"00:00:00.0040660","StartTime":"2024-03-10T09:46:02.6980724+00:00","EndTime":"2024-03-10T09:46:02.702138+00:00","Properties":[{"Key":{"Id":"NUnit.Seed","Label":"Seed","Category":"","Description":"","Attributes":0,"ValueType":"System.String"},"Value":"1247651735"}]}],"TestRunStatistics":{"ExecutedTests":18,"Stats":{"Passed":17,"Failed":1}},"ActiveTests":[{"Id":"06e75008-5927-196a-5546-fa6692268b6b","FullyQualifiedName":"Cozy_Haven_Testing.DestinationTesting.DeleteDestination","DisplayName":"DeleteDestination","ExecutorUri":"executor://NUnit3TestExecutor","Source":"C:\\Users\\Lavanth\\Desktop\\Training\\Integration\\CozyHavenProject-main\\Cozy_Haven_Testing\\bin\\Debug\\net6.0\\fine-code-coverage\\build-output\\Cozy_Haven_Testing.dll","CodeFilePath":null,"LineNumber":0,"Properties":[{"Key":{"Id":"NUnit.Seed","Label":"Seed","Category":"","Description":"","Attributes":0,"ValueType":"System.String"},"Value":"1776885320"}]}]}}
TpTrace Verbose: 0 : 27960, 7, 2024/03/10, 15:16:02.719, 3467464750428, vstest.console.dll, TestRunRequest:SendTestRunStatsChange: Starting.
TpTrace Verbose: 0 : 27960, 7, 2024/03/10, 15:16:02.719, 3467464750863, vstest.console.dll, InProgress is DeleteDestination
TpTrace Verbose: 0 : 27960, 7, 2024/03/10, 15:16:02.719, 3467464751268, vstest.console.dll, MulticastDelegateUtilities.SafeInvoke: TestRun.RunStatsChanged: Invoking callbacks was skipped because there are no subscribers.
TpTrace Information: 0 : 27960, 7, 2024/03/10, 15:16:02.719, 3467464751476, vstest.console.dll, TestRunRequest:SendTestRunStatsChange: Completed.
TpTrace Verbose: 0 : 27960, 7, 2024/03/10, 15:16:02.719, 3467464751678, vstest.console.dll, MulticastDelegateUtilities.SafeInvoke: LengthPrefixCommunicationChannel: MessageReceived: Invoking callback 1/1 for Microsoft.VisualStudio.TestPlatform.CommunicationUtilities.TestRequestSender+<>c__DisplayClass34_0., took 1 ms.
TpTrace Verbose: 0 : 27960, 4, 2024/03/10, 15:16:02.719, 3467464751800, vstest.console.dll, MulticastDelegateUtilities.SafeInvoke: InternalTestLoggerEvents.SendTestResult: Invoking callback 1/1 for Microsoft.VisualStudio.TestPlatform.CommandLine.Internal.ConsoleLogger., took 0 ms.
TpTrace Verbose: 0 : 27960, 7, 2024/03/10, 15:16:02.719, 3467464751893, vstest.console.dll, TcpClientExtensions.MessageLoopAsync: Polling on remoteEndPoint: 127.0.0.1:61963 localEndPoint: 127.0.0.1:61962
TpTrace Verbose: 0 : 27960, 4, 2024/03/10, 15:16:02.719, 3467464752485, vstest.console.dll, MulticastDelegateUtilities.SafeInvoke: InternalTestLoggerEvents.SendTestResult: Invoking callback 1/1 for Microsoft.VisualStudio.TestPlatform.CommandLine.Internal.ConsoleLogger., took 0 ms.
TpTrace Verbose: 0 : 27960, 4, 2024/03/10, 15:16:02.719, 3467464752979, vstest.console.dll, MulticastDelegateUtilities.SafeInvoke: InternalTestLoggerEvents.SendTestResult: Invoking callback 1/1 for Microsoft.VisualStudio.TestPlatform.CommandLine.Internal.ConsoleLogger., took 0 ms.
TpTrace Verbose: 0 : 27960, 4, 2024/03/10, 15:16:02.719, 3467464753350, vstest.console.dll, MulticastDelegateUtilities.SafeInvoke: InternalTestLoggerEvents.SendTestResult: Invoking callback 1/1 for Microsoft.VisualStudio.TestPlatform.CommandLine.Internal.ConsoleLogger., took 0 ms.
TpTrace Verbose: 0 : 27960, 4, 2024/03/10, 15:16:02.719, 3467464753686, vstest.console.dll, MulticastDelegateUtilities.SafeInvoke: InternalTestLoggerEvents.SendTestResult: Invoking callback 1/1 for Microsoft.VisualStudio.TestPlatform.CommandLine.Internal.ConsoleLogger., took 0 ms.
TpTrace Verbose: 0 : 27960, 4, 2024/03/10, 15:16:02.719, 3467464754156, vstest.console.dll, MulticastDelegateUtilities.SafeInvoke: InternalTestLoggerEvents.SendTestResult: Invoking callback 1/1 for Microsoft.VisualStudio.TestPlatform.CommandLine.Internal.ConsoleLogger., took 0 ms.
TpTrace Verbose: 0 : 27960, 4, 2024/03/10, 15:16:02.719, 3467464754522, vstest.console.dll, MulticastDelegateUtilities.SafeInvoke: InternalTestLoggerEvents.SendTestResult: Invoking callback 1/1 for Microsoft.VisualStudio.TestPlatform.CommandLine.Internal.ConsoleLogger., took 0 ms.
TpTrace Verbose: 0 : 27960, 4, 2024/03/10, 15:16:02.719, 3467464754858, vstest.console.dll, MulticastDelegateUtilities.SafeInvoke: InternalTestLoggerEvents.SendTestResult: Invoking callback 1/1 for Microsoft.VisualStudio.TestPlatform.CommandLine.Internal.ConsoleLogger., took 0 ms.
TpTrace Verbose: 0 : 27960, 4, 2024/03/10, 15:16:02.719, 3467464755187, vstest.console.dll, MulticastDelegateUtilities.SafeInvoke: InternalTestLoggerEvents.SendTestResult: Invoking callback 1/1 for Microsoft.VisualStudio.TestPlatform.CommandLine.Internal.ConsoleLogger., took 0 ms.
TpTrace Verbose: 0 : 27960, 7, 2024/03/10, 15:16:02.732, 3467464879951, vstest.console.dll, TcpClientExtensions.MessageLoopAsync: NotifyDataAvailable remoteEndPoint: 127.0.0.1:61963 localEndPoint: 127.0.0.1:61962
TpTrace Verbose: 0 : 27960, 7, 2024/03/10, 15:16:02.732, 3467464881896, vstest.console.dll, TestRequestSender.OnExecutionMessageReceived: Received message: {"Version":5,"MessageType":"TestExecution.StatsChange","Payload":{"NewTestResults":[{"TestCase":{"Id":"06e75008-5927-196a-5546-fa6692268b6b","FullyQualifiedName":"Cozy_Haven_Testing.DestinationTesting.DeleteDestination","DisplayName":"DeleteDestination","ExecutorUri":"executor://NUnit3TestExecutor","Source":"C:\\Users\\Lavanth\\Desktop\\Training\\Integration\\CozyHavenProject-main\\Cozy_Haven_Testing\\bin\\Debug\\net6.0\\fine-code-coverage\\build-output\\Cozy_Haven_Testing.dll","CodeFilePath":null,"LineNumber":0,"Properties":[{"Key":{"Id":"NUnit.Seed","Label":"Seed","Category":"","Description":"","Attributes":0,"ValueType":"System.String"},"Value":"1776885320"}]},"Attachments":[],"Outcome":2,"ErrorMessage":"Cozy_Haven.Exceptions.NoDestinationFoundException : No Hotel Found.","ErrorStackTrace":"   at Cozy_Haven.Services.DestinationService.DeleteDestination(Int32 id) in C:\\Users\\Lavanth\\Desktop\\Training\\Integration\\CozyHavenProject-main\\Cozy_Haven\\Services\\DestinationService.cs:line 40\r\n   at Cozy_Haven_Testing.DestinationTesting.DeleteDestination() in C:\\Users\\Lavanth\\Desktop\\Training\\Integration\\CozyHavenProject-main\\Cozy_Haven_Testing\\DestinationTesting.cs:line 51\r\n   at NUnit.Framework.Internal.TaskAwaitAdapter.GenericAdapter`1.GetResult()\r\n   at NUnit.Framework.Internal.AsyncToSyncAdapter.Await(Func`1 invoke)\r\n   at NUnit.Framework.Internal.Commands.TestMethodCommand.RunTestMethod(TestExecutionContext context)\r\n   at NUnit.Framework.Internal.Commands.TestMethodCommand.Execute(TestExecutionContext context)\r\n   at NUnit.Framework.Internal.Commands.BeforeAndAfterTestCommand.<>c__DisplayClass1_0.<Execute>b__0()\r\n   at NUnit.Framework.Internal.Commands.DelegatingTestCommand.RunTestMethodInThreadAbortSafeZone(TestExecutionContext context, Action action)","DisplayName":"DeleteDestination","Messages":[],"ComputerName":"LAPTOP-KF6FN17R","Duration":"00:00:00.0109630","StartTime":"2024-03-10T09:46:02.702163+00:00","EndTime":"2024-03-10T09:46:02.7131257+00:00","Properties":[{"Key":{"Id":"NUnit.Seed","Label":"Seed","Category":"","Description":"","Attributes":0,"ValueType":"System.String"},"Value":"1776885320"}]},{"TestCase":{"Id":"25e01a24-b913-28a9-730d-def5d481d6a8","FullyQualifiedName":"Cozy_Haven_Testing.DestinationTesting.GetAllDestinations","DisplayName":"GetAllDestinations","ExecutorUri":"executor://NUnit3TestExecutor","Source":"C:\\Users\\Lavanth\\Desktop\\Training\\Integration\\CozyHavenProject-main\\Cozy_Haven_Testing\\bin\\Debug\\net6.0\\fine-code-coverage\\build-output\\Cozy_Haven_Testing.dll","CodeFilePath":null,"LineNumber":0,"Properties":[{"Key":{"Id":"NUnit.Seed","Label":"Seed","Category":"","Description":"","Attributes":0,"ValueType":"System.String"},"Value":"1121850541"}]},"Attachments":[],"Outcome":1,"ErrorMessage":null,"ErrorStackTrace":null,"DisplayName":"GetAllDestinations","Messages":[],"ComputerName":"LAPTOP-KF6FN17R","Duration":"00:00:00.0015880","StartTime":"2024-03-10T09:46:02.7131459+00:00","EndTime":"2024-03-10T09:46:02.7147334+00:00","Properties":[{"Key":{"Id":"NUnit.Seed","Label":"Seed","Category":"","Description":"","Attributes":0,"ValueType":"System.String"},"Value":"1121850541"}]},{"TestCase":{"Id":"79d832c9-545f-9031-fa02-974bb49ef779","FullyQualifiedName":"Cozy_Haven_Testing.DestinationTesting.GetDestination","DisplayName":"GetDestination","ExecutorUri":"executor://NUnit3TestExecutor","Source":"C:\\Users\\Lavanth\\Desktop\\Training\\Integration\\CozyHavenProject-main\\Cozy_Haven_Testing\\bin\\Debug\\net6.0\\fine-code-coverage\\build-output\\Cozy_Haven_Testing.dll","CodeFilePath":null,"LineNumber":0,"Properties":[{"Key":{"Id":"NUnit.Seed","Label":"Seed","Category":"","Description":"","Attributes":0,"ValueType":"System.String"},"Value":"247385811"}]},"Attachments":[],"Outcome":1,"ErrorMessage":null,"ErrorStackTrace":null,"DisplayName":"GetDestination","Messages":[],"ComputerName":"LAPTOP-KF6FN17R","Duration":"00:00:00.0009190","StartTime":"2024-03-10T09:46:02.7147454+00:00","EndTime":"2024-03-10T09:46:02.7156639+00:00","Properties":[{"Key":{"Id":"NUnit.Seed","Label":"Seed","Category":"","Description":"","Attributes":0,"ValueType":"System.String"},"Value":"247385811"}]},{"TestCase":{"Id":"0bc6f878-be20-6ef4-eded-0ad7ced9932d","FullyQualifiedName":"Cozy_Haven_Testing.DestinationTesting.UpdateDestination","DisplayName":"UpdateDestination","ExecutorUri":"executor://NUnit3TestExecutor","Source":"C:\\Users\\Lavanth\\Desktop\\Training\\Integration\\CozyHavenProject-main\\Cozy_Haven_Testing\\bin\\Debug\\net6.0\\fine-code-coverage\\build-output\\Cozy_Haven_Testing.dll","CodeFilePath":null,"LineNumber":0,"Properties":[{"Key":{"Id":"NUnit.Seed","Label":"Seed","Category":"","Description":"","Attributes":0,"ValueType":"System.String"},"Value":"1985888185"}]},"Attachments":[],"Outcome":2,"ErrorMessage":"Cozy_Haven.Exceptions.NoDestinationFoundException : No Hotel Found.","ErrorStackTrace":"   at Cozy_Haven.Services.DestinationService.UpdateDestination(Destination destination) in C:\\Users\\Lavanth\\Desktop\\Training\\Integration\\CozyHavenProject-main\\Cozy_Haven\\Services\\DestinationService.cs:line 69\r\n   at Cozy_Haven_Testing.DestinationTesting.UpdateDestination() in C:\\Users\\Lavanth\\Desktop\\Training\\Integration\\CozyHavenProject-main\\Cozy_Haven_Testing\\DestinationTesting.cs:line 96\r\n   at NUnit.Framework.Internal.TaskAwaitAdapter.GenericAdapter`1.GetResult()\r\n   at NUnit.Framework.Internal.AsyncToSyncAdapter.Await(Func`1 invoke)\r\n   at NUnit.Framework.Internal.Commands.TestMethodCommand.RunTestMethod(TestExecutionContext context)\r\n   at NUnit.Framework.Internal.Commands.TestMethodCommand.Execute(TestExecutionContext context)\r\n   at NUnit.Framework.Internal.Commands.BeforeAndAfterTestCommand.<>c__DisplayClass1_0.<Execute>b__0()\r\n   at NUnit.Framework.Internal.Commands.DelegatingTestCommand.RunTestMethodInThreadAbortSafeZone(TestExecutionContext context, Action action)","DisplayName":"UpdateDestination","Messages":[],"ComputerName":"LAPTOP-KF6FN17R","Duration":"00:00:00.0017600","StartTime":"2024-03-10T09:46:02.7156742+00:00","EndTime":"2024-03-10T09:46:02.7174336+00:00","Properties":[{"Key":{"Id":"NUnit.Seed","Label":"Seed","Category":"","Description":"","Attributes":0,"ValueType":"System.String"},"Value":"1985888185"}]},{"TestCase":{"Id":"939c9998-d2d4-dfdb-ac95-e67f9d5207a2","FullyQualifiedName":"Cozy_Haven_Testing.Hotel_Testing.AddHotelSuccessTest","DisplayName":"AddHotelSuccessTest","ExecutorUri":"executor://NUnit3TestExecutor","Source":"C:\\Users\\Lavanth\\Desktop\\Training\\Integration\\CozyHavenProject-main\\Cozy_Haven_Testing\\bin\\Debug\\net6.0\\fine-code-coverage\\build-output\\Cozy_Haven_Testing.dll","CodeFilePath":null,"LineNumber":0,"Properties":[{"Key":{"Id":"NUnit.Seed","Label":"Seed","Category":"","Description":"","Attributes":0,"ValueType":"System.String"},"Value":"2108217239"}]},"Attachments":[],"Outcome":1,"ErrorMessage":null,"ErrorStackTrace":null,"DisplayName":"AddHotelSuccessTest","Messages":[],"ComputerName":"LAPTOP-KF6FN17R","Duration":"00:00:00.0043060","StartTime":"2024-03-10T09:46:02.7175471+00:00","EndTime":"2024-03-10T09:46:02.7218527+00:00","Properties":[{"Key":{"Id":"NUnit.Seed","Label":"Seed","Category":"","Description":"","Attributes":0,"ValueType":"System.String"},"Value":"2108217239"}]},{"TestCase":{"Id":"ec35a0e4-47c1-7134-98fe-84ad0a9a92f3","FullyQualifiedName":"Cozy_Haven_Testing.Hotel_Testing.DeleteHotelSuccessTest","DisplayName":"DeleteHotelSuccessTest","ExecutorUri":"executor://NUnit3TestExecutor","Source":"C:\\Users\\Lavanth\\Desktop\\Training\\Integration\\CozyHavenProject-main\\Cozy_Haven_Testing\\bin\\Debug\\net6.0\\fine-code-coverage\\build-output\\Cozy_Haven_Testing.dll","CodeFilePath":null,"LineNumber":0,"Properties":[{"Key":{"Id":"NUnit.Seed","Label":"Seed","Category":"","Description":"","Attributes":0,"ValueType":"System.String"},"Value":"1375198629"}]},"Attachments":[],"Outcome":1,"ErrorMessage":null,"ErrorStackTrace":null,"DisplayName":"DeleteHotelSuccessTest","Messages":[],"ComputerName":"LAPTOP-KF6FN17R","Duration":"00:00:00.0032540","StartTime":"2024-03-10T09:46:02.7218656+00:00","EndTime":"2024-03-10T09:46:02.7251198+00:00","Properties":[{"Key":{"Id":"NUnit.Seed","Label":"Seed","Category":"","Description":"","Attributes":0,"ValueType":"System.String"},"Value":"1375198629"}]},{"TestCase":{"Id":"f713164d-667f-a52b-e5dd-8ec30a939f57","FullyQualifiedName":"Cozy_Haven_Testing.Hotel_Testing.GetAllHotelsSuccessTest","DisplayName":"GetAllHotelsSuccessTest","ExecutorUri":"executor://NUnit3TestExecutor","Source":"C:\\Users\\Lavanth\\Desktop\\Training\\Integration\\CozyHavenProject-main\\Cozy_Haven_Testing\\bin\\Debug\\net6.0\\fine-code-coverage\\build-output\\Cozy_Haven_Testing.dll","CodeFilePath":null,"LineNumber":0,"Properties":[{"Key":{"Id":"NUnit.Seed","Label":"Seed","Category":"","Description":"","Attributes":0,"ValueType":"System.String"},"Value":"585435179"}]},"Attachments":[],"Outcome":1,"ErrorMessage":null,"ErrorStackTrace":null,"DisplayName":"GetAllHotelsSuccessTest","Messages":[],"ComputerName":"LAPTOP-KF6FN17R","Duration":"00:00:00.0012489","StartTime":"2024-03-10T09:46:02.725132+00:00","EndTime":"2024-03-10T09:46:02.7263804+00:00","Properties":[{"Key":{"Id":"NUnit.Seed","Label":"Seed","Category":"","Description":"","Attributes":0,"ValueType":"System.String"},"Value":"585435179"}]},{"TestCase":{"Id":"6f10dee5-e081-f406-f729-b8a766121c75","FullyQualifiedName":"Cozy_Haven_Testing.Hotel_Testing.GetAvailableRoomsCount_ReturnsAvailableRoomsCountForHotel","DisplayName":"GetAvailableRoomsCount_ReturnsAvailableRoomsCountForHotel","ExecutorUri":"executor://NUnit3TestExecutor","Source":"C:\\Users\\Lavanth\\Desktop\\Training\\Integration\\CozyHavenProject-main\\Cozy_Haven_Testing\\bin\\Debug\\net6.0\\fine-code-coverage\\build-output\\Cozy_Haven_Testing.dll","CodeFilePath":null,"LineNumber":0,"Properties":[{"Key":{"Id":"NUnit.Seed","Label":"Seed","Category":"","Description":"","Attributes":0,"ValueType":"System.String"},"Value":"1341813020"}]},"Attachments":[],"Outcome":1,"ErrorMessage":null,"ErrorStackTrace":null,"DisplayName":"GetAvailableRoomsCount_ReturnsAvailableRoomsCountForHotel","Messages":[],"ComputerName":"LAPTOP-KF6FN17R","Duration":"00:00:00.0017470","StartTime":"2024-03-10T09:46:02.7263909+00:00","EndTime":"2024-03-10T09:46:02.7281379+00:00","Properties":[{"Key":{"Id":"NUnit.Seed","Label":"Seed","Category":"","Description":"","Attributes":0,"ValueType":"System.String"},"Value":"1341813020"}]},{"TestCase":{"Id":"041724d6-0804-3cbe-bdac-378ff8863ab0","FullyQualifiedName":"Cozy_Haven_Testing.Hotel_Testing.GetHotelAmenities_WhenHotelExists_ReturnsAmenities","DisplayName":"GetHotelAmenities_WhenHotelExists_ReturnsAmenities","ExecutorUri":"executor://NUnit3TestExecutor","Source":"C:\\Users\\Lavanth\\Desktop\\Training\\Integration\\CozyHavenProject-main\\Cozy_Haven_Testing\\bin\\Debug\\net6.0\\fine-code-coverage\\build-output\\Cozy_Haven_Testing.dll","CodeFilePath":null,"LineNumber":0,"Properties":[{"Key":{"Id":"NUnit.Seed","Label":"Seed","Category":"","Description":"","Attributes":0,"ValueType":"System.String"},"Value":"361630508"}]},"Attachments":[],"Outcome":1,"ErrorMessage":null,"ErrorStackTrace":null,"DisplayName":"GetHotelAmenities_WhenHotelExists_ReturnsAmenities","Messages":[],"ComputerName":"LAPTOP-KF6FN17R","Duration":"00:00:00.0014809","StartTime":"2024-03-10T09:46:02.7281491+00:00","EndTime":"2024-03-10T09:46:02.7296304+00:00","Properties":[{"Key":{"Id":"NUnit.Seed","Label":"Seed","Category":"","Description":"","Attributes":0,"ValueType":"System.String"},"Value":"361630508"}]}],"TestRunStatistics":{"ExecutedTests":27,"Stats":{"Passed":24,"Failed":3}},"ActiveTests":[{"Id":"e29587a5-0ad5-f807-0218-c7c7d569bf30","FullyQualifiedName":"Cozy_Haven_Testing.Hotel_Testing.GetHotelBookings_ReturnsHotelBookings","DisplayName":"GetHotelBookings_ReturnsHotelBookings","ExecutorUri":"executor://NUnit3TestExecutor","Source":"C:\\Users\\Lavanth\\Desktop\\Training\\Integration\\CozyHavenProject-main\\Cozy_Haven_Testing\\bin\\Debug\\net6.0\\fine-code-coverage\\build-output\\Cozy_Haven_Testing.dll","CodeFilePath":null,"LineNumber":0,"Properties":[{"Key":{"Id":"NUnit.Seed","Label":"Seed","Category":"","Description":"","Attributes":0,"ValueType":"System.String"},"Value":"191502137"}]}]}}
TpTrace Verbose: 0 : 27960, 7, 2024/03/10, 15:16:02.733, 3467464891183, vstest.console.dll, TestRunRequest:SendTestRunStatsChange: Starting.
TpTrace Verbose: 0 : 27960, 7, 2024/03/10, 15:16:02.733, 3467464891606, vstest.console.dll, InProgress is GetHotelBookings_ReturnsHotelBookings
TpTrace Verbose: 0 : 27960, 7, 2024/03/10, 15:16:02.733, 3467464892283, vstest.console.dll, MulticastDelegateUtilities.SafeInvoke: TestRun.RunStatsChanged: Invoking callbacks was skipped because there are no subscribers.
TpTrace Information: 0 : 27960, 7, 2024/03/10, 15:16:02.733, 3467464892515, vstest.console.dll, TestRunRequest:SendTestRunStatsChange: Completed.
TpTrace Verbose: 0 : 27960, 7, 2024/03/10, 15:16:02.733, 3467464892736, vstest.console.dll, MulticastDelegateUtilities.SafeInvoke: LengthPrefixCommunicationChannel: MessageReceived: Invoking callback 1/1 for Microsoft.VisualStudio.TestPlatform.CommunicationUtilities.TestRequestSender+<>c__DisplayClass34_0., took 1 ms.
TpTrace Verbose: 0 : 27960, 7, 2024/03/10, 15:16:02.733, 3467464892958, vstest.console.dll, TcpClientExtensions.MessageLoopAsync: Polling on remoteEndPoint: 127.0.0.1:61963 localEndPoint: 127.0.0.1:61962
TpTrace Verbose: 0 : 27960, 4, 2024/03/10, 15:16:02.733, 3467464894694, vstest.console.dll, MulticastDelegateUtilities.SafeInvoke: InternalTestLoggerEvents.SendTestResult: Invoking callback 1/1 for Microsoft.VisualStudio.TestPlatform.CommandLine.Internal.ConsoleLogger., took 0 ms.
TpTrace Verbose: 0 : 27960, 4, 2024/03/10, 15:16:02.733, 3467464896034, vstest.console.dll, MulticastDelegateUtilities.SafeInvoke: InternalTestLoggerEvents.SendTestResult: Invoking callback 1/1 for Microsoft.VisualStudio.TestPlatform.CommandLine.Internal.ConsoleLogger., took 0 ms.
TpTrace Verbose: 0 : 27960, 4, 2024/03/10, 15:16:02.733, 3467464896530, vstest.console.dll, MulticastDelegateUtilities.SafeInvoke: InternalTestLoggerEvents.SendTestResult: Invoking callback 1/1 for Microsoft.VisualStudio.TestPlatform.CommandLine.Internal.ConsoleLogger., took 0 ms.
TpTrace Verbose: 0 : 27960, 4, 2024/03/10, 15:16:02.734, 3467464898896, vstest.console.dll, MulticastDelegateUtilities.SafeInvoke: InternalTestLoggerEvents.SendTestResult: Invoking callback 1/1 for Microsoft.VisualStudio.TestPlatform.CommandLine.Internal.ConsoleLogger., took 0 ms.
TpTrace Verbose: 0 : 27960, 4, 2024/03/10, 15:16:02.734, 3467464899796, vstest.console.dll, MulticastDelegateUtilities.SafeInvoke: InternalTestLoggerEvents.SendTestResult: Invoking callback 1/1 for Microsoft.VisualStudio.TestPlatform.CommandLine.Internal.ConsoleLogger., took 0 ms.
TpTrace Verbose: 0 : 27960, 4, 2024/03/10, 15:16:02.734, 3467464900209, vstest.console.dll, MulticastDelegateUtilities.SafeInvoke: InternalTestLoggerEvents.SendTestResult: Invoking callback 1/1 for Microsoft.VisualStudio.TestPlatform.CommandLine.Internal.ConsoleLogger., took 0 ms.
TpTrace Verbose: 0 : 27960, 4, 2024/03/10, 15:16:02.734, 3467464905848, vstest.console.dll, MulticastDelegateUtilities.SafeInvoke: InternalTestLoggerEvents.SendTestResult: Invoking callback 1/1 for Microsoft.VisualStudio.TestPlatform.CommandLine.Internal.ConsoleLogger., took 0 ms.
TpTrace Verbose: 0 : 27960, 4, 2024/03/10, 15:16:02.735, 3467464906601, vstest.console.dll, MulticastDelegateUtilities.SafeInvoke: InternalTestLoggerEvents.SendTestResult: Invoking callback 1/1 for Microsoft.VisualStudio.TestPlatform.CommandLine.Internal.ConsoleLogger., took 0 ms.
TpTrace Verbose: 0 : 27960, 4, 2024/03/10, 15:16:02.735, 3467464907093, vstest.console.dll, MulticastDelegateUtilities.SafeInvoke: InternalTestLoggerEvents.SendTestResult: Invoking callback 1/1 for Microsoft.VisualStudio.TestPlatform.CommandLine.Internal.ConsoleLogger., took 0 ms.
TpTrace Verbose: 0 : 27960, 7, 2024/03/10, 15:16:02.753, 3467465092501, vstest.console.dll, TcpClientExtensions.MessageLoopAsync: NotifyDataAvailable remoteEndPoint: 127.0.0.1:61963 localEndPoint: 127.0.0.1:61962
TpTrace Verbose: 0 : 27960, 7, 2024/03/10, 15:16:02.753, 3467465094803, vstest.console.dll, TestRequestSender.OnExecutionMessageReceived: Received message: {"Version":5,"MessageType":"TestExecution.StatsChange","Payload":{"NewTestResults":[{"TestCase":{"Id":"e29587a5-0ad5-f807-0218-c7c7d569bf30","FullyQualifiedName":"Cozy_Haven_Testing.Hotel_Testing.GetHotelBookings_ReturnsHotelBookings","DisplayName":"GetHotelBookings_ReturnsHotelBookings","ExecutorUri":"executor://NUnit3TestExecutor","Source":"C:\\Users\\Lavanth\\Desktop\\Training\\Integration\\CozyHavenProject-main\\Cozy_Haven_Testing\\bin\\Debug\\net6.0\\fine-code-coverage\\build-output\\Cozy_Haven_Testing.dll","CodeFilePath":null,"LineNumber":0,"Properties":[{"Key":{"Id":"NUnit.Seed","Label":"Seed","Category":"","Description":"","Attributes":0,"ValueType":"System.String"},"Value":"191502137"}]},"Attachments":[],"Outcome":1,"ErrorMessage":null,"ErrorStackTrace":null,"DisplayName":"GetHotelBookings_ReturnsHotelBookings","Messages":[],"ComputerName":"LAPTOP-KF6FN17R","Duration":"00:00:00.0015950","StartTime":"2024-03-10T09:46:02.7296415+00:00","EndTime":"2024-03-10T09:46:02.7312359+00:00","Properties":[{"Key":{"Id":"NUnit.Seed","Label":"Seed","Category":"","Description":"","Attributes":0,"ValueType":"System.String"},"Value":"191502137"}]},{"TestCase":{"Id":"64a439f8-b24e-af77-e9bb-fa3f3b42ad5b","FullyQualifiedName":"Cozy_Haven_Testing.Hotel_Testing.GetHotelReviews_WhenHotelExists_ReturnsReviews","DisplayName":"GetHotelReviews_WhenHotelExists_ReturnsReviews","ExecutorUri":"executor://NUnit3TestExecutor","Source":"C:\\Users\\Lavanth\\Desktop\\Training\\Integration\\CozyHavenProject-main\\Cozy_Haven_Testing\\bin\\Debug\\net6.0\\fine-code-coverage\\build-output\\Cozy_Haven_Testing.dll","CodeFilePath":null,"LineNumber":0,"Properties":[{"Key":{"Id":"NUnit.Seed","Label":"Seed","Category":"","Description":"","Attributes":0,"ValueType":"System.String"},"Value":"2097970267"}]},"Attachments":[],"Outcome":2,"ErrorMessage":"System.NullReferenceException : Object reference not set to an instance of an object.","ErrorStackTrace":"   at Cozy_Haven.Services.HotelService.GetHotelReviews(Int32 hotelId) in C:\\Users\\Lavanth\\Desktop\\Training\\Integration\\CozyHavenProject-main\\Cozy_Haven\\Services\\HotelService.cs:line 129\r\n   at Cozy_Haven_Testing.Hotel_Testing.GetHotelReviews_WhenHotelExists_ReturnsReviews() in C:\\Users\\Lavanth\\Desktop\\Training\\Integration\\CozyHavenProject-main\\Cozy_Haven_Testing\\Hotel_Testing.cs:line 117\r\n   at NUnit.Framework.Internal.TaskAwaitAdapter.GenericAdapter`1.GetResult()\r\n   at NUnit.Framework.Internal.AsyncToSyncAdapter.Await(Func`1 invoke)\r\n   at NUnit.Framework.Internal.Commands.TestMethodCommand.RunTestMethod(TestExecutionContext context)\r\n   at NUnit.Framework.Internal.Commands.TestMethodCommand.Execute(TestExecutionContext context)\r\n   at NUnit.Framework.Internal.Commands.BeforeAndAfterTestCommand.<>c__DisplayClass1_0.<Execute>b__0()\r\n   at NUnit.Framework.Internal.Commands.DelegatingTestCommand.RunTestMethodInThreadAbortSafeZone(TestExecutionContext context, Action action)","DisplayName":"GetHotelReviews_WhenHotelExists_ReturnsReviews","Messages":[],"ComputerName":"LAPTOP-KF6FN17R","Duration":"00:00:00.0030760","StartTime":"2024-03-10T09:46:02.7312464+00:00","EndTime":"2024-03-10T09:46:02.7343222+00:00","Properties":[{"Key":{"Id":"NUnit.Seed","Label":"Seed","Category":"","Description":"","Attributes":0,"ValueType":"System.String"},"Value":"2097970267"}]},{"TestCase":{"Id":"9bb8f5d3-4030-dbbc-e5b9-f4ca7a1da3e7","FullyQualifiedName":"Cozy_Haven_Testing.Hotel_Testing.GetHotelReviewsWhenHotelDoesNotExistThrowsException","DisplayName":"GetHotelReviewsWhenHotelDoesNotExistThrowsException","ExecutorUri":"executor://NUnit3TestExecutor","Source":"C:\\Users\\Lavanth\\Desktop\\Training\\Integration\\CozyHavenProject-main\\Cozy_Haven_Testing\\bin\\Debug\\net6.0\\fine-code-coverage\\build-output\\Cozy_Haven_Testing.dll","CodeFilePath":null,"LineNumber":0,"Properties":[{"Key":{"Id":"NUnit.Seed","Label":"Seed","Category":"","Description":"","Attributes":0,"ValueType":"System.String"},"Value":"592828672"}]},"Attachments":[],"Outcome":1,"ErrorMessage":null,"ErrorStackTrace":null,"DisplayName":"GetHotelReviewsWhenHotelDoesNotExistThrowsException","Messages":[],"ComputerName":"LAPTOP-KF6FN17R","Duration":"00:00:00.0017400","StartTime":"2024-03-10T09:46:02.7343425+00:00","EndTime":"2024-03-10T09:46:02.7360827+00:00","Properties":[{"Key":{"Id":"NUnit.Seed","Label":"Seed","Category":"","Description":"","Attributes":0,"ValueType":"System.String"},"Value":"592828672"}]},{"TestCase":{"Id":"8980962e-bc93-4b34-bf08-efd1fc82693e","FullyQualifiedName":"Cozy_Haven_Testing.Hotel_Testing.GetHotelsByOwnerId_ReturnsHotelsForOwner","DisplayName":"GetHotelsByOwnerId_ReturnsHotelsForOwner","ExecutorUri":"executor://NUnit3TestExecutor","Source":"C:\\Users\\Lavanth\\Desktop\\Training\\Integration\\CozyHavenProject-main\\Cozy_Haven_Testing\\bin\\Debug\\net6.0\\fine-code-coverage\\build-output\\Cozy_Haven_Testing.dll","CodeFilePath":null,"LineNumber":0,"Properties":[{"Key":{"Id":"NUnit.Seed","Label":"Seed","Category":"","Description":"","Attributes":0,"ValueType":"System.String"},"Value":"569463590"}]},"Attachments":[],"Outcome":1,"ErrorMessage":null,"ErrorStackTrace":null,"DisplayName":"GetHotelsByOwnerId_ReturnsHotelsForOwner","Messages":[],"ComputerName":"LAPTOP-KF6FN17R","Duration":"00:00:00.0013190","StartTime":"2024-03-10T09:46:02.7360969+00:00","EndTime":"2024-03-10T09:46:02.7374162+00:00","Properties":[{"Key":{"Id":"NUnit.Seed","Label":"Seed","Category":"","Description":"","Attributes":0,"ValueType":"System.String"},"Value":"569463590"}]},{"TestCase":{"Id":"2e867737-1ae1-11f3-b3f3-2fc8afb163e8","FullyQualifiedName":"Cozy_Haven_Testing.Hotel_Testing.GetHotelSuccessTest","DisplayName":"GetHotelSuccessTest","ExecutorUri":"executor://NUnit3TestExecutor","Source":"C:\\Users\\Lavanth\\Desktop\\Training\\Integration\\CozyHavenProject-main\\Cozy_Haven_Testing\\bin\\Debug\\net6.0\\fine-code-coverage\\build-output\\Cozy_Haven_Testing.dll","CodeFilePath":null,"LineNumber":0,"Properties":[{"Key":{"Id":"NUnit.Seed","Label":"Seed","Category":"","Description":"","Attributes":0,"ValueType":"System.String"},"Value":"1606621546"}]},"Attachments":[],"Outcome":1,"ErrorMessage":null,"ErrorStackTrace":null,"DisplayName":"GetHotelSuccessTest","Messages":[],"ComputerName":"LAPTOP-KF6FN17R","Duration":"00:00:00.0009230","StartTime":"2024-03-10T09:46:02.737429+00:00","EndTime":"2024-03-10T09:46:02.7383518+00:00","Properties":[{"Key":{"Id":"NUnit.Seed","Label":"Seed","Category":"","Description":"","Attributes":0,"ValueType":"System.String"},"Value":"1606621546"}]},{"TestCase":{"Id":"9ea4913d-2856-7168-b8b9-89066790ad5e","FullyQualifiedName":"Cozy_Haven_Testing.Hotel_Testing.GetRecommendedHotels_ReturnsRecommendedHotels","DisplayName":"GetRecommendedHotels_ReturnsRecommendedHotels","ExecutorUri":"executor://NUnit3TestExecutor","Source":"C:\\Users\\Lavanth\\Desktop\\Training\\Integration\\CozyHavenProject-main\\Cozy_Haven_Testing\\bin\\Debug\\net6.0\\fine-code-coverage\\build-output\\Cozy_Haven_Testing.dll","CodeFilePath":null,"LineNumber":0,"Properties":[{"Key":{"Id":"NUnit.Seed","Label":"Seed","Category":"","Description":"","Attributes":0,"ValueType":"System.String"},"Value":"1141648515"}]},"Attachments":[],"Outcome":1,"ErrorMessage":null,"ErrorStackTrace":null,"DisplayName":"GetRecommendedHotels_ReturnsRecommendedHotels","Messages":[],"ComputerName":"LAPTOP-KF6FN17R","Duration":"00:00:00.0039179","StartTime":"2024-03-10T09:46:02.7383628+00:00","EndTime":"2024-03-10T09:46:02.7422804+00:00","Properties":[{"Key":{"Id":"NUnit.Seed","Label":"Seed","Category":"","Description":"","Attributes":0,"ValueType":"System.String"},"Value":"1141648515"}]},{"TestCase":{"Id":"f8a37a29-1378-e8a7-e880-bf96a7ed69f1","FullyQualifiedName":"Cozy_Haven_Testing.Hotel_Testing.GetRoomsByHotelId_ReturnsRoomsForHotel","DisplayName":"GetRoomsByHotelId_ReturnsRoomsForHotel","ExecutorUri":"executor://NUnit3TestExecutor","Source":"C:\\Users\\Lavanth\\Desktop\\Training\\Integration\\CozyHavenProject-main\\Cozy_Haven_Testing\\bin\\Debug\\net6.0\\fine-code-coverage\\build-output\\Cozy_Haven_Testing.dll","CodeFilePath":null,"LineNumber":0,"Properties":[{"Key":{"Id":"NUnit.Seed","Label":"Seed","Category":"","Description":"","Attributes":0,"ValueType":"System.String"},"Value":"10759800"}]},"Attachments":[],"Outcome":1,"ErrorMessage":null,"ErrorStackTrace":null,"DisplayName":"GetRoomsByHotelId_ReturnsRoomsForHotel","Messages":[],"ComputerName":"LAPTOP-KF6FN17R","Duration":"00:00:00.0015250","StartTime":"2024-03-10T09:46:02.7422931+00:00","EndTime":"2024-03-10T09:46:02.7438185+00:00","Properties":[{"Key":{"Id":"NUnit.Seed","Label":"Seed","Category":"","Description":"","Attributes":0,"ValueType":"System.String"},"Value":"10759800"}]},{"TestCase":{"Id":"e1c2d3df-e784-d04c-9142-193af8b933bf","FullyQualifiedName":"Cozy_Haven_Testing.Hotel_Testing.UpdateHotelDescriptionSuccessTest","DisplayName":"UpdateHotelDescriptionSuccessTest","ExecutorUri":"executor://NUnit3TestExecutor","Source":"C:\\Users\\Lavanth\\Desktop\\Training\\Integration\\CozyHavenProject-main\\Cozy_Haven_Testing\\bin\\Debug\\net6.0\\fine-code-coverage\\build-output\\Cozy_Haven_Testing.dll","CodeFilePath":null,"LineNumber":0,"Properties":[{"Key":{"Id":"NUnit.Seed","Label":"Seed","Category":"","Description":"","Attributes":0,"ValueType":"System.String"},"Value":"1110124298"}]},"Attachments":[],"Outcome":1,"ErrorMessage":null,"ErrorStackTrace":null,"DisplayName":"UpdateHotelDescriptionSuccessTest","Messages":[],"ComputerName":"LAPTOP-KF6FN17R","Duration":"00:00:00.0018200","StartTime":"2024-03-10T09:46:02.7438288+00:00","EndTime":"2024-03-10T09:46:02.7456481+00:00","Properties":[{"Key":{"Id":"NUnit.Seed","Label":"Seed","Category":"","Description":"","Attributes":0,"ValueType":"System.String"},"Value":"1110124298"}]},{"TestCase":{"Id":"f0c1e318-ac77-19dd-e662-5b4992afed66","FullyQualifiedName":"Cozy_Haven_Testing.Hotel_Testing.UpdateHotelDetails_UpdatesHotelDetails","DisplayName":"UpdateHotelDetails_UpdatesHotelDetails","ExecutorUri":"executor://NUnit3TestExecutor","Source":"C:\\Users\\Lavanth\\Desktop\\Training\\Integration\\CozyHavenProject-main\\Cozy_Haven_Testing\\bin\\Debug\\net6.0\\fine-code-coverage\\build-output\\Cozy_Haven_Testing.dll","CodeFilePath":null,"LineNumber":0,"Properties":[{"Key":{"Id":"NUnit.Seed","Label":"Seed","Category":"","Description":"","Attributes":0,"ValueType":"System.String"},"Value":"1148350746"}]},"Attachments":[],"Outcome":1,"ErrorMessage":null,"ErrorStackTrace":null,"DisplayName":"UpdateHotelDetails_UpdatesHotelDetails","Messages":[],"ComputerName":"LAPTOP-KF6FN17R","Duration":"00:00:00.0059470","StartTime":"2024-03-10T09:46:02.7456653+00:00","EndTime":"2024-03-10T09:46:02.7516121+00:00","Properties":[{"Key":{"Id":"NUnit.Seed","Label":"Seed","Category":"","Description":"","Attributes":0,"ValueType":"System.String"},"Value":"1148350746"}]}],"TestRunStatistics":{"ExecutedTests":36,"Stats":{"Passed":32,"Failed":4}},"ActiveTests":[{"Id":"2a8b3305-744a-ea4c-2a56-034f425d8110","FullyQualifiedName":"Cozy_Haven_Testing.Payment_Testing.AddPayment","DisplayName":"AddPayment","ExecutorUri":"executor://NUnit3TestExecutor","Source":"C:\\Users\\Lavanth\\Desktop\\Training\\Integration\\CozyHavenProject-main\\Cozy_Haven_Testing\\bin\\Debug\\net6.0\\fine-code-coverage\\build-output\\Cozy_Haven_Testing.dll","CodeFilePath":null,"LineNumber":0,"Properties":[{"Key":{"Id":"NUnit.Seed","Label":"Seed","Category":"","Description":"","Attributes":0,"ValueType":"System.String"},"Value":"155047440"}]}]}}
TpTrace Verbose: 0 : 27960, 7, 2024/03/10, 15:16:02.755, 3467465107155, vstest.console.dll, TestRunRequest:SendTestRunStatsChange: Starting.
TpTrace Verbose: 0 : 27960, 7, 2024/03/10, 15:16:02.755, 3467465107604, vstest.console.dll, InProgress is AddPayment
TpTrace Verbose: 0 : 27960, 7, 2024/03/10, 15:16:02.755, 3467465108066, vstest.console.dll, MulticastDelegateUtilities.SafeInvoke: TestRun.RunStatsChanged: Invoking callbacks was skipped because there are no subscribers.
TpTrace Information: 0 : 27960, 7, 2024/03/10, 15:16:02.755, 3467465108284, vstest.console.dll, TestRunRequest:SendTestRunStatsChange: Completed.
TpTrace Verbose: 0 : 27960, 7, 2024/03/10, 15:16:02.755, 3467465108497, vstest.console.dll, MulticastDelegateUtilities.SafeInvoke: LengthPrefixCommunicationChannel: MessageReceived: Invoking callback 1/1 for Microsoft.VisualStudio.TestPlatform.CommunicationUtilities.TestRequestSender+<>c__DisplayClass34_0., took 1 ms.
TpTrace Verbose: 0 : 27960, 4, 2024/03/10, 15:16:02.755, 3467465108635, vstest.console.dll, MulticastDelegateUtilities.SafeInvoke: InternalTestLoggerEvents.SendTestResult: Invoking callback 1/1 for Microsoft.VisualStudio.TestPlatform.CommandLine.Internal.ConsoleLogger., took 0 ms.
TpTrace Verbose: 0 : 27960, 7, 2024/03/10, 15:16:02.755, 3467465109049, vstest.console.dll, TcpClientExtensions.MessageLoopAsync: Polling on remoteEndPoint: 127.0.0.1:61963 localEndPoint: 127.0.0.1:61962
TpTrace Verbose: 0 : 27960, 4, 2024/03/10, 15:16:02.755, 3467465110936, vstest.console.dll, MulticastDelegateUtilities.SafeInvoke: InternalTestLoggerEvents.SendTestResult: Invoking callback 1/1 for Microsoft.VisualStudio.TestPlatform.CommandLine.Internal.ConsoleLogger., took 0 ms.
TpTrace Verbose: 0 : 27960, 4, 2024/03/10, 15:16:02.755, 3467465111376, vstest.console.dll, MulticastDelegateUtilities.SafeInvoke: InternalTestLoggerEvents.SendTestResult: Invoking callback 1/1 for Microsoft.VisualStudio.TestPlatform.CommandLine.Internal.ConsoleLogger., took 0 ms.
TpTrace Verbose: 0 : 27960, 4, 2024/03/10, 15:16:02.755, 3467465111770, vstest.console.dll, MulticastDelegateUtilities.SafeInvoke: InternalTestLoggerEvents.SendTestResult: Invoking callback 1/1 for Microsoft.VisualStudio.TestPlatform.CommandLine.Internal.ConsoleLogger., took 0 ms.
TpTrace Verbose: 0 : 27960, 4, 2024/03/10, 15:16:02.755, 3467465112188, vstest.console.dll, MulticastDelegateUtilities.SafeInvoke: InternalTestLoggerEvents.SendTestResult: Invoking callback 1/1 for Microsoft.VisualStudio.TestPlatform.CommandLine.Internal.ConsoleLogger., took 0 ms.
TpTrace Verbose: 0 : 27960, 4, 2024/03/10, 15:16:02.755, 3467465112469, vstest.console.dll, MulticastDelegateUtilities.SafeInvoke: InternalTestLoggerEvents.SendTestResult: Invoking callback 1/1 for Microsoft.VisualStudio.TestPlatform.CommandLine.Internal.ConsoleLogger., took 0 ms.
TpTrace Verbose: 0 : 27960, 4, 2024/03/10, 15:16:02.755, 3467465112738, vstest.console.dll, MulticastDelegateUtilities.SafeInvoke: InternalTestLoggerEvents.SendTestResult: Invoking callback 1/1 for Microsoft.VisualStudio.TestPlatform.CommandLine.Internal.ConsoleLogger., took 0 ms.
TpTrace Verbose: 0 : 27960, 4, 2024/03/10, 15:16:02.755, 3467465113023, vstest.console.dll, MulticastDelegateUtilities.SafeInvoke: InternalTestLoggerEvents.SendTestResult: Invoking callback 1/1 for Microsoft.VisualStudio.TestPlatform.CommandLine.Internal.ConsoleLogger., took 0 ms.
TpTrace Verbose: 0 : 27960, 4, 2024/03/10, 15:16:02.755, 3467465113296, vstest.console.dll, MulticastDelegateUtilities.SafeInvoke: InternalTestLoggerEvents.SendTestResult: Invoking callback 1/1 for Microsoft.VisualStudio.TestPlatform.CommandLine.Internal.ConsoleLogger., took 0 ms.
TpTrace Verbose: 0 : 27960, 7, 2024/03/10, 15:16:02.765, 3467465212683, vstest.console.dll, TcpClientExtensions.MessageLoopAsync: NotifyDataAvailable remoteEndPoint: 127.0.0.1:61963 localEndPoint: 127.0.0.1:61962
TpTrace Verbose: 0 : 27960, 7, 2024/03/10, 15:16:02.765, 3467465215380, vstest.console.dll, TestRequestSender.OnExecutionMessageReceived: Received message: {"Version":5,"MessageType":"TestSession.Message","Payload":{"MessageLevel":1,"Message":"Refunding 100 to user with ID 1\r\n"}}
TpTrace Verbose: 0 : 27960, 7, 2024/03/10, 15:16:02.766, 3467465217528, vstest.console.dll, TestRunRequest:SendTestRunMessage: Starting.
TpTrace Verbose: 0 : 27960, 7, 2024/03/10, 15:16:02.766, 3467465218707, vstest.console.dll, MulticastDelegateUtilities.SafeInvoke: TestRun.LogMessages: Invoking callback 1/1 for Microsoft.VisualStudio.TestPlatform.CommandLine.TestRunResultAggregator., took 0 ms.
TpTrace Information: 0 : 27960, 7, 2024/03/10, 15:16:02.766, 3467465219501, vstest.console.dll, TestRunRequest:SendTestRunMessage: Completed.
TpTrace Verbose: 0 : 27960, 7, 2024/03/10, 15:16:02.766, 3467465219889, vstest.console.dll, MulticastDelegateUtilities.SafeInvoke: LengthPrefixCommunicationChannel: MessageReceived: Invoking callback 1/1 for Microsoft.VisualStudio.TestPlatform.CommunicationUtilities.TestRequestSender+<>c__DisplayClass34_0., took 0 ms.
TpTrace Verbose: 0 : 27960, 7, 2024/03/10, 15:16:02.766, 3467465220404, vstest.console.dll, TcpClientExtensions.MessageLoopAsync: Polling on remoteEndPoint: 127.0.0.1:61963 localEndPoint: 127.0.0.1:61962
TpTrace Verbose: 0 : 27960, 4, 2024/03/10, 15:16:02.766, 3467465220413, vstest.console.dll, MulticastDelegateUtilities.SafeInvoke: InternalTestLoggerEvents.SendTestRunMessage: Invoking callback 1/1 for Microsoft.VisualStudio.TestPlatform.CommandLine.Internal.ConsoleLogger., took 0 ms.
TpTrace Verbose: 0 : 27960, 7, 2024/03/10, 15:16:02.774, 3467465304279, vstest.console.dll, TcpClientExtensions.MessageLoopAsync: NotifyDataAvailable remoteEndPoint: 127.0.0.1:61963 localEndPoint: 127.0.0.1:61962
TpTrace Verbose: 0 : 27960, 7, 2024/03/10, 15:16:02.775, 3467465306972, vstest.console.dll, TestRequestSender.OnExecutionMessageReceived: Received message: {"Version":5,"MessageType":"TestExecution.StatsChange","Payload":{"NewTestResults":[{"TestCase":{"Id":"2a8b3305-744a-ea4c-2a56-034f425d8110","FullyQualifiedName":"Cozy_Haven_Testing.Payment_Testing.AddPayment","DisplayName":"AddPayment","ExecutorUri":"executor://NUnit3TestExecutor","Source":"C:\\Users\\Lavanth\\Desktop\\Training\\Integration\\CozyHavenProject-main\\Cozy_Haven_Testing\\bin\\Debug\\net6.0\\fine-code-coverage\\build-output\\Cozy_Haven_Testing.dll","CodeFilePath":null,"LineNumber":0,"Properties":[{"Key":{"Id":"NUnit.Seed","Label":"Seed","Category":"","Description":"","Attributes":0,"ValueType":"System.String"},"Value":"155047440"}]},"Attachments":[],"Outcome":1,"ErrorMessage":null,"ErrorStackTrace":null,"DisplayName":"AddPayment","Messages":[],"ComputerName":"LAPTOP-KF6FN17R","Duration":"00:00:00.0039910","StartTime":"2024-03-10T09:46:02.7517148+00:00","EndTime":"2024-03-10T09:46:02.7557058+00:00","Properties":[{"Key":{"Id":"NUnit.Seed","Label":"Seed","Category":"","Description":"","Attributes":0,"ValueType":"System.String"},"Value":"155047440"}]},{"TestCase":{"Id":"32e53b60-5ea0-058b-4cf5-0bccae8d7fff","FullyQualifiedName":"Cozy_Haven_Testing.Payment_Testing.DeletePayment","DisplayName":"DeletePayment","ExecutorUri":"executor://NUnit3TestExecutor","Source":"C:\\Users\\Lavanth\\Desktop\\Training\\Integration\\CozyHavenProject-main\\Cozy_Haven_Testing\\bin\\Debug\\net6.0\\fine-code-coverage\\build-output\\Cozy_Haven_Testing.dll","CodeFilePath":null,"LineNumber":0,"Properties":[{"Key":{"Id":"NUnit.Seed","Label":"Seed","Category":"","Description":"","Attributes":0,"ValueType":"System.String"},"Value":"664168352"}]},"Attachments":[],"Outcome":1,"ErrorMessage":null,"ErrorStackTrace":null,"DisplayName":"DeletePayment","Messages":[],"ComputerName":"LAPTOP-KF6FN17R","Duration":"00:00:00.0017270","StartTime":"2024-03-10T09:46:02.7557406+00:00","EndTime":"2024-03-10T09:46:02.7574678+00:00","Properties":[{"Key":{"Id":"NUnit.Seed","Label":"Seed","Category":"","Description":"","Attributes":0,"ValueType":"System.String"},"Value":"664168352"}]},{"TestCase":{"Id":"56cd7868-bb6f-9b42-0da3-4db2967db980","FullyQualifiedName":"Cozy_Haven_Testing.Payment_Testing.GetAllPayments","DisplayName":"GetAllPayments","ExecutorUri":"executor://NUnit3TestExecutor","Source":"C:\\Users\\Lavanth\\Desktop\\Training\\Integration\\CozyHavenProject-main\\Cozy_Haven_Testing\\bin\\Debug\\net6.0\\fine-code-coverage\\build-output\\Cozy_Haven_Testing.dll","CodeFilePath":null,"LineNumber":0,"Properties":[{"Key":{"Id":"NUnit.Seed","Label":"Seed","Category":"","Description":"","Attributes":0,"ValueType":"System.String"},"Value":"533529575"}]},"Attachments":[],"Outcome":1,"ErrorMessage":null,"ErrorStackTrace":null,"DisplayName":"GetAllPayments","Messages":[],"ComputerName":"LAPTOP-KF6FN17R","Duration":"00:00:00.0009520","StartTime":"2024-03-10T09:46:02.7574788+00:00","EndTime":"2024-03-10T09:46:02.7584305+00:00","Properties":[{"Key":{"Id":"NUnit.Seed","Label":"Seed","Category":"","Description":"","Attributes":0,"ValueType":"System.String"},"Value":"533529575"}]},{"TestCase":{"Id":"459a5b6f-462d-f917-a805-195b2ed8dbc9","FullyQualifiedName":"Cozy_Haven_Testing.Payment_Testing.GetPayment","DisplayName":"GetPayment","ExecutorUri":"executor://NUnit3TestExecutor","Source":"C:\\Users\\Lavanth\\Desktop\\Training\\Integration\\CozyHavenProject-main\\Cozy_Haven_Testing\\bin\\Debug\\net6.0\\fine-code-coverage\\build-output\\Cozy_Haven_Testing.dll","CodeFilePath":null,"LineNumber":0,"Properties":[{"Key":{"Id":"NUnit.Seed","Label":"Seed","Category":"","Description":"","Attributes":0,"ValueType":"System.String"},"Value":"1656852612"}]},"Attachments":[],"Outcome":1,"ErrorMessage":null,"ErrorStackTrace":null,"DisplayName":"GetPayment","Messages":[],"ComputerName":"LAPTOP-KF6FN17R","Duration":"00:00:00.0009100","StartTime":"2024-03-10T09:46:02.7584413+00:00","EndTime":"2024-03-10T09:46:02.7593509+00:00","Properties":[{"Key":{"Id":"NUnit.Seed","Label":"Seed","Category":"","Description":"","Attributes":0,"ValueType":"System.String"},"Value":"1656852612"}]},{"TestCase":{"Id":"e4ba2c9c-c0a0-a4b9-3e52-a9e11db67a7a","FullyQualifiedName":"Cozy_Haven_Testing.Payment_Testing.Refund_ShouldReturnTrue","DisplayName":"Refund_ShouldReturnTrue","ExecutorUri":"executor://NUnit3TestExecutor","Source":"C:\\Users\\Lavanth\\Desktop\\Training\\Integration\\CozyHavenProject-main\\Cozy_Haven_Testing\\bin\\Debug\\net6.0\\fine-code-coverage\\build-output\\Cozy_Haven_Testing.dll","CodeFilePath":null,"LineNumber":0,"Properties":[{"Key":{"Id":"NUnit.Seed","Label":"Seed","Category":"","Description":"","Attributes":0,"ValueType":"System.String"},"Value":"408574344"}]},"Attachments":[],"Outcome":1,"ErrorMessage":null,"ErrorStackTrace":null,"DisplayName":"Refund_ShouldReturnTrue","Messages":[{"Category":"StdOutMsgs","Text":"Refunding 100 to user with ID 1\r\n"}],"ComputerName":"LAPTOP-KF6FN17R","Duration":"00:00:00.0007480","StartTime":"2024-03-10T09:46:02.7593612+00:00","EndTime":"2024-03-10T09:46:02.7601086+00:00","Properties":[{"Key":{"Id":"NUnit.Seed","Label":"Seed","Category":"","Description":"","Attributes":0,"ValueType":"System.String"},"Value":"408574344"}]},{"TestCase":{"Id":"94543e0d-1acf-aab1-f2d1-325fa636ec88","FullyQualifiedName":"Cozy_Haven_Testing.Payment_Testing.UpdatePaymentMethod_ShouldReturnUpdatedPayment","DisplayName":"UpdatePaymentMethod_ShouldReturnUpdatedPayment","ExecutorUri":"executor://NUnit3TestExecutor","Source":"C:\\Users\\Lavanth\\Desktop\\Training\\Integration\\CozyHavenProject-main\\Cozy_Haven_Testing\\bin\\Debug\\net6.0\\fine-code-coverage\\build-output\\Cozy_Haven_Testing.dll","CodeFilePath":null,"LineNumber":0,"Properties":[{"Key":{"Id":"NUnit.Seed","Label":"Seed","Category":"","Description":"","Attributes":0,"ValueType":"System.String"},"Value":"1309074363"}]},"Attachments":[],"Outcome":1,"ErrorMessage":null,"ErrorStackTrace":null,"DisplayName":"UpdatePaymentMethod_ShouldReturnUpdatedPayment","Messages":[],"ComputerName":"LAPTOP-KF6FN17R","Duration":"00:00:00.0014290","StartTime":"2024-03-10T09:46:02.7601189+00:00","EndTime":"2024-03-10T09:46:02.7615474+00:00","Properties":[{"Key":{"Id":"NUnit.Seed","Label":"Seed","Category":"","Description":"","Attributes":0,"ValueType":"System.String"},"Value":"1309074363"}]},{"TestCase":{"Id":"72b00707-2606-d688-6a07-722a0a9ec2ff","FullyQualifiedName":"Cozy_Haven_Testing.ReviewServiceTesting.AddReviewSuccessTest","DisplayName":"AddReviewSuccessTest","ExecutorUri":"executor://NUnit3TestExecutor","Source":"C:\\Users\\Lavanth\\Desktop\\Training\\Integration\\CozyHavenProject-main\\Cozy_Haven_Testing\\bin\\Debug\\net6.0\\fine-code-coverage\\build-output\\Cozy_Haven_Testing.dll","CodeFilePath":null,"LineNumber":0,"Properties":[{"Key":{"Id":"NUnit.Seed","Label":"Seed","Category":"","Description":"","Attributes":0,"ValueType":"System.String"},"Value":"1819045505"}]},"Attachments":[],"Outcome":1,"ErrorMessage":null,"ErrorStackTrace":null,"DisplayName":"AddReviewSuccessTest","Messages":[],"ComputerName":"LAPTOP-KF6FN17R","Duration":"00:00:00.0030100","StartTime":"2024-03-10T09:46:02.7616445+00:00","EndTime":"2024-03-10T09:46:02.764654+00:00","Properties":[{"Key":{"Id":"NUnit.Seed","Label":"Seed","Category":"","Description":"","Attributes":0,"ValueType":"System.String"},"Value":"1819045505"}]},{"TestCase":{"Id":"d3654304-7aa2-af2b-28c4-343eaa32cbcf","FullyQualifiedName":"Cozy_Haven_Testing.ReviewServiceTesting.DeleteReviewSuccessTest","DisplayName":"DeleteReviewSuccessTest","ExecutorUri":"executor://NUnit3TestExecutor","Source":"C:\\Users\\Lavanth\\Desktop\\Training\\Integration\\CozyHavenProject-main\\Cozy_Haven_Testing\\bin\\Debug\\net6.0\\fine-code-coverage\\build-output\\Cozy_Haven_Testing.dll","CodeFilePath":null,"LineNumber":0,"Properties":[{"Key":{"Id":"NUnit.Seed","Label":"Seed","Category":"","Description":"","Attributes":0,"ValueType":"System.String"},"Value":"573955618"}]},"Attachments":[],"Outcome":1,"ErrorMessage":null,"ErrorStackTrace":null,"DisplayName":"DeleteReviewSuccessTest","Messages":[],"ComputerName":"LAPTOP-KF6FN17R","Duration":"00:00:00.0024300","StartTime":"2024-03-10T09:46:02.7646652+00:00","EndTime":"2024-03-10T09:46:02.7670953+00:00","Properties":[{"Key":{"Id":"NUnit.Seed","Label":"Seed","Category":"","Description":"","Attributes":0,"ValueType":"System.String"},"Value":"573955618"}]},{"TestCase":{"Id":"b15a2a39-0be2-e4cc-28c5-d573df45a2d0","FullyQualifiedName":"Cozy_Haven_Testing.ReviewServiceTesting.GetAllReviewsSuccessTest","DisplayName":"GetAllReviewsSuccessTest","ExecutorUri":"executor://NUnit3TestExecutor","Source":"C:\\Users\\Lavanth\\Desktop\\Training\\Integration\\CozyHavenProject-main\\Cozy_Haven_Testing\\bin\\Debug\\net6.0\\fine-code-coverage\\build-output\\Cozy_Haven_Testing.dll","CodeFilePath":null,"LineNumber":0,"Properties":[{"Key":{"Id":"NUnit.Seed","Label":"Seed","Category":"","Description":"","Attributes":0,"ValueType":"System.String"},"Value":"650199451"}]},"Attachments":[],"Outcome":1,"ErrorMessage":null,"ErrorStackTrace":null,"DisplayName":"GetAllReviewsSuccessTest","Messages":[],"ComputerName":"LAPTOP-KF6FN17R","Duration":"00:00:00.0011300","StartTime":"2024-03-10T09:46:02.7671131+00:00","EndTime":"2024-03-10T09:46:02.7682429+00:00","Properties":[{"Key":{"Id":"NUnit.Seed","Label":"Seed","Category":"","Description":"","Attributes":0,"ValueType":"System.String"},"Value":"650199451"}]}],"TestRunStatistics":{"ExecutedTests":45,"Stats":{"Passed":41,"Failed":4}},"ActiveTests":[{"Id":"12670b1e-8abb-dd5e-859b-d1413e37173c","FullyQualifiedName":"Cozy_Haven_Testing.ReviewServiceTesting.GetReviewSuccessTest","DisplayName":"GetReviewSuccessTest","ExecutorUri":"executor://NUnit3TestExecutor","Source":"C:\\Users\\Lavanth\\Desktop\\Training\\Integration\\CozyHavenProject-main\\Cozy_Haven_Testing\\bin\\Debug\\net6.0\\fine-code-coverage\\build-output\\Cozy_Haven_Testing.dll","CodeFilePath":null,"LineNumber":0,"Properties":[{"Key":{"Id":"NUnit.Seed","Label":"Seed","Category":"","Description":"","Attributes":0,"ValueType":"System.String"},"Value":"1378498529"}]}]}}
TpTrace Verbose: 0 : 27960, 7, 2024/03/10, 15:16:02.776, 3467465322591, vstest.console.dll, TestRunRequest:SendTestRunStatsChange: Starting.
TpTrace Verbose: 0 : 27960, 7, 2024/03/10, 15:16:02.776, 3467465323231, vstest.console.dll, InProgress is GetReviewSuccessTest
TpTrace Verbose: 0 : 27960, 4, 2024/03/10, 15:16:02.776, 3467465325081, vstest.console.dll, MulticastDelegateUtilities.SafeInvoke: InternalTestLoggerEvents.SendTestResult: Invoking callback 1/1 for Microsoft.VisualStudio.TestPlatform.CommandLine.Internal.ConsoleLogger., took 0 ms.
TpTrace Verbose: 0 : 27960, 7, 2024/03/10, 15:16:02.776, 3467465325349, vstest.console.dll, MulticastDelegateUtilities.SafeInvoke: TestRun.RunStatsChanged: Invoking callbacks was skipped because there are no subscribers.
TpTrace Verbose: 0 : 27960, 4, 2024/03/10, 15:16:02.776, 3467465325843, vstest.console.dll, MulticastDelegateUtilities.SafeInvoke: InternalTestLoggerEvents.SendTestResult: Invoking callback 1/1 for Microsoft.VisualStudio.TestPlatform.CommandLine.Internal.ConsoleLogger., took 0 ms.
TpTrace Information: 0 : 27960, 7, 2024/03/10, 15:16:02.776, 3467465326174, vstest.console.dll, TestRunRequest:SendTestRunStatsChange: Completed.
TpTrace Verbose: 0 : 27960, 4, 2024/03/10, 15:16:02.777, 3467465326886, vstest.console.dll, MulticastDelegateUtilities.SafeInvoke: InternalTestLoggerEvents.SendTestResult: Invoking callback 1/1 for Microsoft.VisualStudio.TestPlatform.CommandLine.Internal.ConsoleLogger., took 0 ms.
TpTrace Verbose: 0 : 27960, 7, 2024/03/10, 15:16:02.777, 3467465327017, vstest.console.dll, MulticastDelegateUtilities.SafeInvoke: LengthPrefixCommunicationChannel: MessageReceived: Invoking callback 1/1 for Microsoft.VisualStudio.TestPlatform.CommunicationUtilities.TestRequestSender+<>c__DisplayClass34_0., took 2 ms.
TpTrace Verbose: 0 : 27960, 7, 2024/03/10, 15:16:02.777, 3467465327388, vstest.console.dll, TcpClientExtensions.MessageLoopAsync: Polling on remoteEndPoint: 127.0.0.1:61963 localEndPoint: 127.0.0.1:61962
TpTrace Verbose: 0 : 27960, 4, 2024/03/10, 15:16:02.777, 3467465328203, vstest.console.dll, MulticastDelegateUtilities.SafeInvoke: InternalTestLoggerEvents.SendTestResult: Invoking callback 1/1 for Microsoft.VisualStudio.TestPlatform.CommandLine.Internal.ConsoleLogger., took 0 ms.
TpTrace Verbose: 0 : 27960, 4, 2024/03/10, 15:16:02.777, 3467465328681, vstest.console.dll, MulticastDelegateUtilities.SafeInvoke: InternalTestLoggerEvents.SendTestResult: Invoking callback 1/1 for Microsoft.VisualStudio.TestPlatform.CommandLine.Internal.ConsoleLogger., took 0 ms.
TpTrace Verbose: 0 : 27960, 4, 2024/03/10, 15:16:02.777, 3467465328982, vstest.console.dll, MulticastDelegateUtilities.SafeInvoke: InternalTestLoggerEvents.SendTestResult: Invoking callback 1/1 for Microsoft.VisualStudio.TestPlatform.CommandLine.Internal.ConsoleLogger., took 0 ms.
TpTrace Verbose: 0 : 27960, 4, 2024/03/10, 15:16:02.777, 3467465329282, vstest.console.dll, MulticastDelegateUtilities.SafeInvoke: InternalTestLoggerEvents.SendTestResult: Invoking callback 1/1 for Microsoft.VisualStudio.TestPlatform.CommandLine.Internal.ConsoleLogger., took 0 ms.
TpTrace Verbose: 0 : 27960, 4, 2024/03/10, 15:16:02.777, 3467465329555, vstest.console.dll, MulticastDelegateUtilities.SafeInvoke: InternalTestLoggerEvents.SendTestResult: Invoking callback 1/1 for Microsoft.VisualStudio.TestPlatform.CommandLine.Internal.ConsoleLogger., took 0 ms.
TpTrace Verbose: 0 : 27960, 4, 2024/03/10, 15:16:02.777, 3467465329823, vstest.console.dll, MulticastDelegateUtilities.SafeInvoke: InternalTestLoggerEvents.SendTestResult: Invoking callback 1/1 for Microsoft.VisualStudio.TestPlatform.CommandLine.Internal.ConsoleLogger., took 0 ms.
TpTrace Verbose: 0 : 27960, 7, 2024/03/10, 15:16:02.788, 3467465439633, vstest.console.dll, TcpClientExtensions.MessageLoopAsync: NotifyDataAvailable remoteEndPoint: 127.0.0.1:61963 localEndPoint: 127.0.0.1:61962
TpTrace Verbose: 0 : 27960, 7, 2024/03/10, 15:16:02.788, 3467465441525, vstest.console.dll, TestRequestSender.OnExecutionMessageReceived: Received message: {"Version":5,"MessageType":"TestExecution.StatsChange","Payload":{"NewTestResults":[{"TestCase":{"Id":"12670b1e-8abb-dd5e-859b-d1413e37173c","FullyQualifiedName":"Cozy_Haven_Testing.ReviewServiceTesting.GetReviewSuccessTest","DisplayName":"GetReviewSuccessTest","ExecutorUri":"executor://NUnit3TestExecutor","Source":"C:\\Users\\Lavanth\\Desktop\\Training\\Integration\\CozyHavenProject-main\\Cozy_Haven_Testing\\bin\\Debug\\net6.0\\fine-code-coverage\\build-output\\Cozy_Haven_Testing.dll","CodeFilePath":null,"LineNumber":0,"Properties":[{"Key":{"Id":"NUnit.Seed","Label":"Seed","Category":"","Description":"","Attributes":0,"ValueType":"System.String"},"Value":"1378498529"}]},"Attachments":[],"Outcome":1,"ErrorMessage":null,"ErrorStackTrace":null,"DisplayName":"GetReviewSuccessTest","Messages":[],"ComputerName":"LAPTOP-KF6FN17R","Duration":"00:00:00.0009910","StartTime":"2024-03-10T09:46:02.7682554+00:00","EndTime":"2024-03-10T09:46:02.7692458+00:00","Properties":[{"Key":{"Id":"NUnit.Seed","Label":"Seed","Category":"","Description":"","Attributes":0,"ValueType":"System.String"},"Value":"1378498529"}]},{"TestCase":{"Id":"c7e48a2b-d3fa-06e5-7b92-7f3961028c6d","FullyQualifiedName":"Cozy_Haven_Testing.ReviewServiceTesting.UpdateReviewRatingSuccessTest","DisplayName":"UpdateReviewRatingSuccessTest","ExecutorUri":"executor://NUnit3TestExecutor","Source":"C:\\Users\\Lavanth\\Desktop\\Training\\Integration\\CozyHavenProject-main\\Cozy_Haven_Testing\\bin\\Debug\\net6.0\\fine-code-coverage\\build-output\\Cozy_Haven_Testing.dll","CodeFilePath":null,"LineNumber":0,"Properties":[{"Key":{"Id":"NUnit.Seed","Label":"Seed","Category":"","Description":"","Attributes":0,"ValueType":"System.String"},"Value":"1325755262"}]},"Attachments":[],"Outcome":1,"ErrorMessage":null,"ErrorStackTrace":null,"DisplayName":"UpdateReviewRatingSuccessTest","Messages":[],"ComputerName":"LAPTOP-KF6FN17R","Duration":"00:00:00.0020750","StartTime":"2024-03-10T09:46:02.7692574+00:00","EndTime":"2024-03-10T09:46:02.7713318+00:00","Properties":[{"Key":{"Id":"NUnit.Seed","Label":"Seed","Category":"","Description":"","Attributes":0,"ValueType":"System.String"},"Value":"1325755262"}]},{"TestCase":{"Id":"7d9b4ab0-18a6-fd7c-20b3-02bec1ba62ef","FullyQualifiedName":"Cozy_Haven_Testing.Room_Testing.AddRoomSuccessTest","DisplayName":"AddRoomSuccessTest","ExecutorUri":"executor://NUnit3TestExecutor","Source":"C:\\Users\\Lavanth\\Desktop\\Training\\Integration\\CozyHavenProject-main\\Cozy_Haven_Testing\\bin\\Debug\\net6.0\\fine-code-coverage\\build-output\\Cozy_Haven_Testing.dll","CodeFilePath":null,"LineNumber":0,"Properties":[{"Key":{"Id":"NUnit.Seed","Label":"Seed","Category":"","Description":"","Attributes":0,"ValueType":"System.String"},"Value":"1792171470"}]},"Attachments":[],"Outcome":1,"ErrorMessage":null,"ErrorStackTrace":null,"DisplayName":"AddRoomSuccessTest","Messages":[],"ComputerName":"LAPTOP-KF6FN17R","Duration":"00:00:00.0031319","StartTime":"2024-03-10T09:46:02.7714515+00:00","EndTime":"2024-03-10T09:46:02.7745836+00:00","Properties":[{"Key":{"Id":"NUnit.Seed","Label":"Seed","Category":"","Description":"","Attributes":0,"ValueType":"System.String"},"Value":"1792171470"}]},{"TestCase":{"Id":"e1802db2-f2a1-ebae-3dc3-a7a10dedb8d6","FullyQualifiedName":"Cozy_Haven_Testing.Room_Testing.DeleteRoomSuccessTest","DisplayName":"DeleteRoomSuccessTest","ExecutorUri":"executor://NUnit3TestExecutor","Source":"C:\\Users\\Lavanth\\Desktop\\Training\\Integration\\CozyHavenProject-main\\Cozy_Haven_Testing\\bin\\Debug\\net6.0\\fine-code-coverage\\build-output\\Cozy_Haven_Testing.dll","CodeFilePath":null,"LineNumber":0,"Properties":[{"Key":{"Id":"NUnit.Seed","Label":"Seed","Category":"","Description":"","Attributes":0,"ValueType":"System.String"},"Value":"1014831679"}]},"Attachments":[],"Outcome":1,"ErrorMessage":null,"ErrorStackTrace":null,"DisplayName":"DeleteRoomSuccessTest","Messages":[],"ComputerName":"LAPTOP-KF6FN17R","Duration":"00:00:00.0022930","StartTime":"2024-03-10T09:46:02.774603+00:00","EndTime":"2024-03-10T09:46:02.7768964+00:00","Properties":[{"Key":{"Id":"NUnit.Seed","Label":"Seed","Category":"","Description":"","Attributes":0,"ValueType":"System.String"},"Value":"1014831679"}]},{"TestCase":{"Id":"9a574309-73fb-a08b-17ae-6f0db64da71c","FullyQualifiedName":"Cozy_Haven_Testing.Room_Testing.GetAllRoomsSuccessTest","DisplayName":"GetAllRoomsSuccessTest","ExecutorUri":"executor://NUnit3TestExecutor","Source":"C:\\Users\\Lavanth\\Desktop\\Training\\Integration\\CozyHavenProject-main\\Cozy_Haven_Testing\\bin\\Debug\\net6.0\\fine-code-coverage\\build-output\\Cozy_Haven_Testing.dll","CodeFilePath":null,"LineNumber":0,"Properties":[{"Key":{"Id":"NUnit.Seed","Label":"Seed","Category":"","Description":"","Attributes":0,"ValueType":"System.String"},"Value":"303852004"}]},"Attachments":[],"Outcome":1,"ErrorMessage":null,"ErrorStackTrace":null,"DisplayName":"GetAllRoomsSuccessTest","Messages":[],"ComputerName":"LAPTOP-KF6FN17R","Duration":"00:00:00.0011180","StartTime":"2024-03-10T09:46:02.7769169+00:00","EndTime":"2024-03-10T09:46:02.778035+00:00","Properties":[{"Key":{"Id":"NUnit.Seed","Label":"Seed","Category":"","Description":"","Attributes":0,"ValueType":"System.String"},"Value":"303852004"}]},{"TestCase":{"Id":"19cb7637-cd91-5b4b-4a4a-27d025b60d06","FullyQualifiedName":"Cozy_Haven_Testing.Room_Testing.GetAvailableRoomsCount","DisplayName":"GetAvailableRoomsCount","ExecutorUri":"executor://NUnit3TestExecutor","Source":"C:\\Users\\Lavanth\\Desktop\\Training\\Integration\\CozyHavenProject-main\\Cozy_Haven_Testing\\bin\\Debug\\net6.0\\fine-code-coverage\\build-output\\Cozy_Haven_Testing.dll","CodeFilePath":null,"LineNumber":0,"Properties":[{"Key":{"Id":"NUnit.Seed","Label":"Seed","Category":"","Description":"","Attributes":0,"ValueType":"System.String"},"Value":"557219117"}]},"Attachments":[],"Outcome":1,"ErrorMessage":null,"ErrorStackTrace":null,"DisplayName":"GetAvailableRoomsCount","Messages":[],"ComputerName":"LAPTOP-KF6FN17R","Duration":"00:00:00.0011110","StartTime":"2024-03-10T09:46:02.7780472+00:00","EndTime":"2024-03-10T09:46:02.7791576+00:00","Properties":[{"Key":{"Id":"NUnit.Seed","Label":"Seed","Category":"","Description":"","Attributes":0,"ValueType":"System.String"},"Value":"557219117"}]},{"TestCase":{"Id":"a9bae17c-c2f4-c0e8-4a36-ae70b19975aa","FullyQualifiedName":"Cozy_Haven_Testing.Room_Testing.GetDonutChartData_RoomsExist_ReturnsChartData","DisplayName":"GetDonutChartData_RoomsExist_ReturnsChartData","ExecutorUri":"executor://NUnit3TestExecutor","Source":"C:\\Users\\Lavanth\\Desktop\\Training\\Integration\\CozyHavenProject-main\\Cozy_Haven_Testing\\bin\\Debug\\net6.0\\fine-code-coverage\\build-output\\Cozy_Haven_Testing.dll","CodeFilePath":null,"LineNumber":0,"Properties":[{"Key":{"Id":"NUnit.Seed","Label":"Seed","Category":"","Description":"","Attributes":0,"ValueType":"System.String"},"Value":"566662091"}]},"Attachments":[],"Outcome":1,"ErrorMessage":null,"ErrorStackTrace":null,"DisplayName":"GetDonutChartData_RoomsExist_ReturnsChartData","Messages":[],"ComputerName":"LAPTOP-KF6FN17R","Duration":"00:00:00.0015380","StartTime":"2024-03-10T09:46:02.7791686+00:00","EndTime":"2024-03-10T09:46:02.7807068+00:00","Properties":[{"Key":{"Id":"NUnit.Seed","Label":"Seed","Category":"","Description":"","Attributes":0,"ValueType":"System.String"},"Value":"566662091"}]},{"TestCase":{"Id":"9c2c8cb6-e863-ee04-435c-308491f6b64b","FullyQualifiedName":"Cozy_Haven_Testing.Room_Testing.GetRoomAmenities","DisplayName":"GetRoomAmenities","ExecutorUri":"executor://NUnit3TestExecutor","Source":"C:\\Users\\Lavanth\\Desktop\\Training\\Integration\\CozyHavenProject-main\\Cozy_Haven_Testing\\bin\\Debug\\net6.0\\fine-code-coverage\\build-output\\Cozy_Haven_Testing.dll","CodeFilePath":null,"LineNumber":0,"Properties":[{"Key":{"Id":"NUnit.Seed","Label":"Seed","Category":"","Description":"","Attributes":0,"ValueType":"System.String"},"Value":"898357929"}]},"Attachments":[],"Outcome":1,"ErrorMessage":null,"ErrorStackTrace":null,"DisplayName":"GetRoomAmenities","Messages":[],"ComputerName":"LAPTOP-KF6FN17R","Duration":"00:00:00.0015110","StartTime":"2024-03-10T09:46:02.7807172+00:00","EndTime":"2024-03-10T09:46:02.7822277+00:00","Properties":[{"Key":{"Id":"NUnit.Seed","Label":"Seed","Category":"","Description":"","Attributes":0,"ValueType":"System.String"},"Value":"898357929"}]},{"TestCase":{"Id":"57d435eb-3979-21ad-03a1-f5e5e2c74306","FullyQualifiedName":"Cozy_Haven_Testing.Room_Testing.GetRoomBookings","DisplayName":"GetRoomBookings","ExecutorUri":"executor://NUnit3TestExecutor","Source":"C:\\Users\\Lavanth\\Desktop\\Training\\Integration\\CozyHavenProject-main\\Cozy_Haven_Testing\\bin\\Debug\\net6.0\\fine-code-coverage\\build-output\\Cozy_Haven_Testing.dll","CodeFilePath":null,"LineNumber":0,"Properties":[{"Key":{"Id":"NUnit.Seed","Label":"Seed","Category":"","Description":"","Attributes":0,"ValueType":"System.String"},"Value":"1641814137"}]},"Attachments":[],"Outcome":1,"ErrorMessage":null,"ErrorStackTrace":null,"DisplayName":"GetRoomBookings","Messages":[],"ComputerName":"LAPTOP-KF6FN17R","Duration":"00:00:00.0012780","StartTime":"2024-03-10T09:46:02.7822401+00:00","EndTime":"2024-03-10T09:46:02.783518+00:00","Properties":[{"Key":{"Id":"NUnit.Seed","Label":"Seed","Category":"","Description":"","Attributes":0,"ValueType":"System.String"},"Value":"1641814137"}]}],"TestRunStatistics":{"ExecutedTests":54,"Stats":{"Passed":50,"Failed":4}},"ActiveTests":[{"Id":"b254676e-a07c-5158-fcf6-eed226aa0db5","FullyQualifiedName":"Cozy_Haven_Testing.Room_Testing.GetRoomNotFoundExceptionTest","DisplayName":"GetRoomNotFoundExceptionTest","ExecutorUri":"executor://NUnit3TestExecutor","Source":"C:\\Users\\Lavanth\\Desktop\\Training\\Integration\\CozyHavenProject-main\\Cozy_Haven_Testing\\bin\\Debug\\net6.0\\fine-code-coverage\\build-output\\Cozy_Haven_Testing.dll","CodeFilePath":null,"LineNumber":0,"Properties":[{"Key":{"Id":"NUnit.Seed","Label":"Seed","Category":"","Description":"","Attributes":0,"ValueType":"System.String"},"Value":"989704864"}]}]}}
TpTrace Verbose: 0 : 27960, 7, 2024/03/10, 15:16:02.789, 3467465450974, vstest.console.dll, TestRunRequest:SendTestRunStatsChange: Starting.
TpTrace Verbose: 0 : 27960, 7, 2024/03/10, 15:16:02.789, 3467465451401, vstest.console.dll, InProgress is GetRoomNotFoundExceptionTest
TpTrace Verbose: 0 : 27960, 7, 2024/03/10, 15:16:02.789, 3467465451787, vstest.console.dll, MulticastDelegateUtilities.SafeInvoke: TestRun.RunStatsChanged: Invoking callbacks was skipped because there are no subscribers.
TpTrace Information: 0 : 27960, 7, 2024/03/10, 15:16:02.789, 3467465451988, vstest.console.dll, TestRunRequest:SendTestRunStatsChange: Completed.
TpTrace Verbose: 0 : 27960, 7, 2024/03/10, 15:16:02.789, 3467465452190, vstest.console.dll, MulticastDelegateUtilities.SafeInvoke: LengthPrefixCommunicationChannel: MessageReceived: Invoking callback 1/1 for Microsoft.VisualStudio.TestPlatform.CommunicationUtilities.TestRequestSender+<>c__DisplayClass34_0., took 1 ms.
TpTrace Verbose: 0 : 27960, 7, 2024/03/10, 15:16:02.789, 3467465452427, vstest.console.dll, TcpClientExtensions.MessageLoopAsync: Polling on remoteEndPoint: 127.0.0.1:61963 localEndPoint: 127.0.0.1:61962
TpTrace Verbose: 0 : 27960, 4, 2024/03/10, 15:16:02.789, 3467465452366, vstest.console.dll, MulticastDelegateUtilities.SafeInvoke: InternalTestLoggerEvents.SendTestResult: Invoking callback 1/1 for Microsoft.VisualStudio.TestPlatform.CommandLine.Internal.ConsoleLogger., took 0 ms.
TpTrace Verbose: 0 : 27960, 4, 2024/03/10, 15:16:02.789, 3467465453967, vstest.console.dll, MulticastDelegateUtilities.SafeInvoke: InternalTestLoggerEvents.SendTestResult: Invoking callback 1/1 for Microsoft.VisualStudio.TestPlatform.CommandLine.Internal.ConsoleLogger., took 0 ms.
TpTrace Verbose: 0 : 27960, 4, 2024/03/10, 15:16:02.789, 3467465454413, vstest.console.dll, MulticastDelegateUtilities.SafeInvoke: InternalTestLoggerEvents.SendTestResult: Invoking callback 1/1 for Microsoft.VisualStudio.TestPlatform.CommandLine.Internal.ConsoleLogger., took 0 ms.
TpTrace Verbose: 0 : 27960, 4, 2024/03/10, 15:16:02.789, 3467465454782, vstest.console.dll, MulticastDelegateUtilities.SafeInvoke: InternalTestLoggerEvents.SendTestResult: Invoking callback 1/1 for Microsoft.VisualStudio.TestPlatform.CommandLine.Internal.ConsoleLogger., took 0 ms.
TpTrace Verbose: 0 : 27960, 4, 2024/03/10, 15:16:02.789, 3467465455121, vstest.console.dll, MulticastDelegateUtilities.SafeInvoke: InternalTestLoggerEvents.SendTestResult: Invoking callback 1/1 for Microsoft.VisualStudio.TestPlatform.CommandLine.Internal.ConsoleLogger., took 0 ms.
TpTrace Verbose: 0 : 27960, 4, 2024/03/10, 15:16:02.789, 3467465455586, vstest.console.dll, MulticastDelegateUtilities.SafeInvoke: InternalTestLoggerEvents.SendTestResult: Invoking callback 1/1 for Microsoft.VisualStudio.TestPlatform.CommandLine.Internal.ConsoleLogger., took 0 ms.
TpTrace Verbose: 0 : 27960, 4, 2024/03/10, 15:16:02.789, 3467465455964, vstest.console.dll, MulticastDelegateUtilities.SafeInvoke: InternalTestLoggerEvents.SendTestResult: Invoking callback 1/1 for Microsoft.VisualStudio.TestPlatform.CommandLine.Internal.ConsoleLogger., took 0 ms.
TpTrace Verbose: 0 : 27960, 4, 2024/03/10, 15:16:02.789, 3467465456339, vstest.console.dll, MulticastDelegateUtilities.SafeInvoke: InternalTestLoggerEvents.SendTestResult: Invoking callback 1/1 for Microsoft.VisualStudio.TestPlatform.CommandLine.Internal.ConsoleLogger., took 0 ms.
TpTrace Verbose: 0 : 27960, 4, 2024/03/10, 15:16:02.790, 3467465456706, vstest.console.dll, MulticastDelegateUtilities.SafeInvoke: InternalTestLoggerEvents.SendTestResult: Invoking callback 1/1 for Microsoft.VisualStudio.TestPlatform.CommandLine.Internal.ConsoleLogger., took 0 ms.
TpTrace Verbose: 0 : 27960, 7, 2024/03/10, 15:16:02.875, 3467466315384, vstest.console.dll, TcpClientExtensions.MessageLoopAsync: NotifyDataAvailable remoteEndPoint: 127.0.0.1:61963 localEndPoint: 127.0.0.1:61962
TpTrace Verbose: 0 : 27960, 7, 2024/03/10, 15:16:02.876, 3467466317638, vstest.console.dll, TestRequestSender.OnExecutionMessageReceived: Received message: {"Version":5,"MessageType":"TestExecution.StatsChange","Payload":{"NewTestResults":[{"TestCase":{"Id":"b254676e-a07c-5158-fcf6-eed226aa0db5","FullyQualifiedName":"Cozy_Haven_Testing.Room_Testing.GetRoomNotFoundExceptionTest","DisplayName":"GetRoomNotFoundExceptionTest","ExecutorUri":"executor://NUnit3TestExecutor","Source":"C:\\Users\\Lavanth\\Desktop\\Training\\Integration\\CozyHavenProject-main\\Cozy_Haven_Testing\\bin\\Debug\\net6.0\\fine-code-coverage\\build-output\\Cozy_Haven_Testing.dll","CodeFilePath":null,"LineNumber":0,"Properties":[{"Key":{"Id":"NUnit.Seed","Label":"Seed","Category":"","Description":"","Attributes":0,"ValueType":"System.String"},"Value":"989704864"}]},"Attachments":[],"Outcome":1,"ErrorMessage":null,"ErrorStackTrace":null,"DisplayName":"GetRoomNotFoundExceptionTest","Messages":[],"ComputerName":"LAPTOP-KF6FN17R","Duration":"00:00:00.0010030","StartTime":"2024-03-10T09:46:02.7835289+00:00","EndTime":"2024-03-10T09:46:02.7845316+00:00","Properties":[{"Key":{"Id":"NUnit.Seed","Label":"Seed","Category":"","Description":"","Attributes":0,"ValueType":"System.String"},"Value":"989704864"}]},{"TestCase":{"Id":"c17b9b9c-8972-b56b-04d6-e9d6118f00f9","FullyQualifiedName":"Cozy_Haven_Testing.Room_Testing.GetRoomSuccessTest","DisplayName":"GetRoomSuccessTest","ExecutorUri":"executor://NUnit3TestExecutor","Source":"C:\\Users\\Lavanth\\Desktop\\Training\\Integration\\CozyHavenProject-main\\Cozy_Haven_Testing\\bin\\Debug\\net6.0\\fine-code-coverage\\build-output\\Cozy_Haven_Testing.dll","CodeFilePath":null,"LineNumber":0,"Properties":[{"Key":{"Id":"NUnit.Seed","Label":"Seed","Category":"","Description":"","Attributes":0,"ValueType":"System.String"},"Value":"1609555806"}]},"Attachments":[],"Outcome":1,"ErrorMessage":null,"ErrorStackTrace":null,"DisplayName":"GetRoomSuccessTest","Messages":[],"ComputerName":"LAPTOP-KF6FN17R","Duration":"00:00:00.0008540","StartTime":"2024-03-10T09:46:02.7845418+00:00","EndTime":"2024-03-10T09:46:02.7853959+00:00","Properties":[{"Key":{"Id":"NUnit.Seed","Label":"Seed","Category":"","Description":"","Attributes":0,"ValueType":"System.String"},"Value":"1609555806"}]},{"TestCase":{"Id":"1b07359f-751b-82af-806f-872fb36c2a98","FullyQualifiedName":"Cozy_Haven_Testing.Room_Testing.UpdateRoomDetails_ExistingRoom_ReturnsUpdatedRoom","DisplayName":"UpdateRoomDetails_ExistingRoom_ReturnsUpdatedRoom","ExecutorUri":"executor://NUnit3TestExecutor","Source":"C:\\Users\\Lavanth\\Desktop\\Training\\Integration\\CozyHavenProject-main\\Cozy_Haven_Testing\\bin\\Debug\\net6.0\\fine-code-coverage\\build-output\\Cozy_Haven_Testing.dll","CodeFilePath":null,"LineNumber":0,"Properties":[{"Key":{"Id":"NUnit.Seed","Label":"Seed","Category":"","Description":"","Attributes":0,"ValueType":"System.String"},"Value":"156878835"}]},"Attachments":[],"Outcome":1,"ErrorMessage":null,"ErrorStackTrace":null,"DisplayName":"UpdateRoomDetails_ExistingRoom_ReturnsUpdatedRoom","Messages":[],"ComputerName":"LAPTOP-KF6FN17R","Duration":"00:00:00.0016190","StartTime":"2024-03-10T09:46:02.785407+00:00","EndTime":"2024-03-10T09:46:02.7870261+00:00","Properties":[{"Key":{"Id":"NUnit.Seed","Label":"Seed","Category":"","Description":"","Attributes":0,"ValueType":"System.String"},"Value":"156878835"}]},{"TestCase":{"Id":"8922b89e-2bf4-9963-f625-f0ade2492e7c","FullyQualifiedName":"Cozy_Haven_Testing.Room_Testing.UpdateRoomPriceSuccessTest","DisplayName":"UpdateRoomPriceSuccessTest","ExecutorUri":"executor://NUnit3TestExecutor","Source":"C:\\Users\\Lavanth\\Desktop\\Training\\Integration\\CozyHavenProject-main\\Cozy_Haven_Testing\\bin\\Debug\\net6.0\\fine-code-coverage\\build-output\\Cozy_Haven_Testing.dll","CodeFilePath":null,"LineNumber":0,"Properties":[{"Key":{"Id":"NUnit.Seed","Label":"Seed","Category":"","Description":"","Attributes":0,"ValueType":"System.String"},"Value":"499731847"}]},"Attachments":[],"Outcome":1,"ErrorMessage":null,"ErrorStackTrace":null,"DisplayName":"UpdateRoomPriceSuccessTest","Messages":[],"ComputerName":"LAPTOP-KF6FN17R","Duration":"00:00:00.0017390","StartTime":"2024-03-10T09:46:02.7870367+00:00","EndTime":"2024-03-10T09:46:02.7887758+00:00","Properties":[{"Key":{"Id":"NUnit.Seed","Label":"Seed","Category":"","Description":"","Attributes":0,"ValueType":"System.String"},"Value":"499731847"}]},{"TestCase":{"Id":"3783a1d0-c9e3-55ed-fffe-ff369eaa710b","FullyQualifiedName":"Cozy_Haven_Testing.Tests.Test1","DisplayName":"Test1","ExecutorUri":"executor://NUnit3TestExecutor","Source":"C:\\Users\\Lavanth\\Desktop\\Training\\Integration\\CozyHavenProject-main\\Cozy_Haven_Testing\\bin\\Debug\\net6.0\\fine-code-coverage\\build-output\\Cozy_Haven_Testing.dll","CodeFilePath":null,"LineNumber":0,"Properties":[{"Key":{"Id":"NUnit.Seed","Label":"Seed","Category":"","Description":"","Attributes":0,"ValueType":"System.String"},"Value":"330702198"}]},"Attachments":[],"Outcome":1,"ErrorMessage":null,"ErrorStackTrace":null,"DisplayName":"Test1","Messages":[],"ComputerName":"LAPTOP-KF6FN17R","Duration":"00:00:00.0007860","StartTime":"2024-03-10T09:46:02.7888768+00:00","EndTime":"2024-03-10T09:46:02.7896628+00:00","Properties":[{"Key":{"Id":"NUnit.Seed","Label":"Seed","Category":"","Description":"","Attributes":0,"ValueType":"System.String"},"Value":"330702198"}]},{"TestCase":{"Id":"20dd2b7d-907d-5a1c-fc6f-173aaf555b19","FullyQualifiedName":"Cozy_Haven_Testing.TokenServiceTest.GenerateToken_ShouldGenerateToken","DisplayName":"GenerateToken_ShouldGenerateToken","ExecutorUri":"executor://NUnit3TestExecutor","Source":"C:\\Users\\Lavanth\\Desktop\\Training\\Integration\\CozyHavenProject-main\\Cozy_Haven_Testing\\bin\\Debug\\net6.0\\fine-code-coverage\\build-output\\Cozy_Haven_Testing.dll","CodeFilePath":null,"LineNumber":0,"Properties":[{"Key":{"Id":"NUnit.Seed","Label":"Seed","Category":"","Description":"","Attributes":0,"ValueType":"System.String"},"Value":"252395658"}]},"Attachments":[],"Outcome":1,"ErrorMessage":null,"ErrorStackTrace":null,"DisplayName":"GenerateToken_ShouldGenerateToken","Messages":[],"ComputerName":"LAPTOP-KF6FN17R","Duration":"00:00:00.0762820","StartTime":"2024-03-10T09:46:02.7897667+00:00","EndTime":"2024-03-10T09:46:02.8660482+00:00","Properties":[{"Key":{"Id":"NUnit.Seed","Label":"Seed","Category":"","Description":"","Attributes":0,"ValueType":"System.String"},"Value":"252395658"}]},{"TestCase":{"Id":"080e2d92-2adb-3c24-af69-7d80e764a212","FullyQualifiedName":"Cozy_Haven_Testing.User_Testing.DeleteUserTest","DisplayName":"DeleteUserTest","ExecutorUri":"executor://NUnit3TestExecutor","Source":"C:\\Users\\Lavanth\\Desktop\\Training\\Integration\\CozyHavenProject-main\\Cozy_Haven_Testing\\bin\\Debug\\net6.0\\fine-code-coverage\\build-output\\Cozy_Haven_Testing.dll","CodeFilePath":null,"LineNumber":0,"Properties":[{"Key":{"Id":"NUnit.Seed","Label":"Seed","Category":"","Description":"","Attributes":0,"ValueType":"System.String"},"Value":"1156488104"}]},"Attachments":[],"Outcome":1,"ErrorMessage":null,"ErrorStackTrace":null,"DisplayName":"DeleteUserTest","Messages":[],"ComputerName":"LAPTOP-KF6FN17R","Duration":"00:00:00.0044790","StartTime":"2024-03-10T09:46:02.8661803+00:00","EndTime":"2024-03-10T09:46:02.8706591+00:00","Properties":[{"Key":{"Id":"NUnit.Seed","Label":"Seed","Category":"","Description":"","Attributes":0,"ValueType":"System.String"},"Value":"1156488104"}]},{"TestCase":{"Id":"6638769a-efde-fb8d-a986-157562a89af8","FullyQualifiedName":"Cozy_Haven_Testing.User_Testing.GetAllUsersTest","DisplayName":"GetAllUsersTest","ExecutorUri":"executor://NUnit3TestExecutor","Source":"C:\\Users\\Lavanth\\Desktop\\Training\\Integration\\CozyHavenProject-main\\Cozy_Haven_Testing\\bin\\Debug\\net6.0\\fine-code-coverage\\build-output\\Cozy_Haven_Testing.dll","CodeFilePath":null,"LineNumber":0,"Properties":[{"Key":{"Id":"NUnit.Seed","Label":"Seed","Category":"","Description":"","Attributes":0,"ValueType":"System.String"},"Value":"752841882"}]},"Attachments":[],"Outcome":1,"ErrorMessage":null,"ErrorStackTrace":null,"DisplayName":"GetAllUsersTest","Messages":[],"ComputerName":"LAPTOP-KF6FN17R","Duration":"00:00:00.0009830","StartTime":"2024-03-10T09:46:02.8706762+00:00","EndTime":"2024-03-10T09:46:02.8716592+00:00","Properties":[{"Key":{"Id":"NUnit.Seed","Label":"Seed","Category":"","Description":"","Attributes":0,"ValueType":"System.String"},"Value":"752841882"}]},{"TestCase":{"Id":"d315b381-62ac-162c-889d-5c22053f9195","FullyQualifiedName":"Cozy_Haven_Testing.User_Testing.GetHotelOwners","DisplayName":"GetHotelOwners","ExecutorUri":"executor://NUnit3TestExecutor","Source":"C:\\Users\\Lavanth\\Desktop\\Training\\Integration\\CozyHavenProject-main\\Cozy_Haven_Testing\\bin\\Debug\\net6.0\\fine-code-coverage\\build-output\\Cozy_Haven_Testing.dll","CodeFilePath":null,"LineNumber":0,"Properties":[{"Key":{"Id":"NUnit.Seed","Label":"Seed","Category":"","Description":"","Attributes":0,"ValueType":"System.String"},"Value":"705460747"}]},"Attachments":[],"Outcome":1,"ErrorMessage":null,"ErrorStackTrace":null,"DisplayName":"GetHotelOwners","Messages":[],"ComputerName":"LAPTOP-KF6FN17R","Duration":"00:00:00.0012669","StartTime":"2024-03-10T09:46:02.8716703+00:00","EndTime":"2024-03-10T09:46:02.8729369+00:00","Properties":[{"Key":{"Id":"NUnit.Seed","Label":"Seed","Category":"","Description":"","Attributes":0,"ValueType":"System.String"},"Value":"705460747"}]}],"TestRunStatistics":{"ExecutedTests":63,"Stats":{"Passed":59,"Failed":4}},"ActiveTests":[{"Id":"73347cba-f0ff-a3d9-1741-2be9694d922e","FullyQualifiedName":"Cozy_Haven_Testing.User_Testing.GetUserBookings","DisplayName":"GetUserBookings","ExecutorUri":"executor://NUnit3TestExecutor","Source":"C:\\Users\\Lavanth\\Desktop\\Training\\Integration\\CozyHavenProject-main\\Cozy_Haven_Testing\\bin\\Debug\\net6.0\\fine-code-coverage\\build-output\\Cozy_Haven_Testing.dll","CodeFilePath":null,"LineNumber":0,"Properties":[{"Key":{"Id":"NUnit.Seed","Label":"Seed","Category":"","Description":"","Attributes":0,"ValueType":"System.String"},"Value":"1314046677"}]}]}}
TpTrace Verbose: 0 : 27960, 7, 2024/03/10, 15:16:02.877, 3467466330594, vstest.console.dll, TestRunRequest:SendTestRunStatsChange: Starting.
TpTrace Verbose: 0 : 27960, 7, 2024/03/10, 15:16:02.877, 3467466331263, vstest.console.dll, InProgress is GetUserBookings
TpTrace Verbose: 0 : 27960, 7, 2024/03/10, 15:16:02.877, 3467466331823, vstest.console.dll, MulticastDelegateUtilities.SafeInvoke: TestRun.RunStatsChanged: Invoking callbacks was skipped because there are no subscribers.
TpTrace Information: 0 : 27960, 7, 2024/03/10, 15:16:02.877, 3467466332018, vstest.console.dll, TestRunRequest:SendTestRunStatsChange: Completed.
TpTrace Verbose: 0 : 27960, 7, 2024/03/10, 15:16:02.877, 3467466332230, vstest.console.dll, MulticastDelegateUtilities.SafeInvoke: LengthPrefixCommunicationChannel: MessageReceived: Invoking callback 1/1 for Microsoft.VisualStudio.TestPlatform.CommunicationUtilities.TestRequestSender+<>c__DisplayClass34_0., took 1 ms.
TpTrace Verbose: 0 : 27960, 7, 2024/03/10, 15:16:02.877, 3467466332468, vstest.console.dll, TcpClientExtensions.MessageLoopAsync: Polling on remoteEndPoint: 127.0.0.1:61963 localEndPoint: 127.0.0.1:61962
TpTrace Verbose: 0 : 27960, 4, 2024/03/10, 15:16:02.877, 3467466332710, vstest.console.dll, MulticastDelegateUtilities.SafeInvoke: InternalTestLoggerEvents.SendTestResult: Invoking callback 1/1 for Microsoft.VisualStudio.TestPlatform.CommandLine.Internal.ConsoleLogger., took 0 ms.
TpTrace Verbose: 0 : 27960, 4, 2024/03/10, 15:16:02.877, 3467466333588, vstest.console.dll, MulticastDelegateUtilities.SafeInvoke: InternalTestLoggerEvents.SendTestResult: Invoking callback 1/1 for Microsoft.VisualStudio.TestPlatform.CommandLine.Internal.ConsoleLogger., took 0 ms.
TpTrace Verbose: 0 : 27960, 4, 2024/03/10, 15:16:02.877, 3467466334018, vstest.console.dll, MulticastDelegateUtilities.SafeInvoke: InternalTestLoggerEvents.SendTestResult: Invoking callback 1/1 for Microsoft.VisualStudio.TestPlatform.CommandLine.Internal.ConsoleLogger., took 0 ms.
TpTrace Verbose: 0 : 27960, 4, 2024/03/10, 15:16:02.877, 3467466334395, vstest.console.dll, MulticastDelegateUtilities.SafeInvoke: InternalTestLoggerEvents.SendTestResult: Invoking callback 1/1 for Microsoft.VisualStudio.TestPlatform.CommandLine.Internal.ConsoleLogger., took 0 ms.
TpTrace Verbose: 0 : 27960, 4, 2024/03/10, 15:16:02.877, 3467466334753, vstest.console.dll, MulticastDelegateUtilities.SafeInvoke: InternalTestLoggerEvents.SendTestResult: Invoking callback 1/1 for Microsoft.VisualStudio.TestPlatform.CommandLine.Internal.ConsoleLogger., took 0 ms.
TpTrace Verbose: 0 : 27960, 4, 2024/03/10, 15:16:02.877, 3467466335108, vstest.console.dll, MulticastDelegateUtilities.SafeInvoke: InternalTestLoggerEvents.SendTestResult: Invoking callback 1/1 for Microsoft.VisualStudio.TestPlatform.CommandLine.Internal.ConsoleLogger., took 0 ms.
TpTrace Verbose: 0 : 27960, 4, 2024/03/10, 15:16:02.877, 3467466335443, vstest.console.dll, MulticastDelegateUtilities.SafeInvoke: InternalTestLoggerEvents.SendTestResult: Invoking callback 1/1 for Microsoft.VisualStudio.TestPlatform.CommandLine.Internal.ConsoleLogger., took 0 ms.
TpTrace Verbose: 0 : 27960, 4, 2024/03/10, 15:16:02.877, 3467466335760, vstest.console.dll, MulticastDelegateUtilities.SafeInvoke: InternalTestLoggerEvents.SendTestResult: Invoking callback 1/1 for Microsoft.VisualStudio.TestPlatform.CommandLine.Internal.ConsoleLogger., took 0 ms.
TpTrace Verbose: 0 : 27960, 4, 2024/03/10, 15:16:02.877, 3467466336087, vstest.console.dll, MulticastDelegateUtilities.SafeInvoke: InternalTestLoggerEvents.SendTestResult: Invoking callback 1/1 for Microsoft.VisualStudio.TestPlatform.CommandLine.Internal.ConsoleLogger., took 0 ms.
TpTrace Verbose: 0 : 27960, 7, 2024/03/10, 15:16:02.897, 3467466529947, vstest.console.dll, TcpClientExtensions.MessageLoopAsync: NotifyDataAvailable remoteEndPoint: 127.0.0.1:61963 localEndPoint: 127.0.0.1:61962
TpTrace Verbose: 0 : 27960, 7, 2024/03/10, 15:16:02.897, 3467466531655, vstest.console.dll, TestRequestSender.OnExecutionMessageReceived: Received message: {"Version":5,"MessageType":"TestSession.Message","Payload":{"MessageLevel":0,"Message":"NUnit Adapter 4.2.0.0: Test execution complete"}}
TpTrace Verbose: 0 : 27960, 7, 2024/03/10, 15:16:02.897, 3467466532905, vstest.console.dll, TestRunRequest:SendTestRunMessage: Starting.
TpTrace Verbose: 0 : 27960, 7, 2024/03/10, 15:16:02.897, 3467466533482, vstest.console.dll, MulticastDelegateUtilities.SafeInvoke: TestRun.LogMessages: Invoking callback 1/1 for Microsoft.VisualStudio.TestPlatform.CommandLine.TestRunResultAggregator., took 0 ms.
TpTrace Information: 0 : 27960, 7, 2024/03/10, 15:16:02.897, 3467466533743, vstest.console.dll, TestRunRequest:SendTestRunMessage: Completed.
TpTrace Verbose: 0 : 27960, 4, 2024/03/10, 15:16:02.897, 3467466533790, vstest.console.dll, MulticastDelegateUtilities.SafeInvoke: InternalTestLoggerEvents.SendTestRunMessage: Invoking callback 1/1 for Microsoft.VisualStudio.TestPlatform.CommandLine.Internal.ConsoleLogger., took 0 ms.
TpTrace Verbose: 0 : 27960, 7, 2024/03/10, 15:16:02.897, 3467466534515, vstest.console.dll, MulticastDelegateUtilities.SafeInvoke: LengthPrefixCommunicationChannel: MessageReceived: Invoking callback 1/1 for Microsoft.VisualStudio.TestPlatform.CommunicationUtilities.TestRequestSender+<>c__DisplayClass34_0., took 0 ms.
TpTrace Verbose: 0 : 27960, 7, 2024/03/10, 15:16:02.897, 3467466534918, vstest.console.dll, TcpClientExtensions.MessageLoopAsync: Polling on remoteEndPoint: 127.0.0.1:61963 localEndPoint: 127.0.0.1:61962
TpTrace Verbose: 0 : 27960, 7, 2024/03/10, 15:16:02.910, 3467466661275, vstest.console.dll, TcpClientExtensions.MessageLoopAsync: NotifyDataAvailable remoteEndPoint: 127.0.0.1:61963 localEndPoint: 127.0.0.1:61962
TpTrace Verbose: 0 : 27960, 7, 2024/03/10, 15:16:02.910, 3467466663111, vstest.console.dll, TestRequestSender.OnExecutionMessageReceived: Received message: {"Version":5,"MessageType":"TestExecution.Completed","Payload":{"TestRunCompleteArgs":{"TestRunStatistics":{"ExecutedTests":71,"Stats":{"Passed":67,"Failed":4}},"IsCanceled":false,"IsAborted":false,"Error":null,"AttachmentSets":[],"ElapsedTimeInRunningTests":"00:00:02.3706317","Metrics":{}},"LastRunTests":{"NewTestResults":[{"TestCase":{"Id":"73347cba-f0ff-a3d9-1741-2be9694d922e","FullyQualifiedName":"Cozy_Haven_Testing.User_Testing.GetUserBookings","DisplayName":"GetUserBookings","ExecutorUri":"executor://NUnit3TestExecutor","Source":"C:\\Users\\Lavanth\\Desktop\\Training\\Integration\\CozyHavenProject-main\\Cozy_Haven_Testing\\bin\\Debug\\net6.0\\fine-code-coverage\\build-output\\Cozy_Haven_Testing.dll","CodeFilePath":null,"LineNumber":0,"Properties":[{"Key":{"Id":"NUnit.Seed","Label":"Seed","Category":"","Description":"","Attributes":0,"ValueType":"System.String"},"Value":"1314046677"}]},"Attachments":[],"Outcome":1,"ErrorMessage":null,"ErrorStackTrace":null,"DisplayName":"GetUserBookings","Messages":[],"ComputerName":"LAPTOP-KF6FN17R","Duration":"00:00:00.0015969","StartTime":"2024-03-10T09:46:02.8729477+00:00","EndTime":"2024-03-10T09:46:02.874545+00:00","Properties":[{"Key":{"Id":"NUnit.Seed","Label":"Seed","Category":"","Description":"","Attributes":0,"ValueType":"System.String"},"Value":"1314046677"}]},{"TestCase":{"Id":"b10bc798-000a-ed58-c1b6-affee3e8744d","FullyQualifiedName":"Cozy_Haven_Testing.User_Testing.GetUserByUsernameOrEmail_UserExists_ReturnsUser","DisplayName":"GetUserByUsernameOrEmail_UserExists_ReturnsUser","ExecutorUri":"executor://NUnit3TestExecutor","Source":"C:\\Users\\Lavanth\\Desktop\\Training\\Integration\\CozyHavenProject-main\\Cozy_Haven_Testing\\bin\\Debug\\net6.0\\fine-code-coverage\\build-output\\Cozy_Haven_Testing.dll","CodeFilePath":null,"LineNumber":0,"Properties":[{"Key":{"Id":"NUnit.Seed","Label":"Seed","Category":"","Description":"","Attributes":0,"ValueType":"System.String"},"Value":"289555968"}]},"Attachments":[],"Outcome":1,"ErrorMessage":null,"ErrorStackTrace":null,"DisplayName":"GetUserByUsernameOrEmail_UserExists_ReturnsUser","Messages":[],"ComputerName":"LAPTOP-KF6FN17R","Duration":"00:00:00.0011610","StartTime":"2024-03-10T09:46:02.8745559+00:00","EndTime":"2024-03-10T09:46:02.8757166+00:00","Properties":[{"Key":{"Id":"NUnit.Seed","Label":"Seed","Category":"","Description":"","Attributes":0,"ValueType":"System.String"},"Value":"289555968"}]},{"TestCase":{"Id":"c10edc3d-9802-7e21-29d7-25bd4835ba40","FullyQualifiedName":"Cozy_Haven_Testing.User_Testing.GetUserFavorites","DisplayName":"GetUserFavorites","ExecutorUri":"executor://NUnit3TestExecutor","Source":"C:\\Users\\Lavanth\\Desktop\\Training\\Integration\\CozyHavenProject-main\\Cozy_Haven_Testing\\bin\\Debug\\net6.0\\fine-code-coverage\\build-output\\Cozy_Haven_Testing.dll","CodeFilePath":null,"LineNumber":0,"Properties":[{"Key":{"Id":"NUnit.Seed","Label":"Seed","Category":"","Description":"","Attributes":0,"ValueType":"System.String"},"Value":"109220537"}]},"Attachments":[],"Outcome":1,"ErrorMessage":null,"ErrorStackTrace":null,"DisplayName":"GetUserFavorites","Messages":[],"ComputerName":"LAPTOP-KF6FN17R","Duration":"00:00:00.0032390","StartTime":"2024-03-10T09:46:02.875727+00:00","EndTime":"2024-03-10T09:46:02.8789657+00:00","Properties":[{"Key":{"Id":"NUnit.Seed","Label":"Seed","Category":"","Description":"","Attributes":0,"ValueType":"System.String"},"Value":"109220537"}]},{"TestCase":{"Id":"b8ccf4e6-3c8c-69c0-e7a2-d9eb16cb1fe0","FullyQualifiedName":"Cozy_Haven_Testing.User_Testing.GetUserReviews","DisplayName":"GetUserReviews","ExecutorUri":"executor://NUnit3TestExecutor","Source":"C:\\Users\\Lavanth\\Desktop\\Training\\Integration\\CozyHavenProject-main\\Cozy_Haven_Testing\\bin\\Debug\\net6.0\\fine-code-coverage\\build-output\\Cozy_Haven_Testing.dll","CodeFilePath":null,"LineNumber":0,"Properties":[{"Key":{"Id":"NUnit.Seed","Label":"Seed","Category":"","Description":"","Attributes":0,"ValueType":"System.String"},"Value":"1869662517"}]},"Attachments":[],"Outcome":1,"ErrorMessage":null,"ErrorStackTrace":null,"DisplayName":"GetUserReviews","Messages":[],"ComputerName":"LAPTOP-KF6FN17R","Duration":"00:00:00.0015700","StartTime":"2024-03-10T09:46:02.8789806+00:00","EndTime":"2024-03-10T09:46:02.8805487+00:00","Properties":[{"Key":{"Id":"NUnit.Seed","Label":"Seed","Category":"","Description":"","Attributes":0,"ValueType":"System.String"},"Value":"1869662517"}]},{"TestCase":{"Id":"2863f28e-76f6-a85c-2897-c4098ef915bf","FullyQualifiedName":"Cozy_Haven_Testing.User_Testing.GetUserTest","DisplayName":"GetUserTest","ExecutorUri":"executor://NUnit3TestExecutor","Source":"C:\\Users\\Lavanth\\Desktop\\Training\\Integration\\CozyHavenProject-main\\Cozy_Haven_Testing\\bin\\Debug\\net6.0\\fine-code-coverage\\build-output\\Cozy_Haven_Testing.dll","CodeFilePath":null,"LineNumber":0,"Properties":[{"Key":{"Id":"NUnit.Seed","Label":"Seed","Category":"","Description":"","Attributes":0,"ValueType":"System.String"},"Value":"795329783"}]},"Attachments":[],"Outcome":1,"ErrorMessage":null,"ErrorStackTrace":null,"DisplayName":"GetUserTest","Messages":[],"ComputerName":"LAPTOP-KF6FN17R","Duration":"00:00:00.0008970","StartTime":"2024-03-10T09:46:02.8805678+00:00","EndTime":"2024-03-10T09:46:02.8814643+00:00","Properties":[{"Key":{"Id":"NUnit.Seed","Label":"Seed","Category":"","Description":"","Attributes":0,"ValueType":"System.String"},"Value":"795329783"}]},{"TestCase":{"Id":"c14ecf2e-318a-cc57-482e-f6a91d1fdf7a","FullyQualifiedName":"Cozy_Haven_Testing.User_Testing.LoginSuccessTest","DisplayName":"LoginSuccessTest","ExecutorUri":"executor://NUnit3TestExecutor","Source":"C:\\Users\\Lavanth\\Desktop\\Training\\Integration\\CozyHavenProject-main\\Cozy_Haven_Testing\\bin\\Debug\\net6.0\\fine-code-coverage\\build-output\\Cozy_Haven_Testing.dll","CodeFilePath":null,"LineNumber":0,"Properties":[{"Key":{"Id":"NUnit.Seed","Label":"Seed","Category":"","Description":"","Attributes":0,"ValueType":"System.String"},"Value":"1493090328"}]},"Attachments":[],"Outcome":1,"ErrorMessage":null,"ErrorStackTrace":null,"DisplayName":"LoginSuccessTest","Messages":[],"ComputerName":"LAPTOP-KF6FN17R","Duration":"00:00:00.0026390","StartTime":"2024-03-10T09:46:02.8814743+00:00","EndTime":"2024-03-10T09:46:02.8841128+00:00","Properties":[{"Key":{"Id":"NUnit.Seed","Label":"Seed","Category":"","Description":"","Attributes":0,"ValueType":"System.String"},"Value":"1493090328"}]},{"TestCase":{"Id":"e434edc9-198f-cd7d-bed3-f3522f4665bb","FullyQualifiedName":"Cozy_Haven_Testing.User_Testing.RegisterSuccessTest","DisplayName":"RegisterSuccessTest","ExecutorUri":"executor://NUnit3TestExecutor","Source":"C:\\Users\\Lavanth\\Desktop\\Training\\Integration\\CozyHavenProject-main\\Cozy_Haven_Testing\\bin\\Debug\\net6.0\\fine-code-coverage\\build-output\\Cozy_Haven_Testing.dll","CodeFilePath":null,"LineNumber":0,"Properties":[{"Key":{"Id":"NUnit.Seed","Label":"Seed","Category":"","Description":"","Attributes":0,"ValueType":"System.String"},"Value":"1336422878"}]},"Attachments":[],"Outcome":1,"ErrorMessage":null,"ErrorStackTrace":null,"DisplayName":"RegisterSuccessTest","Messages":[],"ComputerName":"LAPTOP-KF6FN17R","Duration":"00:00:00.0019060","StartTime":"2024-03-10T09:46:02.8841244+00:00","EndTime":"2024-03-10T09:46:02.8860299+00:00","Properties":[{"Key":{"Id":"NUnit.Seed","Label":"Seed","Category":"","Description":"","Attributes":0,"ValueType":"System.String"},"Value":"1336422878"}]},{"TestCase":{"Id":"5c821cb4-c860-816d-d0e3-d3ed33452cbd","FullyQualifiedName":"Cozy_Haven_Testing.User_Testing.UpdatePasswordTest","DisplayName":"UpdatePasswordTest","ExecutorUri":"executor://NUnit3TestExecutor","Source":"C:\\Users\\Lavanth\\Desktop\\Training\\Integration\\CozyHavenProject-main\\Cozy_Haven_Testing\\bin\\Debug\\net6.0\\fine-code-coverage\\build-output\\Cozy_Haven_Testing.dll","CodeFilePath":null,"LineNumber":0,"Properties":[{"Key":{"Id":"NUnit.Seed","Label":"Seed","Category":"","Description":"","Attributes":0,"ValueType":"System.String"},"Value":"1103805278"}]},"Attachments":[],"Outcome":1,"ErrorMessage":null,"ErrorStackTrace":null,"DisplayName":"UpdatePasswordTest","Messages":[],"ComputerName":"LAPTOP-KF6FN17R","Duration":"00:00:00.0019589","StartTime":"2024-03-10T09:46:02.8860404+00:00","EndTime":"2024-03-10T09:46:02.887999+00:00","Properties":[{"Key":{"Id":"NUnit.Seed","Label":"Seed","Category":"","Description":"","Attributes":0,"ValueType":"System.String"},"Value":"1103805278"}]}],"TestRunStatistics":{"ExecutedTests":71,"Stats":{"Passed":67,"Failed":4}},"ActiveTests":[]},"RunAttachments":[],"ExecutorUris":["executor://nunit3testexecutor/"]}}
TpTrace Verbose: 0 : 27960, 7, 2024/03/10, 15:16:02.910, 3467466664338, vstest.console.dll, TestRequestSender.EndSession: Sending end session.
TpTrace Verbose: 0 : 27960, 7, 2024/03/10, 15:16:02.910, 3467466665659, vstest.console.dll, ProxyOperationManager.Close: waiting for test host to exit for 100 ms
TpTrace Verbose: 0 : 27960, 13, 2024/03/10, 15:16:02.922, 3467466781083, vstest.console.dll, TestHostManagerCallbacks.ctor: Experimental forwarding output is disabled.
TpTrace Warning: 0 : 27960, 13, 2024/03/10, 15:16:02.922, 3467466782319, vstest.console.dll, TestHostManagerCallbacks.ErrorReceivedCallback Test host standard error line: 
TpTrace Verbose: 0 : 27960, 13, 2024/03/10, 15:16:02.929, 3467466848398, vstest.console.dll, TestHostProvider.ExitCallBack: Host exited starting callback.
TpTrace Information: 0 : 27960, 13, 2024/03/10, 15:16:02.929, 3467466850149, vstest.console.dll, TestHostManagerCallbacks.ExitCallBack: Testhost processId: 13860 exited with exitcode: 0 error: ''
TpTrace Verbose: 0 : 27960, 13, 2024/03/10, 15:16:02.929, 3467466850462, vstest.console.dll, DotnetTestHostManager.OnHostExited: invoking OnHostExited callback
TpTrace Verbose: 0 : 27960, 13, 2024/03/10, 15:16:02.929, 3467466850892, vstest.console.dll, CrossPlatEngine.TestHostManagerHostExited: calling on client process exit callback.
TpTrace Information: 0 : 27960, 13, 2024/03/10, 15:16:02.929, 3467466851303, vstest.console.dll, TestRequestSender.OnClientProcessExit: Test host process exited. Standard error: 
TpTrace Information: 0 : 27960, 13, 2024/03/10, 15:16:02.929, 3467466851570, vstest.console.dll, SocketServer.Stop: Stop server endPoint: 127.0.0.1:61962
TpTrace Information: 0 : 27960, 13, 2024/03/10, 15:16:02.929, 3467466851748, vstest.console.dll, SocketServer.Stop: Cancellation requested. Stopping message loop.
TpTrace Information: 0 : 27960, 7, 2024/03/10, 15:16:02.929, 3467466851715, vstest.console.dll, SocketServer.Stop: Stop server endPoint: 127.0.0.1:61962
TpTrace Information: 0 : 27960, 7, 2024/03/10, 15:16:02.929, 3467466852424, vstest.console.dll, SocketServer.Stop: Cancellation requested. Stopping message loop.
TpTrace Verbose: 0 : 27960, 13, 2024/03/10, 15:16:02.929, 3467466852540, vstest.console.dll, MulticastDelegateUtilities.SafeInvoke: HostProviderEvents.OnHostExited: Invoking callback 1/1 for Microsoft.VisualStudio.TestPlatform.CrossPlatEngine.Client.ProxyOperationManager., took 0 ms.
TpTrace Information: 0 : 27960, 7, 2024/03/10, 15:16:02.929, 3467466852860, vstest.console.dll, Closing the connection
TpTrace Verbose: 0 : 27960, 7, 2024/03/10, 15:16:02.929, 3467466854649, vstest.console.dll, ProxyDataCollectionManager.InvokeDataCollectionServiceAction: Starting.
TpTrace Information: 0 : 27960, 7, 2024/03/10, 15:16:02.929, 3467466855058, vstest.console.dll, ProxyDataCollectionManager.AfterTestRunEnd: Get attachment set and invoked data collectors processId: 23740 port: 61959
TpTrace Verbose: 0 : 27960, 7, 2024/03/10, 15:16:02.929, 3467466855458, vstest.console.dll, DataCollectionRequestSender.SendAfterTestRunStartAndGetResult: Send AfterTestRunEnd message with isCancelled: False
TpTrace Verbose: 0 : 27960, 7, 2024/03/10, 15:16:02.934, 3467466900108, vstest.console.dll, DataCollectionRequestSender.SendAfterTestRunStartAndGetResult: Received message: (DataCollection.AfterTestRunEndResult) -> {"MessageType":"DataCollection.AfterTestRunEndResult","Payload":{"AttachmentSets":[],"InvokedDataCollectors":[{"Uri":"datacollector://Microsoft/TestPlatform/Extensions/Blame/v1","FriendlyName":"Blame","AssemblyQualifiedName":"Microsoft.TestPlatform.Extensions.BlameDataCollector.BlameCollector, Microsoft.TestPlatform.Extensions.BlameDataCollector, Version=15.0.0.0, Culture=neutral, PublicKeyToken=b03f5f7f11d50a3a","FilePath":"C:\\Program Files\\dotnet\\sdk\\8.0.101\\Extensions\\Microsoft.TestPlatform.Extensions.BlameDataCollector.dll","HasAttachmentProcessor":false}],"Metrics":{}}}
TpTrace Information: 0 : 27960, 7, 2024/03/10, 15:16:02.937, 3467466934298, vstest.console.dll, ProxyDataCollectionManager.InvokeDataCollectionServiceAction: Completed.
TpTrace Warning: 0 : 27960, 11, 2024/03/10, 15:16:02.938, 3467466943450, vstest.console.dll, DataCollectionLauncher.ErrorReceivedCallback datacollector standard error line: 
TpTrace Information: 0 : 27960, 11, 2024/03/10, 15:16:02.943, 3467466987667, vstest.console.dll, DataCollectionLauncher.ExitCallBack: Data collector exited with exitcode: 0 error: ''
TpTrace Verbose: 0 : 27960, 7, 2024/03/10, 15:16:02.964, 3467467199230, vstest.console.dll, TestRunRequest:SendTestRunStatsChange: Starting.
TpTrace Verbose: 0 : 27960, 7, 2024/03/10, 15:16:02.964, 3467467200200, vstest.console.dll, MulticastDelegateUtilities.SafeInvoke: TestRun.RunStatsChanged: Invoking callbacks was skipped because there are no subscribers.
TpTrace Information: 0 : 27960, 7, 2024/03/10, 15:16:02.964, 3467467200405, vstest.console.dll, TestRunRequest:SendTestRunStatsChange: Completed.
TpTrace Verbose: 0 : 27960, 4, 2024/03/10, 15:16:02.964, 3467467200911, vstest.console.dll, MulticastDelegateUtilities.SafeInvoke: InternalTestLoggerEvents.SendTestResult: Invoking callback 1/1 for Microsoft.VisualStudio.TestPlatform.CommandLine.Internal.ConsoleLogger., took 0 ms.
TpTrace Verbose: 0 : 27960, 4, 2024/03/10, 15:16:02.964, 3467467201529, vstest.console.dll, MulticastDelegateUtilities.SafeInvoke: InternalTestLoggerEvents.SendTestResult: Invoking callback 1/1 for Microsoft.VisualStudio.TestPlatform.CommandLine.Internal.ConsoleLogger., took 0 ms.
TpTrace Verbose: 0 : 27960, 4, 2024/03/10, 15:16:02.964, 3467467201951, vstest.console.dll, MulticastDelegateUtilities.SafeInvoke: InternalTestLoggerEvents.SendTestResult: Invoking callback 1/1 for Microsoft.VisualStudio.TestPlatform.CommandLine.Internal.ConsoleLogger., took 0 ms.
TpTrace Verbose: 0 : 27960, 7, 2024/03/10, 15:16:02.964, 3467467201973, vstest.console.dll, ParallelProxyExecutionManager: HandlePartialRunComplete: Total workloads = 1, Total started clients = 1 Total completed clients = 1, Run complete = True, Run canceled: False.
TpTrace Verbose: 0 : 27960, 4, 2024/03/10, 15:16:02.964, 3467467202361, vstest.console.dll, MulticastDelegateUtilities.SafeInvoke: InternalTestLoggerEvents.SendTestResult: Invoking callback 1/1 for Microsoft.VisualStudio.TestPlatform.CommandLine.Internal.ConsoleLogger., took 0 ms.
TpTrace Verbose: 0 : 27960, 7, 2024/03/10, 15:16:02.964, 3467467202789, vstest.console.dll, ParallelProxyExecutionManager: HandlePartialRunComplete: All runs completed stopping all managers.
TpTrace Verbose: 0 : 27960, 4, 2024/03/10, 15:16:02.964, 3467467202847, vstest.console.dll, MulticastDelegateUtilities.SafeInvoke: InternalTestLoggerEvents.SendTestResult: Invoking callback 1/1 for Microsoft.VisualStudio.TestPlatform.CommandLine.Internal.ConsoleLogger., took 0 ms.
TpTrace Verbose: 0 : 27960, 7, 2024/03/10, 15:16:02.964, 3467467203198, vstest.console.dll, ParallelOperationManager.StopAllManagers: Stopping all managers.
TpTrace Verbose: 0 : 27960, 4, 2024/03/10, 15:16:02.964, 3467467203727, vstest.console.dll, MulticastDelegateUtilities.SafeInvoke: InternalTestLoggerEvents.SendTestResult: Invoking callback 1/1 for Microsoft.VisualStudio.TestPlatform.CommandLine.Internal.ConsoleLogger., took 0 ms.
TpTrace Verbose: 0 : 27960, 7, 2024/03/10, 15:16:02.964, 3467467203786, vstest.console.dll, ParallelOperationManager.ClearSlots: Clearing all slots. Slots should accept more work: False
TpTrace Verbose: 0 : 27960, 4, 2024/03/10, 15:16:02.964, 3467467204140, vstest.console.dll, MulticastDelegateUtilities.SafeInvoke: InternalTestLoggerEvents.SendTestResult: Invoking callback 1/1 for Microsoft.VisualStudio.TestPlatform.CommandLine.Internal.ConsoleLogger., took 0 ms.
TpTrace Verbose: 0 : 27960, 7, 2024/03/10, 15:16:02.964, 3467467204634, vstest.console.dll, ParallelOperationManager.SetOccupiedSlotCount: Setting slot counts AvailableSlotCount = 1, OccupiedSlotCount = 0.
TpTrace Verbose: 0 : 27960, 4, 2024/03/10, 15:16:02.964, 3467467204802, vstest.console.dll, MulticastDelegateUtilities.SafeInvoke: InternalTestLoggerEvents.SendTestResult: Invoking callback 1/1 for Microsoft.VisualStudio.TestPlatform.CommandLine.Internal.ConsoleLogger., took 0 ms.
TpTrace Verbose: 0 : 27960, 7, 2024/03/10, 15:16:02.964, 3467467204994, vstest.console.dll, Occupied slots:

TpTrace Verbose: 0 : 27960, 4, 2024/03/10, 15:16:02.971, 3467467276157, vstest.console.dll, MulticastDelegateUtilities.SafeInvoke: InternalTestLoggerEvents.SendTestRunComplete: Invoking callback 1/2 for Microsoft.TestPlatform.Extensions.BlameDataCollector.BlameLogger., took 0 ms.
TpTrace Verbose: 0 : 27960, 4, 2024/03/10, 15:16:02.977, 3467467327280, vstest.console.dll, MulticastDelegateUtilities.SafeInvoke: InternalTestLoggerEvents.SendTestRunComplete: Invoking callback 2/2 for Microsoft.VisualStudio.TestPlatform.CommandLine.Internal.ConsoleLogger., took 5 ms.
TpTrace Verbose: 0 : 27960, 7, 2024/03/10, 15:16:02.977, 3467467332063, vstest.console.dll, TestRunRequest:TestRunComplete: Starting. IsAborted:False IsCanceled:False.
TpTrace Verbose: 0 : 27960, 7, 2024/03/10, 15:16:02.977, 3467467334196, vstest.console.dll, ParallelOperationManager.DoActionOnAllManagers: Calling an action on all managers.
TpTrace Verbose: 0 : 27960, 7, 2024/03/10, 15:16:02.978, 3467467343986, vstest.console.dll, TestLoggerManager.HandleTestRunComplete: Ignoring as the object is disposed.
TpTrace Verbose: 0 : 27960, 7, 2024/03/10, 15:16:02.978, 3467467345361, vstest.console.dll, MulticastDelegateUtilities.SafeInvoke: TestRun.TestRunComplete: Invoking callback 1/2 for Microsoft.VisualStudio.TestPlatform.CommandLine.TestRunResultAggregator., took 0 ms.
TpTrace Verbose: 0 : 27960, 7, 2024/03/10, 15:16:02.978, 3467467346288, vstest.console.dll, MulticastDelegateUtilities.SafeInvoke: TestRun.TestRunComplete: Invoking callback 2/2 for Microsoft.VisualStudio.TestPlatform.CommandLine.Processors.RunTestsArgumentExecutor+TestRunRequestEventsRegistrar., took 0 ms.
TpTrace Information: 0 : 27960, 7, 2024/03/10, 15:16:02.979, 3467467347032, vstest.console.dll, TestRunRequest:TestRunComplete: Completed.
TpTrace Verbose: 0 : 27960, 7, 2024/03/10, 15:16:02.979, 3467467347317, vstest.console.dll, TestRequestSender.SetOperationComplete: Setting operation complete.
TpTrace Verbose: 0 : 27960, 1, 2024/03/10, 15:16:02.979, 3467467347358, vstest.console.dll, TestRunRequest.Dispose: Starting.
TpTrace Information: 0 : 27960, 1, 2024/03/10, 15:16:02.979, 3467467348069, vstest.console.dll, TestRunRequest.Dispose: Completed.
TpTrace Information: 0 : 27960, 7, 2024/03/10, 15:16:02.979, 3467467348105, vstest.console.dll, SocketServer.Stop: Stop server endPoint: 127.0.0.1:61962
TpTrace Information: 0 : 27960, 7, 2024/03/10, 15:16:02.979, 3467467348743, vstest.console.dll, SocketServer.Stop: Cancellation requested. Stopping message loop.
TpTrace Information: 0 : 27960, 1, 2024/03/10, 15:16:02.979, 3467467348895, vstest.console.dll, TestRequestManager.RunTests: run tests completed.
TpTrace Verbose: 0 : 27960, 7, 2024/03/10, 15:16:02.979, 3467467349025, vstest.console.dll, MulticastDelegateUtilities.SafeInvoke: LengthPrefixCommunicationChannel: MessageReceived: Invoking callback 1/1 for Microsoft.VisualStudio.TestPlatform.CommunicationUtilities.TestRequestSender+<>c__DisplayClass34_0., took 68 ms.
TpTrace Information: 0 : 27960, 7, 2024/03/10, 15:16:02.979, 3467467349493, vstest.console.dll, SocketServer.PrivateStop: Stopping server endPoint: 127.0.0.1:61962 error: 
TpTrace Information: 0 : 27960, 1, 2024/03/10, 15:16:02.979, 3467467349890, vstest.console.dll, RunTestsArgumentProcessor:Execute: Test run is completed.
TpTrace Verbose: 0 : 27960, 1, 2024/03/10, 15:16:02.979, 3467467352375, vstest.console.dll, Executor.Execute: Exiting with exit code of 1
TpTrace Verbose: 0 : 27960, 7, 2024/03/10, 15:16:02.979, 3467467354376, vstest.console.dll, LengthPrefixCommunicationChannel.Dispose: Dispose reader and writer.
TpTrace Information: 0 : 27960, 7, 2024/03/10, 15:16:02.979, 3467467355886, vstest.console.dll, SocketServer.Stop: Raise disconnected event endPoint: 127.0.0.1:61962 error: 
TpTrace Verbose: 0 : 27960, 7, 2024/03/10, 15:16:02.980, 3467467356755, vstest.console.dll, TestRequestSender: OnTestRunAbort: Operation is already complete. Skip error message.
TpTrace Verbose: 0 : 27960, 7, 2024/03/10, 15:16:02.980, 3467467357412, vstest.console.dll, MulticastDelegateUtilities.SafeInvoke: SocketServer: ClientDisconnected: Invoking callback 1/1 for Microsoft.VisualStudio.TestPlatform.CommunicationUtilities.TestRequestSender., took 0 ms.
TpTrace Verbose: 0 : 27960, 7, 2024/03/10, 15:16:02.980, 3467467357725, vstest.console.dll, TcpClientExtensions.MessageLoopAsync: exiting MessageLoopAsync remoteEndPoint: 127.0.0.1:61963 localEndPoint: 127.0.0.1:61962
